2026-04-20 07:31:24 | INFO | SYSTEM  | 训练任务开始 | run_dir=outputs/150-8-no2-90-nob1_train_20260420_073123 | timer_source=ui | elapsed=00:00:03
2026-04-20 07:31:24 | INFO | SYSTEM  | 训练模式 | mode=fresh | checkpoint=n/a
2026-04-20 07:31:24 | INFO | SYSTEM  | Running mode: enhanced (default)
2026-04-20 07:31:24 | INFO | SYSTEM  | - SIMBA: partial
2026-04-20 07:31:24 | INFO | SYSTEM  | - BoNet: partial
2026-04-20 07:31:24 | INFO | SYSTEM  | Mode note: Engineering-enhanced multimodal framework.
2026-04-20 07:31:25 | INFO | SYSTEM  | 运行环境 | python=3.12.12 | packaged by Anaconda, Inc. | (main, Oct 21 2025, 20:16:04) [GCC 11.2.0] | executable=/home/lqw/anaconda3/envs/MyBysj/bin/python | platform=Linux-6.6.87.2-microsoft-standard-WSL2-x86_64-with-glibc2.39 | is_wsl=True | filesystem_encoding=utf-8 | preferred_encoding=UTF-8 | stdout_encoding=utf-8
2026-04-20 07:31:25 | INFO | SYSTEM  | 依赖版本 | torch=2.10.0+cu130 | torchvision=0.25.0+cu130 | torchaudio=2.10.0+cu130 | numpy=2.4.2 | pandas=3.0.0 | cuda_build=13.0 | torch_cuda_built=True | amp_available=True | compile_available=True | triton_available=True
2026-04-20 07:31:25 | INFO | SYSTEM  | 设备环境 | requested_device=cuda:0 | selected_device=cuda:0 | cuda_available=True | device_count=1 | gpus=['NVIDIA GeForce RTX 3060 Laptop GPU'] | nvidia_smi=driver=591.86 | gpus=['NVIDIA GeForce RTX 3060 Laptop GPU'] | device_nodes=['/dev/dxg'] | deterministic=False | cudnn_benchmark=True | tf32_matmul=True | tf32_cudnn=True | matmul_precision=high
2026-04-20 07:31:25 | INFO | SYSTEM  | 数据检查 | split=train | matched=5491 | missing_image=0 | missing_csv=0 | missing_roi=0 | duplicate_csv=0 | duplicate_image=0 | duplicate_roi=0 | unreadable=0
2026-04-20 07:31:25 | INFO | SYSTEM  | 数据检查 | split=val | matched=713 | missing_image=0 | missing_csv=0 | missing_roi=0 | duplicate_csv=0 | duplicate_image=0 | duplicate_roi=0 | unreadable=0
2026-04-20 07:31:25 | INFO | SYSTEM  | 数据检查 | split=test | matched=79 | missing_image=0 | missing_csv=0 | missing_roi=0 | duplicate_csv=0 | duplicate_image=0 | duplicate_roi=0 | unreadable=0
2026-04-20 07:31:25 | INFO | SYSTEM  | Image normalization | source=auto_train_stats | mean=0.58058435 | std=0.32301837 | cache=dataset/dataset/train_mean_std.json
2026-04-20 07:31:25 | INFO | SYSTEM  | 图像输入 | loader=cv2.IMREAD_GRAYSCALE | channels=1
2026-04-20 07:31:25 | INFO | SYSTEM  | 数据摘要 | split=train | matched=5491 | used=5491 | csv_columns=['ID', 'Male', 'Boneage', 'Chronological'] | sex_field=Male | chronological_field=Chronological | boneage_field=Boneage | image_ext=['.png'] | missing_target_in_used=0 | chronological_range={'min': 10.0, 'max': 242.0} | boneage_range={'min': 12.0, 'max': 228.0}
2026-04-20 07:31:25 | INFO | SYSTEM  | 数据摘要 | split=val | matched=713 | used=713 | csv_columns=['ID', 'Male', 'Boneage', 'Chronological'] | sex_field=Male | chronological_field=Chronological | boneage_field=Boneage | image_ext=['.png'] | missing_target_in_used=0 | chronological_range={'min': 11.0, 'max': 265.0} | boneage_range={'min': 12.0, 'max': 228.0}
2026-04-20 07:31:25 | INFO | SYSTEM  | 数据摘要 | split=test | matched=79 | used=79 | csv_columns=['ID', 'Male', 'Chronological'] | sex_field=Male | chronological_field=Chronological | boneage_field=None | image_ext=['.png'] | missing_target_in_used=79 | chronological_range={'min': 29.0, 'max': 201.0} | boneage_range=None
2026-04-20 07:31:25 | INFO | SYSTEM  | CONFIG SUMMARY:
2026-04-20 07:31:25 | INFO | SYSTEM  | - model type: SingleBackboneModel(resnet18)
2026-04-20 07:31:25 | INFO | SYSTEM  | - metadata mode: mlp | inputs: male, chronological
2026-04-20 07:31:25 | INFO | SYSTEM  | - structure switches: ensemble=resnet | branch=global_local | local_mode=patch_heatmap | target=relative | metadata=True(mlp;g=True,c=True) | heatmap_guidance=True | cbam=True[g=True,l=True]
2026-04-20 07:31:25 | INFO | SYSTEM  | - backbones: resnet=resnet18 | efficientnet=efficientnet_b0 | pretrained=False
2026-04-20 07:31:25 | INFO | SYSTEM  | - input modalities: grayscale_global_image, global_roi_heatmap, local_patches, local_heatmaps, roi_geometry_vector, male, chronological
2026-04-20 07:31:25 | INFO | SYSTEM  | - target type: relative_age = Boneage - Chronological -> final_boneage = Chronological + predicted_relative_age
2026-04-20 07:31:25 | INFO | SYSTEM  | - data strategy: input_size=384 | local_patch=96 | crop=bbox | crop_margin=0.0800 | sigma_ratio=0.0350 | sigma_min=8.00
2026-04-20 07:31:25 | INFO | SYSTEM  | - optimization: epochs=90 | batch=8 | grad_accum=1 | optimizer=adamw | lr=0.00025 | weight_decay=0.0005 | scheduler=cosine[factor=0.500,patience=2] | warmup_epochs=3 | amp=True | compile=True(mode=reduce-overhead) | loss=smoothl1(beta=0.5) | best_metric=mae
2026-04-20 07:31:25 | INFO | SYSTEM  | - augmentation: affine_p=0.65 | flip=False(p=0.50) | noise=False(p=0.12) | blur=False(p=0.08)
2026-04-20 07:31:25 | INFO | SYSTEM  | - dataset size: {'train': 5491, 'val': 713, 'test': 79}
2026-04-20 07:31:25 | INFO | SYSTEM  | - device: cuda:0
2026-04-20 07:31:25 | INFO | SYSTEM  | - image normalization: source=auto_train_stats mean=0.58058435 std=0.32301837
2026-04-20 07:31:25 | INFO | SYSTEM  | DataLoader | num_workers=2 | pin_memory=True | persistent_workers=True | prefetch_factor=2
2026-04-20 07:31:25 | INFO | SYSTEM  | 设备自检 | model_device=cuda:0 | probe_device=cuda:0 | current_device=0 | name=NVIDIA GeForce RTX 3060 Laptop GPU | total_memory_mb=6143 | allocated_mb=46.1 | reserved_mb=88.0
2026-04-20 07:31:25 | INFO | SYSTEM  | torch.compile requested: True
2026-04-20 07:31:25 | INFO | SYSTEM  | torch.compile available: True
2026-04-20 07:31:26 | INFO | SYSTEM  | torch.compile actually used: True
2026-04-20 07:31:26 | INFO | SYSTEM  | torch.compile details: mode=reduce-overhead | cudagraphs=True
2026-04-20 07:31:26 | INFO | SYSTEM  | Effective params | mode=enhanced | device=cuda:0 | epochs=90 | batch_size=8 | effective_batch_size=8 | optimizer=adamw | lr=0.00025 | weight_decay=0.0005 | scheduler=cosine[factor=0.500,patience=2,cooldown=0] | warmup_epochs=3 | amp=True->True | compile=True/True/True(mode=reduce-overhead) | channels_last=True | eval_interval=1 | early_stopping_patience=16 | num_workers=2 | pin_memory=True | persistent_workers=True | prefetch_factor=2 | verify_images=False | ensemble=resnet | branch=global_local | local_mode=patch_heatmap | metadata=True(mlp;g=True,c=True;inputs=male, chronological) | heatmap_guidance=True | cbam=True[g=True,l=True] | input_size=384 | local_patch_size=96 | crop=bbox(margin=0.080) | sigma=(0.0350,8.00) | target_type=relative_age = Boneage - Chronological -> final_boneage = Chronological + predicted_relative_age | normalization=(0.58058435,0.32301837,auto_train_stats) | dataset_sizes={'train': 5491, 'val': 713, 'test': 79}
2026-04-20 07:31:26 | INFO | SYSTEM  | ============================================================================================================
2026-04-20 07:31:26 | INFO | SYSTEM  | Epoch 1/90 started
2026-04-20 07:31:26 | INFO | SYSTEM  | Hyperparams | lr=0.000116667 | train_batch_size=8 | effective_train_batch_size=8 | val_batch_size=8 | test_batch_size=8 | optimizer=adamw | scheduler=cosine | weight_decay=0.0005 | loss=smoothl1(beta=0.5) | device=cuda:0 | amp=True | grad_accum=1 | grad_clip=1.0
2026-04-20 07:31:26 | INFO | TRAIN   | Phase started | scope=1/90 | batches=687 | batch_size=8 | lr=0.000116667 | device=cuda:0 | amp=True | grad_accum=1 | channels_last=True
2026-04-20 07:31:26 | INFO | TRAIN   | 正在等待首个 batch | scope=1/90 | 首次可能因数据预处理、DataLoader worker 启动和 torch.compile 预热而偏慢。
2026-04-20 07:31:28 | INFO | TRAIN   | 首个 batch 已就绪 | phase=train | epoch=1 | wait_seconds=1.93
2026-04-20 07:31:28 | INFO | TRAIN   | 首个 batch | phase=train | epoch=1 | model_device=cuda:0 | global_image=cuda:0 | local_images=cuda:0 | global_heatmap=cuda:0 | roi_vector=cuda:0
2026-04-20 07:35:54 | INFO | TRAIN   | Phase finished | scope=1/90 | loss=0.5524 | final_mae=9.9567 | final_mad=7.9229 | relative_mae=9.9567 | relative_mad=7.9229 | phase_time=268.27s | data_time=162.13s | transfer_time=0.11s | compute_time=106.01s | samples_per_sec=20.47 | avg_batch_time=0.15s | min_batch_time=0.04s | max_batch_time=35.68s | gpu_peak_alloc=1054.1MB | gpu_peak_reserved=1654.0MB | optimizer_steps=687
2026-04-20 07:35:54 | INFO | EVAL    | Phase started | scope=1/90 | batches=90 | batch_size=8 | lr=0.000116667 | device=cuda:0 | amp=True | grad_accum=1 | channels_last=True
2026-04-20 07:35:54 | INFO | EVAL    | 正在等待首个 batch | scope=1/90 | 首次可能因数据预处理、DataLoader worker 启动和 torch.compile 预热而偏慢。
2026-04-20 07:35:56 | INFO | EVAL    | 首个 batch 已就绪 | phase=eval | epoch=1 | wait_seconds=1.24
2026-04-20 07:35:56 | INFO | EVAL    | 首个 batch | phase=eval | epoch=1 | model_device=cuda:0 | global_image=cuda:0 | local_images=cuda:0 | global_heatmap=cuda:0 | roi_vector=cuda:0
2026-04-20 07:36:38 | INFO | EVAL    | Phase finished | scope=1/90 | loss=0.5869 | final_mae=10.4572 | final_mad=8.1162 | relative_mae=10.4572 | relative_mad=8.1162 | phase_time=43.19s | data_time=20.13s | transfer_time=0.01s | compute_time=23.04s | samples_per_sec=16.51 | avg_batch_time=0.26s | min_batch_time=0.01s | max_batch_time=11.58s | gpu_peak_alloc=785.6MB | gpu_peak_reserved=1658.0MB | optimizer_steps=0
2026-04-20 07:36:38 | INFO | SYSTEM  | Learning rate updated | epoch=1/90 | scheduler=warmup | from=0.000116667 | to=0.000183333
2026-04-20 07:36:38 | INFO | SYSTEM  | Best model updated | epoch=1/90 | metric=mae | value=10.4572 | path=outputs/150-8-no2-90-nob1_train_20260420_073123/model/best_model.pt
2026-04-20 07:36:38 | INFO | SYSTEM  | Checkpoint saved | kind=last | epoch=1/90 | path=outputs/150-8-no2-90-nob1_train_20260420_073123/model/last_checkpoint.pt
2026-04-20 07:36:38 | INFO | SYSTEM  | Epoch 1/90 finished | train_time=268.27s | eval_time=43.19s | epoch_total_time=311.96s | train_data_time=162.13s | eval_data_time=20.13s | train_transfer_time=0.11s | eval_transfer_time=0.01s | train_compute_time=106.01s | eval_compute_time=23.04s | train_samples_per_sec=20.47 | eval_samples_per_sec=16.51 | train_gpu_peak_alloc=1054.1MB | eval_gpu_peak_alloc=785.6MB | train_gpu_peak_reserved=1654.0MB | eval_gpu_peak_reserved=1658.0MB | train_avg_batch_time=0.15s | eval_avg_batch_time=0.26s | train_fastest_batch=0.04s | train_slowest_batch=35.68s | eval_fastest_batch=0.01s | eval_slowest_batch=11.58s
2026-04-20 07:36:38 | INFO | SYSTEM  | Epoch 1/90 metrics | train_loss=0.5524 | val_loss=0.5869 | train_final_mae=9.9567 | val_final_mae=10.4572 | train_relative_mae=9.9567 | val_relative_mae=10.4572 | train_final_mad=7.9229 | val_final_mad=8.1162 | lr_start=0.000116667 | lr_end=0.000183333 | epoch_time=00:05:11 | total_elapsed=00:05:17 | best_updated=True
2026-04-20 07:36:38 | INFO | SYSTEM  | ============================================================================================================
2026-04-20 07:36:38 | INFO | SYSTEM  | Epoch 2/90 started
2026-04-20 07:36:38 | INFO | SYSTEM  | Hyperparams | lr=0.000183333 | train_batch_size=8 | effective_train_batch_size=8 | val_batch_size=8 | test_batch_size=8 | optimizer=adamw | scheduler=cosine | weight_decay=0.0005 | loss=smoothl1(beta=0.5) | device=cuda:0 | amp=True | grad_accum=1 | grad_clip=1.0
2026-04-20 07:36:38 | INFO | TRAIN   | Phase started | scope=2/90 | batches=687 | batch_size=8 | lr=0.000183333 | device=cuda:0 | amp=True | grad_accum=1 | channels_last=True
2026-04-20 07:36:38 | INFO | TRAIN   | 正在等待首个 batch | scope=2/90 | 首次可能因数据预处理、DataLoader worker 启动和 torch.compile 预热而偏慢。
2026-04-20 07:36:40 | INFO | TRAIN   | 首个 batch 已就绪 | phase=train | epoch=2 | wait_seconds=1.65
2026-04-20 07:39:52 | INFO | TRAIN   | Phase finished | scope=2/90 | loss=0.5522 | final_mae=9.9535 | final_mad=7.8896 | relative_mae=9.9535 | relative_mad=7.8896 | phase_time=193.92s | data_time=154.17s | transfer_time=0.12s | compute_time=39.61s | samples_per_sec=28.32 | avg_batch_time=0.06s | min_batch_time=0.04s | max_batch_time=0.15s | gpu_peak_alloc=777.4MB | gpu_peak_reserved=1658.0MB | optimizer_steps=687
2026-04-20 07:39:52 | INFO | EVAL    | Phase started | scope=2/90 | batches=90 | batch_size=8 | lr=0.000183333 | device=cuda:0 | amp=True | grad_accum=1 | channels_last=True
2026-04-20 07:39:52 | INFO | EVAL    | 正在等待首个 batch | scope=2/90 | 首次可能因数据预处理、DataLoader worker 启动和 torch.compile 预热而偏慢。
2026-04-20 07:39:53 | INFO | EVAL    | 首个 batch 已就绪 | phase=eval | epoch=2 | wait_seconds=1.10
2026-04-20 07:40:15 | INFO | EVAL    | Phase finished | scope=2/90 | loss=0.5869 | final_mae=10.4576 | final_mad=8.1240 | relative_mae=10.4576 | relative_mad=8.1240 | phase_time=23.31s | data_time=19.69s | transfer_time=0.02s | compute_time=3.61s | samples_per_sec=30.59 | avg_batch_time=0.04s | min_batch_time=0.02s | max_batch_time=0.08s | gpu_peak_alloc=160.1MB | gpu_peak_reserved=1656.0MB | optimizer_steps=0
2026-04-20 07:40:15 | INFO | SYSTEM  | Learning rate updated | epoch=2/90 | scheduler=warmup | from=0.000183333 | to=0.00025
2026-04-20 07:40:16 | INFO | SYSTEM  | Checkpoint saved | kind=last | epoch=2/90 | path=outputs/150-8-no2-90-nob1_train_20260420_073123/model/last_checkpoint.pt
2026-04-20 07:40:16 | INFO | SYSTEM  | Epoch 2/90 finished | train_time=193.92s | eval_time=23.31s | epoch_total_time=217.48s | train_data_time=154.17s | eval_data_time=19.69s | train_transfer_time=0.12s | eval_transfer_time=0.02s | train_compute_time=39.61s | eval_compute_time=3.61s | train_samples_per_sec=28.32 | eval_samples_per_sec=30.59 | train_gpu_peak_alloc=777.4MB | eval_gpu_peak_alloc=160.1MB | train_gpu_peak_reserved=1658.0MB | eval_gpu_peak_reserved=1656.0MB | train_avg_batch_time=0.06s | eval_avg_batch_time=0.04s | train_fastest_batch=0.04s | train_slowest_batch=0.15s | eval_fastest_batch=0.02s | eval_slowest_batch=0.08s
2026-04-20 07:40:16 | INFO | SYSTEM  | Epoch 2/90 metrics | train_loss=0.5522 | val_loss=0.5869 | train_final_mae=9.9535 | val_final_mae=10.4576 | train_relative_mae=9.9535 | val_relative_mae=10.4576 | train_final_mad=7.8896 | val_final_mad=8.1240 | lr_start=0.000183333 | lr_end=0.00025 | epoch_time=00:03:37 | total_elapsed=00:08:55 | best_updated=False
2026-04-20 07:40:16 | INFO | SYSTEM  | ============================================================================================================
2026-04-20 07:40:16 | INFO | SYSTEM  | Epoch 3/90 started
2026-04-20 07:40:16 | INFO | SYSTEM  | Hyperparams | lr=0.00025 | train_batch_size=8 | effective_train_batch_size=8 | val_batch_size=8 | test_batch_size=8 | optimizer=adamw | scheduler=cosine | weight_decay=0.0005 | loss=smoothl1(beta=0.5) | device=cuda:0 | amp=True | grad_accum=1 | grad_clip=1.0
2026-04-20 07:40:16 | INFO | TRAIN   | Phase started | scope=3/90 | batches=687 | batch_size=8 | lr=0.00025 | device=cuda:0 | amp=True | grad_accum=1 | channels_last=True
2026-04-20 07:40:16 | INFO | TRAIN   | 正在等待首个 batch | scope=3/90 | 首次可能因数据预处理、DataLoader worker 启动和 torch.compile 预热而偏慢。
2026-04-20 07:40:17 | INFO | TRAIN   | 首个 batch 已就绪 | phase=train | epoch=3 | wait_seconds=1.66
2026-04-20 07:43:30 | INFO | TRAIN   | Phase finished | scope=3/90 | loss=0.5522 | final_mae=9.9529 | final_mad=7.8770 | relative_mae=9.9529 | relative_mad=7.8770 | phase_time=194.10s | data_time=157.28s | transfer_time=0.12s | compute_time=36.67s | samples_per_sec=28.29 | avg_batch_time=0.05s | min_batch_time=0.03s | max_batch_time=0.38s | gpu_peak_alloc=160.2MB | gpu_peak_reserved=1656.0MB | optimizer_steps=687
2026-04-20 07:43:30 | INFO | EVAL    | Phase started | scope=3/90 | batches=90 | batch_size=8 | lr=0.00025 | device=cuda:0 | amp=True | grad_accum=1 | channels_last=True
2026-04-20 07:43:30 | INFO | EVAL    | 正在等待首个 batch | scope=3/90 | 首次可能因数据预处理、DataLoader worker 启动和 torch.compile 预热而偏慢。
2026-04-20 07:43:31 | INFO | EVAL    | 首个 batch 已就绪 | phase=eval | epoch=3 | wait_seconds=1.12
2026-04-20 07:43:53 | INFO | EVAL    | Phase finished | scope=3/90 | loss=0.5869 | final_mae=10.4569 | final_mad=8.1182 | relative_mae=10.4569 | relative_mad=8.1182 | phase_time=23.37s | data_time=19.69s | transfer_time=0.01s | compute_time=3.66s | samples_per_sec=30.51 | avg_batch_time=0.04s | min_batch_time=0.01s | max_batch_time=0.08s | gpu_peak_alloc=160.1MB | gpu_peak_reserved=1656.0MB | optimizer_steps=0
2026-04-20 07:43:53 | INFO | SYSTEM  | Learning rate updated | epoch=3/90 | scheduler=cosine | from=0.00025 | to=0.00024992
2026-04-20 07:43:53 | INFO | SYSTEM  | Checkpoint saved | kind=last | epoch=3/90 | path=outputs/150-8-no2-90-nob1_train_20260420_073123/model/last_checkpoint.pt
2026-04-20 07:43:53 | INFO | SYSTEM  | Epoch 3/90 finished | train_time=194.10s | eval_time=23.37s | epoch_total_time=217.75s | train_data_time=157.28s | eval_data_time=19.69s | train_transfer_time=0.12s | eval_transfer_time=0.01s | train_compute_time=36.67s | eval_compute_time=3.66s | train_samples_per_sec=28.29 | eval_samples_per_sec=30.51 | train_gpu_peak_alloc=160.2MB | eval_gpu_peak_alloc=160.1MB | train_gpu_peak_reserved=1656.0MB | eval_gpu_peak_reserved=1656.0MB | train_avg_batch_time=0.05s | eval_avg_batch_time=0.04s | train_fastest_batch=0.03s | train_slowest_batch=0.38s | eval_fastest_batch=0.01s | eval_slowest_batch=0.08s
2026-04-20 07:43:53 | INFO | SYSTEM  | Epoch 3/90 metrics | train_loss=0.5522 | val_loss=0.5869 | train_final_mae=9.9529 | val_final_mae=10.4569 | train_relative_mae=9.9529 | val_relative_mae=10.4569 | train_final_mad=7.8770 | val_final_mad=8.1182 | lr_start=0.00025 | lr_end=0.00024992 | epoch_time=00:03:37 | total_elapsed=00:12:32 | best_updated=False
2026-04-20 07:43:53 | INFO | SYSTEM  | ============================================================================================================
2026-04-20 07:43:53 | INFO | SYSTEM  | Epoch 4/90 started
2026-04-20 07:43:53 | INFO | SYSTEM  | Hyperparams | lr=0.00024992 | train_batch_size=8 | effective_train_batch_size=8 | val_batch_size=8 | test_batch_size=8 | optimizer=adamw | scheduler=cosine | weight_decay=0.0005 | loss=smoothl1(beta=0.5) | device=cuda:0 | amp=True | grad_accum=1 | grad_clip=1.0
2026-04-20 07:43:53 | INFO | TRAIN   | Phase started | scope=4/90 | batches=687 | batch_size=8 | lr=0.00024992 | device=cuda:0 | amp=True | grad_accum=1 | channels_last=True
2026-04-20 07:43:53 | INFO | TRAIN   | 正在等待首个 batch | scope=4/90 | 首次可能因数据预处理、DataLoader worker 启动和 torch.compile 预热而偏慢。
2026-04-20 07:43:55 | INFO | TRAIN   | 首个 batch 已就绪 | phase=train | epoch=4 | wait_seconds=1.82
2026-04-20 07:47:06 | INFO | TRAIN   | Phase finished | scope=4/90 | loss=0.5520 | final_mae=9.9500 | final_mad=7.8896 | relative_mae=9.9500 | relative_mad=7.8896 | phase_time=192.84s | data_time=151.06s | transfer_time=0.12s | compute_time=41.65s | samples_per_sec=28.47 | avg_batch_time=0.06s | min_batch_time=0.03s | max_batch_time=0.22s | gpu_peak_alloc=160.2MB | gpu_peak_reserved=1656.0MB | optimizer_steps=687
2026-04-20 07:47:06 | INFO | EVAL    | Phase started | scope=4/90 | batches=90 | batch_size=8 | lr=0.00024992 | device=cuda:0 | amp=True | grad_accum=1 | channels_last=True
2026-04-20 07:47:06 | INFO | EVAL    | 正在等待首个 batch | scope=4/90 | 首次可能因数据预处理、DataLoader worker 启动和 torch.compile 预热而偏慢。
2026-04-20 07:47:07 | INFO | EVAL    | 首个 batch 已就绪 | phase=eval | epoch=4 | wait_seconds=1.13
2026-04-20 07:47:30 | INFO | EVAL    | Phase finished | scope=4/90 | loss=0.5869 | final_mae=10.4577 | final_mad=8.1182 | relative_mae=10.4577 | relative_mad=8.1182 | phase_time=23.49s | data_time=19.65s | transfer_time=0.01s | compute_time=3.82s | samples_per_sec=30.36 | avg_batch_time=0.04s | min_batch_time=0.01s | max_batch_time=0.09s | gpu_peak_alloc=160.1MB | gpu_peak_reserved=1656.0MB | optimizer_steps=0
2026-04-20 07:47:30 | INFO | SYSTEM  | Learning rate updated | epoch=4/90 | scheduler=cosine | from=0.00024992 | to=0.000249681
2026-04-20 07:47:30 | INFO | SYSTEM  | Checkpoint saved | kind=last | epoch=4/90 | path=outputs/150-8-no2-90-nob1_train_20260420_073123/model/last_checkpoint.pt
2026-04-20 07:47:30 | INFO | SYSTEM  | Epoch 4/90 finished | train_time=192.84s | eval_time=23.49s | epoch_total_time=216.57s | train_data_time=151.06s | eval_data_time=19.65s | train_transfer_time=0.12s | eval_transfer_time=0.01s | train_compute_time=41.65s | eval_compute_time=3.82s | train_samples_per_sec=28.47 | eval_samples_per_sec=30.36 | train_gpu_peak_alloc=160.2MB | eval_gpu_peak_alloc=160.1MB | train_gpu_peak_reserved=1656.0MB | eval_gpu_peak_reserved=1656.0MB | train_avg_batch_time=0.06s | eval_avg_batch_time=0.04s | train_fastest_batch=0.03s | train_slowest_batch=0.22s | eval_fastest_batch=0.01s | eval_slowest_batch=0.09s
2026-04-20 07:47:30 | INFO | SYSTEM  | Epoch 4/90 metrics | train_loss=0.5520 | val_loss=0.5869 | train_final_mae=9.9500 | val_final_mae=10.4577 | train_relative_mae=9.9500 | val_relative_mae=10.4577 | train_final_mad=7.8896 | val_final_mad=8.1182 | lr_start=0.00024992 | lr_end=0.000249681 | epoch_time=00:03:36 | total_elapsed=00:16:09 | best_updated=False
2026-04-20 07:47:30 | INFO | SYSTEM  | ============================================================================================================
2026-04-20 07:47:30 | INFO | SYSTEM  | Epoch 5/90 started
2026-04-20 07:47:30 | INFO | SYSTEM  | Hyperparams | lr=0.000249681 | train_batch_size=8 | effective_train_batch_size=8 | val_batch_size=8 | test_batch_size=8 | optimizer=adamw | scheduler=cosine | weight_decay=0.0005 | loss=smoothl1(beta=0.5) | device=cuda:0 | amp=True | grad_accum=1 | grad_clip=1.0
2026-04-20 07:47:30 | INFO | TRAIN   | Phase started | scope=5/90 | batches=687 | batch_size=8 | lr=0.000249681 | device=cuda:0 | amp=True | grad_accum=1 | channels_last=True
2026-04-20 07:47:30 | INFO | TRAIN   | 正在等待首个 batch | scope=5/90 | 首次可能因数据预处理、DataLoader worker 启动和 torch.compile 预热而偏慢。
2026-04-20 07:47:32 | INFO | TRAIN   | 首个 batch 已就绪 | phase=train | epoch=5 | wait_seconds=1.74
2026-04-20 07:50:42 | INFO | TRAIN   | Phase finished | scope=5/90 | loss=0.5520 | final_mae=9.9473 | final_mad=7.9111 | relative_mae=9.9473 | relative_mad=7.9111 | phase_time=192.40s | data_time=154.46s | transfer_time=0.12s | compute_time=37.78s | samples_per_sec=28.54 | avg_batch_time=0.06s | min_batch_time=0.03s | max_batch_time=0.27s | gpu_peak_alloc=160.2MB | gpu_peak_reserved=1656.0MB | optimizer_steps=687
2026-04-20 07:50:42 | INFO | EVAL    | Phase started | scope=5/90 | batches=90 | batch_size=8 | lr=0.000249681 | device=cuda:0 | amp=True | grad_accum=1 | channels_last=True
2026-04-20 07:50:42 | INFO | EVAL    | 正在等待首个 batch | scope=5/90 | 首次可能因数据预处理、DataLoader worker 启动和 torch.compile 预热而偏慢。
2026-04-20 07:50:43 | INFO | EVAL    | 首个 batch 已就绪 | phase=eval | epoch=5 | wait_seconds=1.13
2026-04-20 07:51:06 | INFO | EVAL    | Phase finished | scope=5/90 | loss=0.5869 | final_mae=10.4570 | final_mad=8.1182 | relative_mae=10.4570 | relative_mad=8.1182 | phase_time=23.41s | data_time=19.37s | transfer_time=0.01s | compute_time=4.02s | samples_per_sec=30.46 | avg_batch_time=0.04s | min_batch_time=0.01s | max_batch_time=0.08s | gpu_peak_alloc=160.1MB | gpu_peak_reserved=1656.0MB | optimizer_steps=0
2026-04-20 07:51:06 | INFO | SYSTEM  | Learning rate updated | epoch=5/90 | scheduler=cosine | from=0.000249681 | to=0.000249282
2026-04-20 07:51:06 | INFO | SYSTEM  | Checkpoint saved | kind=last | epoch=5/90 | path=outputs/150-8-no2-90-nob1_train_20260420_073123/model/last_checkpoint.pt
2026-04-20 07:51:06 | INFO | SYSTEM  | Epoch 5/90 finished | train_time=192.40s | eval_time=23.41s | epoch_total_time=216.04s | train_data_time=154.46s | eval_data_time=19.37s | train_transfer_time=0.12s | eval_transfer_time=0.01s | train_compute_time=37.78s | eval_compute_time=4.02s | train_samples_per_sec=28.54 | eval_samples_per_sec=30.46 | train_gpu_peak_alloc=160.2MB | eval_gpu_peak_alloc=160.1MB | train_gpu_peak_reserved=1656.0MB | eval_gpu_peak_reserved=1656.0MB | train_avg_batch_time=0.06s | eval_avg_batch_time=0.04s | train_fastest_batch=0.03s | train_slowest_batch=0.27s | eval_fastest_batch=0.01s | eval_slowest_batch=0.08s
2026-04-20 07:51:06 | INFO | SYSTEM  | Epoch 5/90 metrics | train_loss=0.5520 | val_loss=0.5869 | train_final_mae=9.9473 | val_final_mae=10.4570 | train_relative_mae=9.9473 | val_relative_mae=10.4570 | train_final_mad=7.9111 | val_final_mad=8.1182 | lr_start=0.000249681 | lr_end=0.000249282 | epoch_time=00:03:36 | total_elapsed=00:19:45 | best_updated=False
2026-04-20 07:51:06 | INFO | SYSTEM  | ============================================================================================================
2026-04-20 07:51:06 | INFO | SYSTEM  | Epoch 6/90 started
2026-04-20 07:51:06 | INFO | SYSTEM  | Hyperparams | lr=0.000249282 | train_batch_size=8 | effective_train_batch_size=8 | val_batch_size=8 | test_batch_size=8 | optimizer=adamw | scheduler=cosine | weight_decay=0.0005 | loss=smoothl1(beta=0.5) | device=cuda:0 | amp=True | grad_accum=1 | grad_clip=1.0
2026-04-20 07:51:06 | INFO | TRAIN   | Phase started | scope=6/90 | batches=687 | batch_size=8 | lr=0.000249282 | device=cuda:0 | amp=True | grad_accum=1 | channels_last=True
2026-04-20 07:51:06 | INFO | TRAIN   | 正在等待首个 batch | scope=6/90 | 首次可能因数据预处理、DataLoader worker 启动和 torch.compile 预热而偏慢。
2026-04-20 07:51:08 | INFO | TRAIN   | 首个 batch 已就绪 | phase=train | epoch=6 | wait_seconds=1.75
2026-04-20 07:54:19 | INFO | TRAIN   | Phase finished | scope=6/90 | loss=0.5522 | final_mae=9.9524 | final_mad=7.9307 | relative_mae=9.9524 | relative_mad=7.9307 | phase_time=192.88s | data_time=152.18s | transfer_time=0.12s | compute_time=40.54s | samples_per_sec=28.47 | avg_batch_time=0.06s | min_batch_time=0.03s | max_batch_time=0.28s | gpu_peak_alloc=160.2MB | gpu_peak_reserved=1656.0MB | optimizer_steps=687
2026-04-20 07:54:19 | INFO | EVAL    | Phase started | scope=6/90 | batches=90 | batch_size=8 | lr=0.000249282 | device=cuda:0 | amp=True | grad_accum=1 | channels_last=True
2026-04-20 07:54:19 | INFO | EVAL    | 正在等待首个 batch | scope=6/90 | 首次可能因数据预处理、DataLoader worker 启动和 torch.compile 预热而偏慢。
2026-04-20 07:54:20 | INFO | EVAL    | 首个 batch 已就绪 | phase=eval | epoch=6 | wait_seconds=1.11
2026-04-20 07:54:43 | INFO | EVAL    | Phase finished | scope=6/90 | loss=0.5869 | final_mae=10.4568 | final_mad=8.1221 | relative_mae=10.4568 | relative_mad=8.1221 | phase_time=23.67s | data_time=19.54s | transfer_time=0.01s | compute_time=4.11s | samples_per_sec=30.12 | avg_batch_time=0.05s | min_batch_time=0.02s | max_batch_time=0.08s | gpu_peak_alloc=160.1MB | gpu_peak_reserved=1656.0MB | optimizer_steps=0
2026-04-20 07:54:43 | INFO | SYSTEM  | Learning rate updated | epoch=6/90 | scheduler=cosine | from=0.000249282 | to=0.000248724
2026-04-20 07:54:43 | INFO | SYSTEM  | Checkpoint saved | kind=last | epoch=6/90 | path=outputs/150-8-no2-90-nob1_train_20260420_073123/model/last_checkpoint.pt
2026-04-20 07:54:43 | INFO | SYSTEM  | Epoch 6/90 finished | train_time=192.88s | eval_time=23.67s | epoch_total_time=216.86s | train_data_time=152.18s | eval_data_time=19.54s | train_transfer_time=0.12s | eval_transfer_time=0.01s | train_compute_time=40.54s | eval_compute_time=4.11s | train_samples_per_sec=28.47 | eval_samples_per_sec=30.12 | train_gpu_peak_alloc=160.2MB | eval_gpu_peak_alloc=160.1MB | train_gpu_peak_reserved=1656.0MB | eval_gpu_peak_reserved=1656.0MB | train_avg_batch_time=0.06s | eval_avg_batch_time=0.05s | train_fastest_batch=0.03s | train_slowest_batch=0.28s | eval_fastest_batch=0.02s | eval_slowest_batch=0.08s
2026-04-20 07:54:43 | INFO | SYSTEM  | Epoch 6/90 metrics | train_loss=0.5522 | val_loss=0.5869 | train_final_mae=9.9524 | val_final_mae=10.4568 | train_relative_mae=9.9524 | val_relative_mae=10.4568 | train_final_mad=7.9307 | val_final_mad=8.1221 | lr_start=0.000249282 | lr_end=0.000248724 | epoch_time=00:03:36 | total_elapsed=00:23:22 | best_updated=False
2026-04-20 07:54:43 | INFO | SYSTEM  | ============================================================================================================
2026-04-20 07:54:43 | INFO | SYSTEM  | Epoch 7/90 started
2026-04-20 07:54:43 | INFO | SYSTEM  | Hyperparams | lr=0.000248724 | train_batch_size=8 | effective_train_batch_size=8 | val_batch_size=8 | test_batch_size=8 | optimizer=adamw | scheduler=cosine | weight_decay=0.0005 | loss=smoothl1(beta=0.5) | device=cuda:0 | amp=True | grad_accum=1 | grad_clip=1.0
2026-04-20 07:54:43 | INFO | TRAIN   | Phase started | scope=7/90 | batches=687 | batch_size=8 | lr=0.000248724 | device=cuda:0 | amp=True | grad_accum=1 | channels_last=True
2026-04-20 07:54:43 | INFO | TRAIN   | 正在等待首个 batch | scope=7/90 | 首次可能因数据预处理、DataLoader worker 启动和 torch.compile 预热而偏慢。
2026-04-20 07:54:44 | INFO | TRAIN   | 首个 batch 已就绪 | phase=train | epoch=7 | wait_seconds=1.58
2026-04-20 07:57:56 | INFO | TRAIN   | Phase finished | scope=7/90 | loss=0.5520 | final_mae=9.9506 | final_mad=7.8970 | relative_mae=9.9506 | relative_mad=7.8970 | phase_time=192.74s | data_time=152.94s | transfer_time=0.12s | compute_time=39.66s | samples_per_sec=28.49 | avg_batch_time=0.06s | min_batch_time=0.03s | max_batch_time=0.34s | gpu_peak_alloc=160.2MB | gpu_peak_reserved=1656.0MB | optimizer_steps=687
2026-04-20 07:57:56 | INFO | EVAL    | Phase started | scope=7/90 | batches=90 | batch_size=8 | lr=0.000248724 | device=cuda:0 | amp=True | grad_accum=1 | channels_last=True
2026-04-20 07:57:56 | INFO | EVAL    | 正在等待首个 batch | scope=7/90 | 首次可能因数据预处理、DataLoader worker 启动和 torch.compile 预热而偏慢。
2026-04-20 07:57:57 | INFO | EVAL    | 首个 batch 已就绪 | phase=eval | epoch=7 | wait_seconds=1.11
2026-04-20 07:58:19 | INFO | EVAL    | Phase finished | scope=7/90 | loss=0.5869 | final_mae=10.4576 | final_mad=8.1250 | relative_mae=10.4576 | relative_mad=8.1250 | phase_time=23.32s | data_time=19.32s | transfer_time=0.01s | compute_time=3.98s | samples_per_sec=30.58 | avg_batch_time=0.04s | min_batch_time=0.01s | max_batch_time=0.08s | gpu_peak_alloc=160.1MB | gpu_peak_reserved=1656.0MB | optimizer_steps=0
2026-04-20 07:58:19 | INFO | SYSTEM  | Learning rate updated | epoch=7/90 | scheduler=cosine | from=0.000248724 | to=0.000248009
2026-04-20 07:58:19 | INFO | SYSTEM  | Checkpoint saved | kind=last | epoch=7/90 | path=outputs/150-8-no2-90-nob1_train_20260420_073123/model/last_checkpoint.pt
2026-04-20 07:58:19 | INFO | SYSTEM  | Epoch 7/90 finished | train_time=192.74s | eval_time=23.32s | epoch_total_time=216.32s | train_data_time=152.94s | eval_data_time=19.32s | train_transfer_time=0.12s | eval_transfer_time=0.01s | train_compute_time=39.66s | eval_compute_time=3.98s | train_samples_per_sec=28.49 | eval_samples_per_sec=30.58 | train_gpu_peak_alloc=160.2MB | eval_gpu_peak_alloc=160.1MB | train_gpu_peak_reserved=1656.0MB | eval_gpu_peak_reserved=1656.0MB | train_avg_batch_time=0.06s | eval_avg_batch_time=0.04s | train_fastest_batch=0.03s | train_slowest_batch=0.34s | eval_fastest_batch=0.01s | eval_slowest_batch=0.08s
2026-04-20 07:58:19 | INFO | SYSTEM  | Epoch 7/90 metrics | train_loss=0.5520 | val_loss=0.5869 | train_final_mae=9.9506 | val_final_mae=10.4576 | train_relative_mae=9.9506 | val_relative_mae=10.4576 | train_final_mad=7.8970 | val_final_mad=8.1250 | lr_start=0.000248724 | lr_end=0.000248009 | epoch_time=00:03:36 | total_elapsed=00:26:58 | best_updated=False
2026-04-20 07:58:19 | INFO | SYSTEM  | ============================================================================================================
2026-04-20 07:58:19 | INFO | SYSTEM  | Epoch 8/90 started
2026-04-20 07:58:19 | INFO | SYSTEM  | Hyperparams | lr=0.000248009 | train_batch_size=8 | effective_train_batch_size=8 | val_batch_size=8 | test_batch_size=8 | optimizer=adamw | scheduler=cosine | weight_decay=0.0005 | loss=smoothl1(beta=0.5) | device=cuda:0 | amp=True | grad_accum=1 | grad_clip=1.0
2026-04-20 07:58:19 | INFO | TRAIN   | Phase started | scope=8/90 | batches=687 | batch_size=8 | lr=0.000248009 | device=cuda:0 | amp=True | grad_accum=1 | channels_last=True
2026-04-20 07:58:19 | INFO | TRAIN   | 正在等待首个 batch | scope=8/90 | 首次可能因数据预处理、DataLoader worker 启动和 torch.compile 预热而偏慢。
2026-04-20 07:58:21 | INFO | TRAIN   | 首个 batch 已就绪 | phase=train | epoch=8 | wait_seconds=1.67
2026-04-20 08:01:32 | INFO | TRAIN   | Phase finished | scope=8/90 | loss=0.5521 | final_mae=9.9505 | final_mad=7.9111 | relative_mae=9.9505 | relative_mad=7.9111 | phase_time=192.52s | data_time=154.52s | transfer_time=0.12s | compute_time=37.86s | samples_per_sec=28.52 | avg_batch_time=0.06s | min_batch_time=0.03s | max_batch_time=0.24s | gpu_peak_alloc=160.2MB | gpu_peak_reserved=1656.0MB | optimizer_steps=687
2026-04-20 08:01:32 | INFO | EVAL    | Phase started | scope=8/90 | batches=90 | batch_size=8 | lr=0.000248009 | device=cuda:0 | amp=True | grad_accum=1 | channels_last=True
2026-04-20 08:01:32 | INFO | EVAL    | 正在等待首个 batch | scope=8/90 | 首次可能因数据预处理、DataLoader worker 启动和 torch.compile 预热而偏慢。
2026-04-20 08:01:33 | INFO | EVAL    | 首个 batch 已就绪 | phase=eval | epoch=8 | wait_seconds=1.10
2026-04-20 08:01:55 | INFO | EVAL    | Phase finished | scope=8/90 | loss=0.5869 | final_mae=10.4578 | final_mad=8.1250 | relative_mae=10.4578 | relative_mad=8.1250 | phase_time=23.38s | data_time=19.35s | transfer_time=0.02s | compute_time=4.01s | samples_per_sec=30.49 | avg_batch_time=0.04s | min_batch_time=0.01s | max_batch_time=0.08s | gpu_peak_alloc=160.1MB | gpu_peak_reserved=1656.0MB | optimizer_steps=0
2026-04-20 08:01:55 | INFO | SYSTEM  | Learning rate updated | epoch=8/90 | scheduler=cosine | from=0.000248009 | to=0.000247136
2026-04-20 08:01:55 | INFO | SYSTEM  | Checkpoint saved | kind=last | epoch=8/90 | path=outputs/150-8-no2-90-nob1_train_20260420_073123/model/last_checkpoint.pt
2026-04-20 08:01:55 | INFO | SYSTEM  | Epoch 8/90 finished | train_time=192.52s | eval_time=23.38s | epoch_total_time=216.14s | train_data_time=154.52s | eval_data_time=19.35s | train_transfer_time=0.12s | eval_transfer_time=0.02s | train_compute_time=37.86s | eval_compute_time=4.01s | train_samples_per_sec=28.52 | eval_samples_per_sec=30.49 | train_gpu_peak_alloc=160.2MB | eval_gpu_peak_alloc=160.1MB | train_gpu_peak_reserved=1656.0MB | eval_gpu_peak_reserved=1656.0MB | train_avg_batch_time=0.06s | eval_avg_batch_time=0.04s | train_fastest_batch=0.03s | train_slowest_batch=0.24s | eval_fastest_batch=0.01s | eval_slowest_batch=0.08s
2026-04-20 08:01:55 | INFO | SYSTEM  | Epoch 8/90 metrics | train_loss=0.5521 | val_loss=0.5869 | train_final_mae=9.9505 | val_final_mae=10.4578 | train_relative_mae=9.9505 | val_relative_mae=10.4578 | train_final_mad=7.9111 | val_final_mad=8.1250 | lr_start=0.000248009 | lr_end=0.000247136 | epoch_time=00:03:36 | total_elapsed=00:30:34 | best_updated=False
2026-04-20 08:01:55 | INFO | SYSTEM  | ============================================================================================================
2026-04-20 08:01:55 | INFO | SYSTEM  | Epoch 9/90 started
2026-04-20 08:01:55 | INFO | SYSTEM  | Hyperparams | lr=0.000247136 | train_batch_size=8 | effective_train_batch_size=8 | val_batch_size=8 | test_batch_size=8 | optimizer=adamw | scheduler=cosine | weight_decay=0.0005 | loss=smoothl1(beta=0.5) | device=cuda:0 | amp=True | grad_accum=1 | grad_clip=1.0
2026-04-20 08:01:55 | INFO | TRAIN   | Phase started | scope=9/90 | batches=687 | batch_size=8 | lr=0.000247136 | device=cuda:0 | amp=True | grad_accum=1 | channels_last=True
2026-04-20 08:01:55 | INFO | TRAIN   | 正在等待首个 batch | scope=9/90 | 首次可能因数据预处理、DataLoader worker 启动和 torch.compile 预热而偏慢。
2026-04-20 08:01:57 | INFO | TRAIN   | 首个 batch 已就绪 | phase=train | epoch=9 | wait_seconds=1.76
2026-04-20 08:05:09 | INFO | TRAIN   | Phase finished | scope=9/90 | loss=0.5524 | final_mae=9.9542 | final_mad=7.9180 | relative_mae=9.9542 | relative_mad=7.9180 | phase_time=193.35s | data_time=152.57s | transfer_time=0.12s | compute_time=40.64s | samples_per_sec=28.40 | avg_batch_time=0.06s | min_batch_time=0.02s | max_batch_time=0.37s | gpu_peak_alloc=160.2MB | gpu_peak_reserved=1656.0MB | optimizer_steps=687
2026-04-20 08:05:09 | INFO | EVAL    | Phase started | scope=9/90 | batches=90 | batch_size=8 | lr=0.000247136 | device=cuda:0 | amp=True | grad_accum=1 | channels_last=True
2026-04-20 08:05:09 | INFO | EVAL    | 正在等待首个 batch | scope=9/90 | 首次可能因数据预处理、DataLoader worker 启动和 torch.compile 预热而偏慢。
2026-04-20 08:05:10 | INFO | EVAL    | 首个 batch 已就绪 | phase=eval | epoch=9 | wait_seconds=1.08
2026-04-20 08:05:32 | INFO | EVAL    | Phase finished | scope=9/90 | loss=0.5869 | final_mae=10.4578 | final_mad=8.1230 | relative_mae=10.4578 | relative_mad=8.1230 | phase_time=23.32s | data_time=19.34s | transfer_time=0.01s | compute_time=3.96s | samples_per_sec=30.58 | avg_batch_time=0.04s | min_batch_time=0.01s | max_batch_time=0.09s | gpu_peak_alloc=160.1MB | gpu_peak_reserved=1656.0MB | optimizer_steps=0
2026-04-20 08:05:32 | INFO | SYSTEM  | Learning rate updated | epoch=9/90 | scheduler=cosine | from=0.000247136 | to=0.000246107
2026-04-20 08:05:32 | INFO | SYSTEM  | Checkpoint saved | kind=last | epoch=9/90 | path=outputs/150-8-no2-90-nob1_train_20260420_073123/model/last_checkpoint.pt
2026-04-20 08:05:32 | INFO | SYSTEM  | Epoch 9/90 finished | train_time=193.35s | eval_time=23.32s | epoch_total_time=216.90s | train_data_time=152.57s | eval_data_time=19.34s | train_transfer_time=0.12s | eval_transfer_time=0.01s | train_compute_time=40.64s | eval_compute_time=3.96s | train_samples_per_sec=28.40 | eval_samples_per_sec=30.58 | train_gpu_peak_alloc=160.2MB | eval_gpu_peak_alloc=160.1MB | train_gpu_peak_reserved=1656.0MB | eval_gpu_peak_reserved=1656.0MB | train_avg_batch_time=0.06s | eval_avg_batch_time=0.04s | train_fastest_batch=0.02s | train_slowest_batch=0.37s | eval_fastest_batch=0.01s | eval_slowest_batch=0.09s
2026-04-20 08:05:32 | INFO | SYSTEM  | Epoch 9/90 metrics | train_loss=0.5524 | val_loss=0.5869 | train_final_mae=9.9542 | val_final_mae=10.4578 | train_relative_mae=9.9542 | val_relative_mae=10.4578 | train_final_mad=7.9180 | val_final_mad=8.1230 | lr_start=0.000247136 | lr_end=0.000246107 | epoch_time=00:03:36 | total_elapsed=00:34:11 | best_updated=False
2026-04-20 08:05:32 | INFO | SYSTEM  | ============================================================================================================
2026-04-20 08:05:32 | INFO | SYSTEM  | Epoch 10/90 started
2026-04-20 08:05:32 | INFO | SYSTEM  | Hyperparams | lr=0.000246107 | train_batch_size=8 | effective_train_batch_size=8 | val_batch_size=8 | test_batch_size=8 | optimizer=adamw | scheduler=cosine | weight_decay=0.0005 | loss=smoothl1(beta=0.5) | device=cuda:0 | amp=True | grad_accum=1 | grad_clip=1.0
2026-04-20 08:05:32 | INFO | TRAIN   | Phase started | scope=10/90 | batches=687 | batch_size=8 | lr=0.000246107 | device=cuda:0 | amp=True | grad_accum=1 | channels_last=True
2026-04-20 08:05:32 | INFO | TRAIN   | 正在等待首个 batch | scope=10/90 | 首次可能因数据预处理、DataLoader worker 启动和 torch.compile 预热而偏慢。
2026-04-20 08:05:34 | INFO | TRAIN   | 首个 batch 已就绪 | phase=train | epoch=10 | wait_seconds=1.79
2026-04-20 08:08:46 | INFO | TRAIN   | Phase finished | scope=10/90 | loss=0.5524 | final_mae=9.9560 | final_mad=7.8882 | relative_mae=9.9560 | relative_mad=7.8882 | phase_time=193.61s | data_time=154.42s | transfer_time=0.12s | compute_time=39.04s | samples_per_sec=28.36 | avg_batch_time=0.06s | min_batch_time=0.03s | max_batch_time=0.14s | gpu_peak_alloc=160.2MB | gpu_peak_reserved=1656.0MB | optimizer_steps=687
2026-04-20 08:08:46 | INFO | EVAL    | Phase started | scope=10/90 | batches=90 | batch_size=8 | lr=0.000246107 | device=cuda:0 | amp=True | grad_accum=1 | channels_last=True
2026-04-20 08:08:46 | INFO | EVAL    | 正在等待首个 batch | scope=10/90 | 首次可能因数据预处理、DataLoader worker 启动和 torch.compile 预热而偏慢。
2026-04-20 08:08:47 | INFO | EVAL    | 首个 batch 已就绪 | phase=eval | epoch=10 | wait_seconds=1.10
2026-04-20 08:09:09 | INFO | EVAL    | Phase finished | scope=10/90 | loss=0.5869 | final_mae=10.4577 | final_mad=8.1201 | relative_mae=10.4577 | relative_mad=8.1201 | phase_time=23.30s | data_time=19.21s | transfer_time=0.01s | compute_time=4.07s | samples_per_sec=30.60 | avg_batch_time=0.05s | min_batch_time=0.01s | max_batch_time=0.08s | gpu_peak_alloc=160.1MB | gpu_peak_reserved=1656.0MB | optimizer_steps=0
2026-04-20 08:09:09 | INFO | SYSTEM  | Learning rate updated | epoch=10/90 | scheduler=cosine | from=0.000246107 | to=0.000244924
2026-04-20 08:09:09 | INFO | SYSTEM  | Checkpoint saved | kind=last | epoch=10/90 | path=outputs/150-8-no2-90-nob1_train_20260420_073123/model/last_checkpoint.pt
2026-04-20 08:09:09 | INFO | SYSTEM  | Epoch 10/90 finished | train_time=193.61s | eval_time=23.30s | epoch_total_time=217.13s | train_data_time=154.42s | eval_data_time=19.21s | train_transfer_time=0.12s | eval_transfer_time=0.01s | train_compute_time=39.04s | eval_compute_time=4.07s | train_samples_per_sec=28.36 | eval_samples_per_sec=30.60 | train_gpu_peak_alloc=160.2MB | eval_gpu_peak_alloc=160.1MB | train_gpu_peak_reserved=1656.0MB | eval_gpu_peak_reserved=1656.0MB | train_avg_batch_time=0.06s | eval_avg_batch_time=0.05s | train_fastest_batch=0.03s | train_slowest_batch=0.14s | eval_fastest_batch=0.01s | eval_slowest_batch=0.08s
2026-04-20 08:09:09 | INFO | SYSTEM  | Epoch 10/90 metrics | train_loss=0.5524 | val_loss=0.5869 | train_final_mae=9.9560 | val_final_mae=10.4577 | train_relative_mae=9.9560 | val_relative_mae=10.4577 | train_final_mad=7.8882 | val_final_mad=8.1201 | lr_start=0.000246107 | lr_end=0.000244924 | epoch_time=00:03:37 | total_elapsed=00:37:48 | best_updated=False
2026-04-20 08:09:09 | INFO | SYSTEM  | ============================================================================================================
2026-04-20 08:09:09 | INFO | SYSTEM  | Epoch 11/90 started
2026-04-20 08:09:09 | INFO | SYSTEM  | Hyperparams | lr=0.000244924 | train_batch_size=8 | effective_train_batch_size=8 | val_batch_size=8 | test_batch_size=8 | optimizer=adamw | scheduler=cosine | weight_decay=0.0005 | loss=smoothl1(beta=0.5) | device=cuda:0 | amp=True | grad_accum=1 | grad_clip=1.0
2026-04-20 08:09:09 | INFO | TRAIN   | Phase started | scope=11/90 | batches=687 | batch_size=8 | lr=0.000244924 | device=cuda:0 | amp=True | grad_accum=1 | channels_last=True
2026-04-20 08:09:09 | INFO | TRAIN   | 正在等待首个 batch | scope=11/90 | 首次可能因数据预处理、DataLoader worker 启动和 torch.compile 预热而偏慢。
2026-04-20 08:09:11 | INFO | TRAIN   | 首个 batch 已就绪 | phase=train | epoch=11 | wait_seconds=1.68
2026-04-20 08:12:22 | INFO | TRAIN   | Phase finished | scope=11/90 | loss=0.5524 | final_mae=9.9546 | final_mad=7.9160 | relative_mae=9.9546 | relative_mad=7.9160 | phase_time=192.92s | data_time=152.01s | transfer_time=0.12s | compute_time=40.76s | samples_per_sec=28.46 | avg_batch_time=0.06s | min_batch_time=0.03s | max_batch_time=0.15s | gpu_peak_alloc=160.2MB | gpu_peak_reserved=1656.0MB | optimizer_steps=687
2026-04-20 08:12:22 | INFO | EVAL    | Phase started | scope=11/90 | batches=90 | batch_size=8 | lr=0.000244924 | device=cuda:0 | amp=True | grad_accum=1 | channels_last=True
2026-04-20 08:12:22 | INFO | EVAL    | 正在等待首个 batch | scope=11/90 | 首次可能因数据预处理、DataLoader worker 启动和 torch.compile 预热而偏慢。
2026-04-20 08:12:23 | INFO | EVAL    | 首个 batch 已就绪 | phase=eval | epoch=11 | wait_seconds=1.12
2026-04-20 08:12:46 | INFO | EVAL    | Phase finished | scope=11/90 | loss=0.5869 | final_mae=10.4573 | final_mad=8.1172 | relative_mae=10.4573 | relative_mad=8.1172 | phase_time=23.40s | data_time=19.58s | transfer_time=0.01s | compute_time=3.80s | samples_per_sec=30.47 | avg_batch_time=0.04s | min_batch_time=0.01s | max_batch_time=0.09s | gpu_peak_alloc=160.1MB | gpu_peak_reserved=1656.0MB | optimizer_steps=0
2026-04-20 08:12:46 | INFO | SYSTEM  | Learning rate updated | epoch=11/90 | scheduler=cosine | from=0.000244924 | to=0.000243588
2026-04-20 08:12:46 | INFO | SYSTEM  | Checkpoint saved | kind=last | epoch=11/90 | path=outputs/150-8-no2-90-nob1_train_20260420_073123/model/last_checkpoint.pt
2026-04-20 08:12:46 | INFO | SYSTEM  | Epoch 11/90 finished | train_time=192.92s | eval_time=23.40s | epoch_total_time=216.62s | train_data_time=152.01s | eval_data_time=19.58s | train_transfer_time=0.12s | eval_transfer_time=0.01s | train_compute_time=40.76s | eval_compute_time=3.80s | train_samples_per_sec=28.46 | eval_samples_per_sec=30.47 | train_gpu_peak_alloc=160.2MB | eval_gpu_peak_alloc=160.1MB | train_gpu_peak_reserved=1656.0MB | eval_gpu_peak_reserved=1656.0MB | train_avg_batch_time=0.06s | eval_avg_batch_time=0.04s | train_fastest_batch=0.03s | train_slowest_batch=0.15s | eval_fastest_batch=0.01s | eval_slowest_batch=0.09s
2026-04-20 08:12:46 | INFO | SYSTEM  | Epoch 11/90 metrics | train_loss=0.5524 | val_loss=0.5869 | train_final_mae=9.9546 | val_final_mae=10.4573 | train_relative_mae=9.9546 | val_relative_mae=10.4573 | train_final_mad=7.9160 | val_final_mad=8.1172 | lr_start=0.000244924 | lr_end=0.000243588 | epoch_time=00:03:36 | total_elapsed=00:41:25 | best_updated=False
2026-04-20 08:12:46 | INFO | SYSTEM  | ============================================================================================================
2026-04-20 08:12:46 | INFO | SYSTEM  | Epoch 12/90 started
2026-04-20 08:12:46 | INFO | SYSTEM  | Hyperparams | lr=0.000243588 | train_batch_size=8 | effective_train_batch_size=8 | val_batch_size=8 | test_batch_size=8 | optimizer=adamw | scheduler=cosine | weight_decay=0.0005 | loss=smoothl1(beta=0.5) | device=cuda:0 | amp=True | grad_accum=1 | grad_clip=1.0
2026-04-20 08:12:46 | INFO | TRAIN   | Phase started | scope=12/90 | batches=687 | batch_size=8 | lr=0.000243588 | device=cuda:0 | amp=True | grad_accum=1 | channels_last=True
2026-04-20 08:12:46 | INFO | TRAIN   | 正在等待首个 batch | scope=12/90 | 首次可能因数据预处理、DataLoader worker 启动和 torch.compile 预热而偏慢。
2026-04-20 08:12:48 | INFO | TRAIN   | 首个 batch 已就绪 | phase=train | epoch=12 | wait_seconds=1.67
2026-04-20 08:15:59 | INFO | TRAIN   | Phase finished | scope=12/90 | loss=0.5527 | final_mae=9.9616 | final_mad=7.9316 | relative_mae=9.9616 | relative_mad=7.9316 | phase_time=193.49s | data_time=154.78s | transfer_time=0.12s | compute_time=38.57s | samples_per_sec=28.38 | avg_batch_time=0.06s | min_batch_time=0.02s | max_batch_time=0.15s | gpu_peak_alloc=160.2MB | gpu_peak_reserved=1656.0MB | optimizer_steps=687
2026-04-20 08:15:59 | INFO | EVAL    | Phase started | scope=12/90 | batches=90 | batch_size=8 | lr=0.000243588 | device=cuda:0 | amp=True | grad_accum=1 | channels_last=True
2026-04-20 08:15:59 | INFO | EVAL    | 正在等待首个 batch | scope=12/90 | 首次可能因数据预处理、DataLoader worker 启动和 torch.compile 预热而偏慢。
2026-04-20 08:16:01 | INFO | EVAL    | 首个 batch 已就绪 | phase=eval | epoch=12 | wait_seconds=1.12
2026-04-20 08:16:23 | INFO | EVAL    | Phase finished | scope=12/90 | loss=0.5869 | final_mae=10.4575 | final_mad=8.1270 | relative_mae=10.4575 | relative_mad=8.1270 | phase_time=23.57s | data_time=19.80s | transfer_time=0.01s | compute_time=3.75s | samples_per_sec=30.25 | avg_batch_time=0.04s | min_batch_time=0.01s | max_batch_time=0.09s | gpu_peak_alloc=160.1MB | gpu_peak_reserved=1656.0MB | optimizer_steps=0
2026-04-20 08:16:23 | INFO | SYSTEM  | Learning rate updated | epoch=12/90 | scheduler=cosine | from=0.000243588 | to=0.0002421
2026-04-20 08:16:23 | INFO | SYSTEM  | Checkpoint saved | kind=last | epoch=12/90 | path=outputs/150-8-no2-90-nob1_train_20260420_073123/model/last_checkpoint.pt
2026-04-20 08:16:23 | INFO | SYSTEM  | Epoch 12/90 finished | train_time=193.49s | eval_time=23.57s | epoch_total_time=217.33s | train_data_time=154.78s | eval_data_time=19.80s | train_transfer_time=0.12s | eval_transfer_time=0.01s | train_compute_time=38.57s | eval_compute_time=3.75s | train_samples_per_sec=28.38 | eval_samples_per_sec=30.25 | train_gpu_peak_alloc=160.2MB | eval_gpu_peak_alloc=160.1MB | train_gpu_peak_reserved=1656.0MB | eval_gpu_peak_reserved=1656.0MB | train_avg_batch_time=0.06s | eval_avg_batch_time=0.04s | train_fastest_batch=0.02s | train_slowest_batch=0.15s | eval_fastest_batch=0.01s | eval_slowest_batch=0.09s
2026-04-20 08:16:23 | INFO | SYSTEM  | Epoch 12/90 metrics | train_loss=0.5527 | val_loss=0.5869 | train_final_mae=9.9616 | val_final_mae=10.4575 | train_relative_mae=9.9616 | val_relative_mae=10.4575 | train_final_mad=7.9316 | val_final_mad=8.1270 | lr_start=0.000243588 | lr_end=0.0002421 | epoch_time=00:03:37 | total_elapsed=00:45:02 | best_updated=False
2026-04-20 08:16:23 | INFO | SYSTEM  | ============================================================================================================
2026-04-20 08:16:23 | INFO | SYSTEM  | Epoch 13/90 started
2026-04-20 08:16:23 | INFO | SYSTEM  | Hyperparams | lr=0.0002421 | train_batch_size=8 | effective_train_batch_size=8 | val_batch_size=8 | test_batch_size=8 | optimizer=adamw | scheduler=cosine | weight_decay=0.0005 | loss=smoothl1(beta=0.5) | device=cuda:0 | amp=True | grad_accum=1 | grad_clip=1.0
2026-04-20 08:16:23 | INFO | TRAIN   | Phase started | scope=13/90 | batches=687 | batch_size=8 | lr=0.0002421 | device=cuda:0 | amp=True | grad_accum=1 | channels_last=True
2026-04-20 08:16:23 | INFO | TRAIN   | 正在等待首个 batch | scope=13/90 | 首次可能因数据预处理、DataLoader worker 启动和 torch.compile 预热而偏慢。
2026-04-20 08:16:25 | INFO | TRAIN   | 首个 batch 已就绪 | phase=train | epoch=13 | wait_seconds=1.84
2026-04-20 08:19:37 | INFO | TRAIN   | Phase finished | scope=13/90 | loss=0.5523 | final_mae=9.9528 | final_mad=7.9238 | relative_mae=9.9528 | relative_mad=7.9238 | phase_time=193.44s | data_time=154.85s | transfer_time=0.12s | compute_time=38.45s | samples_per_sec=28.39 | avg_batch_time=0.06s | min_batch_time=0.02s | max_batch_time=0.37s | gpu_peak_alloc=160.2MB | gpu_peak_reserved=1656.0MB | optimizer_steps=687
2026-04-20 08:19:37 | INFO | EVAL    | Phase started | scope=13/90 | batches=90 | batch_size=8 | lr=0.0002421 | device=cuda:0 | amp=True | grad_accum=1 | channels_last=True
2026-04-20 08:19:37 | INFO | EVAL    | 正在等待首个 batch | scope=13/90 | 首次可能因数据预处理、DataLoader worker 启动和 torch.compile 预热而偏慢。
2026-04-20 08:19:38 | INFO | EVAL    | 首个 batch 已就绪 | phase=eval | epoch=13 | wait_seconds=1.12
2026-04-20 08:20:00 | INFO | EVAL    | Phase finished | scope=13/90 | loss=0.5869 | final_mae=10.4569 | final_mad=8.1211 | relative_mae=10.4569 | relative_mad=8.1211 | phase_time=23.33s | data_time=19.66s | transfer_time=0.01s | compute_time=3.65s | samples_per_sec=30.57 | avg_batch_time=0.04s | min_batch_time=0.02s | max_batch_time=0.08s | gpu_peak_alloc=160.1MB | gpu_peak_reserved=1656.0MB | optimizer_steps=0
2026-04-20 08:20:00 | INFO | SYSTEM  | Learning rate updated | epoch=13/90 | scheduler=cosine | from=0.0002421 | to=0.000240462
2026-04-20 08:20:00 | INFO | SYSTEM  | Checkpoint saved | kind=last | epoch=13/90 | path=outputs/150-8-no2-90-nob1_train_20260420_073123/model/last_checkpoint.pt
2026-04-20 08:20:00 | INFO | SYSTEM  | Epoch 13/90 finished | train_time=193.44s | eval_time=23.33s | epoch_total_time=217.05s | train_data_time=154.85s | eval_data_time=19.66s | train_transfer_time=0.12s | eval_transfer_time=0.01s | train_compute_time=38.45s | eval_compute_time=3.65s | train_samples_per_sec=28.39 | eval_samples_per_sec=30.57 | train_gpu_peak_alloc=160.2MB | eval_gpu_peak_alloc=160.1MB | train_gpu_peak_reserved=1656.0MB | eval_gpu_peak_reserved=1656.0MB | train_avg_batch_time=0.06s | eval_avg_batch_time=0.04s | train_fastest_batch=0.02s | train_slowest_batch=0.37s | eval_fastest_batch=0.02s | eval_slowest_batch=0.08s
2026-04-20 08:20:00 | INFO | SYSTEM  | Epoch 13/90 metrics | train_loss=0.5523 | val_loss=0.5869 | train_final_mae=9.9528 | val_final_mae=10.4569 | train_relative_mae=9.9528 | val_relative_mae=10.4569 | train_final_mad=7.9238 | val_final_mad=8.1211 | lr_start=0.0002421 | lr_end=0.000240462 | epoch_time=00:03:37 | total_elapsed=00:48:39 | best_updated=False
2026-04-20 08:20:00 | INFO | SYSTEM  | ============================================================================================================
2026-04-20 08:20:00 | INFO | SYSTEM  | Epoch 14/90 started
2026-04-20 08:20:00 | INFO | SYSTEM  | Hyperparams | lr=0.000240462 | train_batch_size=8 | effective_train_batch_size=8 | val_batch_size=8 | test_batch_size=8 | optimizer=adamw | scheduler=cosine | weight_decay=0.0005 | loss=smoothl1(beta=0.5) | device=cuda:0 | amp=True | grad_accum=1 | grad_clip=1.0
2026-04-20 08:20:00 | INFO | TRAIN   | Phase started | scope=14/90 | batches=687 | batch_size=8 | lr=0.000240462 | device=cuda:0 | amp=True | grad_accum=1 | channels_last=True
2026-04-20 08:20:00 | INFO | TRAIN   | 正在等待首个 batch | scope=14/90 | 首次可能因数据预处理、DataLoader worker 启动和 torch.compile 预热而偏慢。
2026-04-20 08:20:02 | INFO | TRAIN   | 首个 batch 已就绪 | phase=train | epoch=14 | wait_seconds=1.73
2026-04-20 08:23:14 | INFO | TRAIN   | Phase finished | scope=14/90 | loss=0.5521 | final_mae=9.9492 | final_mad=7.9287 | relative_mae=9.9492 | relative_mad=7.9287 | phase_time=193.31s | data_time=156.06s | transfer_time=0.12s | compute_time=37.10s | samples_per_sec=28.40 | avg_batch_time=0.05s | min_batch_time=0.02s | max_batch_time=0.30s | gpu_peak_alloc=160.2MB | gpu_peak_reserved=1656.0MB | optimizer_steps=687
2026-04-20 08:23:14 | INFO | EVAL    | Phase started | scope=14/90 | batches=90 | batch_size=8 | lr=0.000240462 | device=cuda:0 | amp=True | grad_accum=1 | channels_last=True
2026-04-20 08:23:14 | INFO | EVAL    | 正在等待首个 batch | scope=14/90 | 首次可能因数据预处理、DataLoader worker 启动和 torch.compile 预热而偏慢。
2026-04-20 08:23:15 | INFO | EVAL    | 首个 batch 已就绪 | phase=eval | epoch=14 | wait_seconds=1.10
2026-04-20 08:23:37 | INFO | EVAL    | Phase finished | scope=14/90 | loss=0.5869 | final_mae=10.4573 | final_mad=8.1230 | relative_mae=10.4573 | relative_mad=8.1230 | phase_time=23.31s | data_time=19.40s | transfer_time=0.01s | compute_time=3.89s | samples_per_sec=30.58 | avg_batch_time=0.04s | min_batch_time=0.01s | max_batch_time=0.08s | gpu_peak_alloc=160.1MB | gpu_peak_reserved=1656.0MB | optimizer_steps=0
2026-04-20 08:23:37 | INFO | SYSTEM  | Learning rate updated | epoch=14/90 | scheduler=cosine | from=0.000240462 | to=0.000238678
2026-04-20 08:23:37 | INFO | SYSTEM  | Checkpoint saved | kind=last | epoch=14/90 | path=outputs/150-8-no2-90-nob1_train_20260420_073123/model/last_checkpoint.pt
2026-04-20 08:23:37 | INFO | SYSTEM  | Epoch 14/90 finished | train_time=193.31s | eval_time=23.31s | epoch_total_time=216.86s | train_data_time=156.06s | eval_data_time=19.40s | train_transfer_time=0.12s | eval_transfer_time=0.01s | train_compute_time=37.10s | eval_compute_time=3.89s | train_samples_per_sec=28.40 | eval_samples_per_sec=30.58 | train_gpu_peak_alloc=160.2MB | eval_gpu_peak_alloc=160.1MB | train_gpu_peak_reserved=1656.0MB | eval_gpu_peak_reserved=1656.0MB | train_avg_batch_time=0.05s | eval_avg_batch_time=0.04s | train_fastest_batch=0.02s | train_slowest_batch=0.30s | eval_fastest_batch=0.01s | eval_slowest_batch=0.08s
2026-04-20 08:23:37 | INFO | SYSTEM  | Epoch 14/90 metrics | train_loss=0.5521 | val_loss=0.5869 | train_final_mae=9.9492 | val_final_mae=10.4573 | train_relative_mae=9.9492 | val_relative_mae=10.4573 | train_final_mad=7.9287 | val_final_mad=8.1230 | lr_start=0.000240462 | lr_end=0.000238678 | epoch_time=00:03:36 | total_elapsed=00:52:16 | best_updated=False
2026-04-20 08:23:37 | INFO | SYSTEM  | ============================================================================================================
2026-04-20 08:23:37 | INFO | SYSTEM  | Epoch 15/90 started
2026-04-20 08:23:37 | INFO | SYSTEM  | Hyperparams | lr=0.000238678 | train_batch_size=8 | effective_train_batch_size=8 | val_batch_size=8 | test_batch_size=8 | optimizer=adamw | scheduler=cosine | weight_decay=0.0005 | loss=smoothl1(beta=0.5) | device=cuda:0 | amp=True | grad_accum=1 | grad_clip=1.0
2026-04-20 08:23:37 | INFO | TRAIN   | Phase started | scope=15/90 | batches=687 | batch_size=8 | lr=0.000238678 | device=cuda:0 | amp=True | grad_accum=1 | channels_last=True
2026-04-20 08:23:37 | INFO | TRAIN   | 正在等待首个 batch | scope=15/90 | 首次可能因数据预处理、DataLoader worker 启动和 torch.compile 预热而偏慢。
2026-04-20 08:23:39 | INFO | TRAIN   | 首个 batch 已就绪 | phase=train | epoch=15 | wait_seconds=1.56
2026-04-20 08:26:50 | INFO | TRAIN   | Phase finished | scope=15/90 | loss=0.5527 | final_mae=9.9598 | final_mad=7.9209 | relative_mae=9.9598 | relative_mad=7.9209 | phase_time=192.83s | data_time=154.27s | transfer_time=0.12s | compute_time=38.42s | samples_per_sec=28.48 | avg_batch_time=0.06s | min_batch_time=0.04s | max_batch_time=0.14s | gpu_peak_alloc=160.2MB | gpu_peak_reserved=1656.0MB | optimizer_steps=687
2026-04-20 08:26:50 | INFO | EVAL    | Phase started | scope=15/90 | batches=90 | batch_size=8 | lr=0.000238678 | device=cuda:0 | amp=True | grad_accum=1 | channels_last=True
2026-04-20 08:26:50 | INFO | EVAL    | 正在等待首个 batch | scope=15/90 | 首次可能因数据预处理、DataLoader worker 启动和 torch.compile 预热而偏慢。
2026-04-20 08:26:51 | INFO | EVAL    | 首个 batch 已就绪 | phase=eval | epoch=15 | wait_seconds=1.08
2026-04-20 08:27:13 | INFO | EVAL    | Phase finished | scope=15/90 | loss=0.5869 | final_mae=10.4580 | final_mad=8.1162 | relative_mae=10.4580 | relative_mad=8.1162 | phase_time=23.33s | data_time=19.44s | transfer_time=0.02s | compute_time=3.86s | samples_per_sec=30.57 | avg_batch_time=0.04s | min_batch_time=0.01s | max_batch_time=0.09s | gpu_peak_alloc=160.1MB | gpu_peak_reserved=1656.0MB | optimizer_steps=0
2026-04-20 08:27:13 | INFO | SYSTEM  | Learning rate updated | epoch=15/90 | scheduler=cosine | from=0.000238678 | to=0.000236749
2026-04-20 08:27:14 | INFO | SYSTEM  | Checkpoint saved | kind=last | epoch=15/90 | path=outputs/150-8-no2-90-nob1_train_20260420_073123/model/last_checkpoint.pt
2026-04-20 08:27:14 | INFO | SYSTEM  | Epoch 15/90 finished | train_time=192.83s | eval_time=23.33s | epoch_total_time=216.38s | train_data_time=154.27s | eval_data_time=19.44s | train_transfer_time=0.12s | eval_transfer_time=0.02s | train_compute_time=38.42s | eval_compute_time=3.86s | train_samples_per_sec=28.48 | eval_samples_per_sec=30.57 | train_gpu_peak_alloc=160.2MB | eval_gpu_peak_alloc=160.1MB | train_gpu_peak_reserved=1656.0MB | eval_gpu_peak_reserved=1656.0MB | train_avg_batch_time=0.06s | eval_avg_batch_time=0.04s | train_fastest_batch=0.04s | train_slowest_batch=0.14s | eval_fastest_batch=0.01s | eval_slowest_batch=0.09s
2026-04-20 08:27:14 | INFO | SYSTEM  | Epoch 15/90 metrics | train_loss=0.5527 | val_loss=0.5869 | train_final_mae=9.9598 | val_final_mae=10.4580 | train_relative_mae=9.9598 | val_relative_mae=10.4580 | train_final_mad=7.9209 | val_final_mad=8.1162 | lr_start=0.000238678 | lr_end=0.000236749 | epoch_time=00:03:36 | total_elapsed=00:55:53 | best_updated=False
2026-04-20 08:27:14 | INFO | SYSTEM  | ============================================================================================================
2026-04-20 08:27:14 | INFO | SYSTEM  | Epoch 16/90 started
2026-04-20 08:27:14 | INFO | SYSTEM  | Hyperparams | lr=0.000236749 | train_batch_size=8 | effective_train_batch_size=8 | val_batch_size=8 | test_batch_size=8 | optimizer=adamw | scheduler=cosine | weight_decay=0.0005 | loss=smoothl1(beta=0.5) | device=cuda:0 | amp=True | grad_accum=1 | grad_clip=1.0
2026-04-20 08:27:14 | INFO | TRAIN   | Phase started | scope=16/90 | batches=687 | batch_size=8 | lr=0.000236749 | device=cuda:0 | amp=True | grad_accum=1 | channels_last=True
2026-04-20 08:27:14 | INFO | TRAIN   | 正在等待首个 batch | scope=16/90 | 首次可能因数据预处理、DataLoader worker 启动和 torch.compile 预热而偏慢。
2026-04-20 08:27:15 | INFO | TRAIN   | 首个 batch 已就绪 | phase=train | epoch=16 | wait_seconds=1.80
2026-04-20 08:30:27 | INFO | TRAIN   | Phase finished | scope=16/90 | loss=0.5520 | final_mae=9.9497 | final_mad=7.9082 | relative_mae=9.9497 | relative_mad=7.9082 | phase_time=193.13s | data_time=150.23s | transfer_time=0.12s | compute_time=42.76s | samples_per_sec=28.43 | avg_batch_time=0.06s | min_batch_time=0.03s | max_batch_time=0.26s | gpu_peak_alloc=160.2MB | gpu_peak_reserved=1656.0MB | optimizer_steps=687
2026-04-20 08:30:27 | INFO | EVAL    | Phase started | scope=16/90 | batches=90 | batch_size=8 | lr=0.000236749 | device=cuda:0 | amp=True | grad_accum=1 | channels_last=True
2026-04-20 08:30:27 | INFO | EVAL    | 正在等待首个 batch | scope=16/90 | 首次可能因数据预处理、DataLoader worker 启动和 torch.compile 预热而偏慢。
2026-04-20 08:30:28 | INFO | EVAL    | 首个 batch 已就绪 | phase=eval | epoch=16 | wait_seconds=1.11
2026-04-20 08:30:50 | INFO | EVAL    | Phase finished | scope=16/90 | loss=0.5869 | final_mae=10.4571 | final_mad=8.1201 | relative_mae=10.4571 | relative_mad=8.1201 | phase_time=23.31s | data_time=19.62s | transfer_time=0.02s | compute_time=3.67s | samples_per_sec=30.59 | avg_batch_time=0.04s | min_batch_time=0.01s | max_batch_time=0.08s | gpu_peak_alloc=160.1MB | gpu_peak_reserved=1656.0MB | optimizer_steps=0
2026-04-20 08:30:50 | INFO | SYSTEM  | Learning rate updated | epoch=16/90 | scheduler=cosine | from=0.000236749 | to=0.000234677
2026-04-20 08:30:50 | INFO | SYSTEM  | Checkpoint saved | kind=last | epoch=16/90 | path=outputs/150-8-no2-90-nob1_train_20260420_073123/model/last_checkpoint.pt
2026-04-20 08:30:50 | INFO | SYSTEM  | Epoch 16/90 finished | train_time=193.13s | eval_time=23.31s | epoch_total_time=216.69s | train_data_time=150.23s | eval_data_time=19.62s | train_transfer_time=0.12s | eval_transfer_time=0.02s | train_compute_time=42.76s | eval_compute_time=3.67s | train_samples_per_sec=28.43 | eval_samples_per_sec=30.59 | train_gpu_peak_alloc=160.2MB | eval_gpu_peak_alloc=160.1MB | train_gpu_peak_reserved=1656.0MB | eval_gpu_peak_reserved=1656.0MB | train_avg_batch_time=0.06s | eval_avg_batch_time=0.04s | train_fastest_batch=0.03s | train_slowest_batch=0.26s | eval_fastest_batch=0.01s | eval_slowest_batch=0.08s
2026-04-20 08:30:50 | INFO | SYSTEM  | Epoch 16/90 metrics | train_loss=0.5520 | val_loss=0.5869 | train_final_mae=9.9497 | val_final_mae=10.4571 | train_relative_mae=9.9497 | val_relative_mae=10.4571 | train_final_mad=7.9082 | val_final_mad=8.1201 | lr_start=0.000236749 | lr_end=0.000234677 | epoch_time=00:03:36 | total_elapsed=00:59:29 | best_updated=False
2026-04-20 08:30:50 | INFO | SYSTEM  | ============================================================================================================
2026-04-20 08:30:50 | INFO | SYSTEM  | Epoch 17/90 started
2026-04-20 08:30:50 | INFO | SYSTEM  | Hyperparams | lr=0.000234677 | train_batch_size=8 | effective_train_batch_size=8 | val_batch_size=8 | test_batch_size=8 | optimizer=adamw | scheduler=cosine | weight_decay=0.0005 | loss=smoothl1(beta=0.5) | device=cuda:0 | amp=True | grad_accum=1 | grad_clip=1.0
2026-04-20 08:30:50 | INFO | TRAIN   | Phase started | scope=17/90 | batches=687 | batch_size=8 | lr=0.000234677 | device=cuda:0 | amp=True | grad_accum=1 | channels_last=True
2026-04-20 08:30:50 | INFO | TRAIN   | 正在等待首个 batch | scope=17/90 | 首次可能因数据预处理、DataLoader worker 启动和 torch.compile 预热而偏慢。
2026-04-20 08:30:52 | INFO | TRAIN   | 首个 batch 已就绪 | phase=train | epoch=17 | wait_seconds=1.68
2026-04-20 08:34:04 | INFO | TRAIN   | Phase finished | scope=17/90 | loss=0.5520 | final_mae=9.9504 | final_mad=7.8955 | relative_mae=9.9504 | relative_mad=7.8955 | phase_time=194.00s | data_time=155.06s | transfer_time=0.12s | compute_time=38.79s | samples_per_sec=28.30 | avg_batch_time=0.06s | min_batch_time=0.03s | max_batch_time=0.19s | gpu_peak_alloc=160.2MB | gpu_peak_reserved=1656.0MB | optimizer_steps=687
2026-04-20 08:34:04 | INFO | EVAL    | Phase started | scope=17/90 | batches=90 | batch_size=8 | lr=0.000234677 | device=cuda:0 | amp=True | grad_accum=1 | channels_last=True
2026-04-20 08:34:04 | INFO | EVAL    | 正在等待首个 batch | scope=17/90 | 首次可能因数据预处理、DataLoader worker 启动和 torch.compile 预热而偏慢。
2026-04-20 08:34:05 | INFO | EVAL    | 首个 batch 已就绪 | phase=eval | epoch=17 | wait_seconds=1.11
2026-04-20 08:34:28 | INFO | EVAL    | Phase finished | scope=17/90 | loss=0.5869 | final_mae=10.4573 | final_mad=8.1182 | relative_mae=10.4573 | relative_mad=8.1182 | phase_time=23.33s | data_time=19.40s | transfer_time=0.01s | compute_time=3.91s | samples_per_sec=30.56 | avg_batch_time=0.04s | min_batch_time=0.01s | max_batch_time=0.08s | gpu_peak_alloc=160.1MB | gpu_peak_reserved=1656.0MB | optimizer_steps=0
2026-04-20 08:34:28 | INFO | SYSTEM  | Learning rate updated | epoch=17/90 | scheduler=cosine | from=0.000234677 | to=0.000232465
2026-04-20 08:34:28 | INFO | SYSTEM  | Checkpoint saved | kind=last | epoch=17/90 | path=outputs/150-8-no2-90-nob1_train_20260420_073123/model/last_checkpoint.pt
2026-04-20 08:34:28 | INFO | SYSTEM  | Epoch 17/90 finished | train_time=194.00s | eval_time=23.33s | epoch_total_time=217.58s | train_data_time=155.06s | eval_data_time=19.40s | train_transfer_time=0.12s | eval_transfer_time=0.01s | train_compute_time=38.79s | eval_compute_time=3.91s | train_samples_per_sec=28.30 | eval_samples_per_sec=30.56 | train_gpu_peak_alloc=160.2MB | eval_gpu_peak_alloc=160.1MB | train_gpu_peak_reserved=1656.0MB | eval_gpu_peak_reserved=1656.0MB | train_avg_batch_time=0.06s | eval_avg_batch_time=0.04s | train_fastest_batch=0.03s | train_slowest_batch=0.19s | eval_fastest_batch=0.01s | eval_slowest_batch=0.08s
2026-04-20 08:34:28 | INFO | SYSTEM  | Epoch 17/90 metrics | train_loss=0.5520 | val_loss=0.5869 | train_final_mae=9.9504 | val_final_mae=10.4573 | train_relative_mae=9.9504 | val_relative_mae=10.4573 | train_final_mad=7.8955 | val_final_mad=8.1182 | lr_start=0.000234677 | lr_end=0.000232465 | epoch_time=00:03:37 | total_elapsed=01:03:07 | best_updated=False
2026-04-20 08:34:28 | INFO | SYSTEM  | Checkpoint saved | kind=last(early-stop) | epoch=17/90 | path=outputs/150-8-no2-90-nob1_train_20260420_073123/model/last_checkpoint.pt
2026-04-20 08:34:28 | INFO | SYSTEM  | Early stopping triggered | epoch=17/90 | patience=16 | min_delta=0.0100 | best_mae=10.4572
2026-04-20 08:34:28 | INFO | SYSTEM  | 开始加载最佳 checkpoint 并执行最终验证。
2026-04-20 08:34:28 | INFO | EVAL    | Phase started | scope=best-val | batches=90 | batch_size=8 | lr=0.000232465 | device=cuda:0 | amp=True | grad_accum=1 | channels_last=True
2026-04-20 08:34:28 | INFO | EVAL    | 正在等待首个 batch | scope=best-val | 首次可能因数据预处理、DataLoader worker 启动和 torch.compile 预热而偏慢。
2026-04-20 08:34:29 | INFO | EVAL    | 首个 batch 已就绪 | phase=eval | epoch=None | wait_seconds=1.08
2026-04-20 08:34:51 | INFO | EVAL    | Phase finished | scope=best-val | loss=0.5869 | final_mae=10.4572 | final_mad=8.1162 | relative_mae=10.4572 | relative_mad=8.1162 | phase_time=22.76s | data_time=18.53s | transfer_time=0.01s | compute_time=4.21s | samples_per_sec=31.33 | avg_batch_time=0.05s | min_batch_time=0.01s | max_batch_time=0.09s | gpu_peak_alloc=160.1MB | gpu_peak_reserved=1656.0MB | optimizer_steps=0
2026-04-20 08:34:51 | INFO | SYSTEM  | 开始执行 test 集评估。
2026-04-20 08:34:51 | INFO | EVAL    | Phase started | scope=test | batches=10 | batch_size=8 | lr=0.000232465 | device=cuda:0 | amp=True | grad_accum=1 | channels_last=True
2026-04-20 08:34:51 | INFO | EVAL    | 正在等待首个 batch | scope=test | 首次可能因数据预处理、DataLoader worker 启动和 torch.compile 预热而偏慢。
2026-04-20 08:34:53 | INFO | EVAL    | 首个 batch 已就绪 | phase=eval | epoch=None | wait_seconds=1.63
2026-04-20 08:34:57 | INFO | EVAL    | Phase finished | scope=test | loss=n/a | final_mae=n/a | final_mad=n/a | relative_mae=n/a | relative_mad=n/a | phase_time=6.12s | data_time=3.61s | transfer_time=0.00s | compute_time=2.51s | samples_per_sec=12.91 | avg_batch_time=0.25s | min_batch_time=0.04s | max_batch_time=1.94s | gpu_peak_alloc=792.1MB | gpu_peak_reserved=1656.0MB | optimizer_steps=0
2026-04-20 08:34:57 | INFO | SYSTEM  | 开始生成训练报告文件。
2026-04-20 08:35:07 | INFO | SYSTEM  | 训练报告生成完成。
2026-04-20 08:35:07 | INFO | SYSTEM  | 训练任务完成 | total_elapsed=01:03:46 | run_dir=outputs/150-8-no2-90-nob1_train_20260420_073123 | best_checkpoint=outputs/150-8-no2-90-nob1_train_20260420_073123/model/best_model.pt | last_checkpoint=outputs/150-8-no2-90-nob1_train_20260420_073123/model/last_checkpoint.pt
