2026-04-27 13:42:46 | INFO | SYSTEM  | 训练任务开始 | run_dir=outputs/ablation_innovation_01_wo_efficientnet_b0_train_20260427_134245 | timer_source=ui | elapsed=00:00:03
2026-04-27 13:42:46 | INFO | SYSTEM  | 训练模式 | mode=fresh | checkpoint=n/a
2026-04-27 13:42:46 | INFO | SYSTEM  | Running mode: enhanced (default)
2026-04-27 13:42:46 | INFO | SYSTEM  | - SIMBA: partial
2026-04-27 13:42:46 | INFO | SYSTEM  | - BoNet: partial
2026-04-27 13:42:46 | INFO | SYSTEM  | Mode note: Engineering-enhanced multimodal framework.
2026-04-27 13:42:47 | INFO | SYSTEM  | 运行环境 | python=3.12.12 | packaged by Anaconda, Inc. | (main, Oct 21 2025, 20:16:04) [GCC 11.2.0] | executable=/home/lqw/anaconda3/envs/MyBysj/bin/python | platform=Linux-6.6.87.2-microsoft-standard-WSL2-x86_64-with-glibc2.39 | is_wsl=True | filesystem_encoding=utf-8 | preferred_encoding=UTF-8 | stdout_encoding=utf-8
2026-04-27 13:42:47 | INFO | SYSTEM  | 依赖版本 | torch=2.10.0+cu130 | torchvision=0.25.0+cu130 | torchaudio=2.10.0+cu130 | numpy=2.4.2 | pandas=3.0.0 | cuda_build=13.0 | torch_cuda_built=True | amp_available=True | compile_available=True | triton_available=True
2026-04-27 13:42:47 | INFO | SYSTEM  | 设备环境 | requested_device=cuda:0 | selected_device=cuda:0 | cuda_available=True | device_count=1 | gpus=['NVIDIA GeForce RTX 3060 Laptop GPU'] | nvidia_smi=driver=591.86 | gpus=['NVIDIA GeForce RTX 3060 Laptop GPU'] | device_nodes=['/dev/dxg'] | deterministic=False | cudnn_benchmark=True | tf32_matmul=True | tf32_cudnn=True | matmul_precision=high
2026-04-27 13:42:47 | INFO | SYSTEM  | 数据检查 | split=train | matched=5491 | missing_image=0 | missing_csv=0 | missing_roi=0 | duplicate_csv=0 | duplicate_image=0 | duplicate_roi=0 | unreadable=0
2026-04-27 13:42:47 | INFO | SYSTEM  | 数据检查 | split=val | matched=713 | missing_image=0 | missing_csv=0 | missing_roi=0 | duplicate_csv=0 | duplicate_image=0 | duplicate_roi=0 | unreadable=0
2026-04-27 13:42:47 | INFO | SYSTEM  | 数据检查 | split=test | matched=79 | missing_image=0 | missing_csv=0 | missing_roi=0 | duplicate_csv=0 | duplicate_image=0 | duplicate_roi=0 | unreadable=0
2026-04-27 13:42:47 | INFO | SYSTEM  | Image normalization | source=auto_train_stats(cache) | mean=0.58058435 | std=0.32301837 | cache=dataset/train_mean_std.json
2026-04-27 13:42:47 | INFO | SYSTEM  | 图像输入 | loader=cv2.IMREAD_GRAYSCALE | channels=1
2026-04-27 13:42:47 | INFO | SYSTEM  | 数据摘要 | split=train | matched=5491 | used=5491 | csv_columns=['ID', 'Male', 'Boneage', 'Chronological'] | sex_field=Male | chronological_field=Chronological | boneage_field=Boneage | image_ext=['.png'] | missing_target_in_used=0 | chronological_range={'min': 10.0, 'max': 242.0} | boneage_range={'min': 12.0, 'max': 228.0}
2026-04-27 13:42:47 | INFO | SYSTEM  | 数据摘要 | split=val | matched=713 | used=713 | csv_columns=['ID', 'Male', 'Boneage', 'Chronological'] | sex_field=Male | chronological_field=Chronological | boneage_field=Boneage | image_ext=['.png'] | missing_target_in_used=0 | chronological_range={'min': 11.0, 'max': 265.0} | boneage_range={'min': 12.0, 'max': 228.0}
2026-04-27 13:42:47 | INFO | SYSTEM  | 数据摘要 | split=test | matched=79 | used=79 | csv_columns=['ID', 'Male', 'Chronological'] | sex_field=Male | chronological_field=Chronological | boneage_field=None | image_ext=['.png'] | missing_target_in_used=79 | chronological_range={'min': 29.0, 'max': 201.0} | boneage_range=None
2026-04-27 13:42:47 | INFO | SYSTEM  | CONFIG SUMMARY:
2026-04-27 13:42:47 | INFO | SYSTEM  | - model type: SingleBackboneModel(resnet18)
2026-04-27 13:42:47 | INFO | SYSTEM  | - metadata mode: mlp | inputs: male, chronological
2026-04-27 13:42:47 | INFO | SYSTEM  | - structure switches: ensemble=resnet | branch=global_local | local_mode=patch_heatmap | target=relative | metadata=True(mlp;g=True,c=True) | heatmap_guidance=True | cbam=True[g=True,l=True]
2026-04-27 13:42:47 | INFO | SYSTEM  | - backbones: resnet=resnet18 | efficientnet=efficientnet_b0 | pretrained=False
2026-04-27 13:42:47 | INFO | SYSTEM  | - input modalities: grayscale_global_image, global_roi_heatmap, local_patches, local_heatmaps, roi_geometry_vector, male, chronological
2026-04-27 13:42:47 | INFO | SYSTEM  | - target type: relative_age = Boneage - Chronological -> final_boneage = Chronological + predicted_relative_age
2026-04-27 13:42:47 | INFO | SYSTEM  | - data strategy: input_size=384 | local_patch=96 | crop=bbox | crop_margin=0.0800 | sigma_ratio=0.0350 | sigma_min=8.00
2026-04-27 13:42:47 | INFO | SYSTEM  | - optimization: epochs=150 | batch=8 | grad_accum=1 | optimizer=adamw | lr=0.00025 | weight_decay=0.0005 | scheduler=cosine[factor=0.500,patience=2] | warmup_epochs=3 | amp=True | compile=True(mode=reduce-overhead) | loss=smoothl1(beta=0.5) | best_metric=mae
2026-04-27 13:42:47 | INFO | SYSTEM  | - augmentation: affine_p=0.65 | flip=False(p=0.50) | noise=False(p=0.12) | blur=False(p=0.08)
2026-04-27 13:42:47 | INFO | SYSTEM  | - dataset size: {'train': 5491, 'val': 713, 'test': 79}
2026-04-27 13:42:47 | INFO | SYSTEM  | - device: cuda:0
2026-04-27 13:42:47 | INFO | SYSTEM  | - image normalization: source=auto_train_stats(cache) mean=0.58058435 std=0.32301837
2026-04-27 13:42:47 | INFO | SYSTEM  | DataLoader | num_workers=2 | pin_memory=True | persistent_workers=True | prefetch_factor=2
2026-04-27 13:42:48 | INFO | SYSTEM  | 设备自检 | model_device=cuda:0 | probe_device=cuda:0 | current_device=0 | name=NVIDIA GeForce RTX 3060 Laptop GPU | total_memory_mb=6143 | allocated_mb=46.1 | reserved_mb=88.0
2026-04-27 13:42:48 | INFO | SYSTEM  | torch.compile requested: True
2026-04-27 13:42:48 | INFO | SYSTEM  | torch.compile available: True
2026-04-27 13:42:48 | INFO | SYSTEM  | torch.compile actually used: True
2026-04-27 13:42:48 | INFO | SYSTEM  | torch.compile details: mode=reduce-overhead | cudagraphs=True
2026-04-27 13:42:49 | INFO | SYSTEM  | Effective params | mode=enhanced | device=cuda:0 | epochs=150 | batch_size=8 | effective_batch_size=8 | optimizer=adamw | lr=0.00025 | weight_decay=0.0005 | scheduler=cosine[factor=0.500,patience=2,cooldown=0] | warmup_epochs=3 | amp=True->True | compile=True/True/True(mode=reduce-overhead) | channels_last=True | eval_interval=1 | early_stopping_patience=16 | num_workers=2 | pin_memory=True | persistent_workers=True | prefetch_factor=2 | verify_images=False | ensemble=resnet | branch=global_local | local_mode=patch_heatmap | metadata=True(mlp;g=True,c=True;inputs=male, chronological) | heatmap_guidance=True | cbam=True[g=True,l=True] | input_size=384 | local_patch_size=96 | crop=bbox(margin=0.080) | sigma=(0.0350,8.00) | target_type=relative_age = Boneage - Chronological -> final_boneage = Chronological + predicted_relative_age | normalization=(0.58058435,0.32301837,auto_train_stats(cache)) | dataset_sizes={'train': 5491, 'val': 713, 'test': 79}
2026-04-27 13:42:49 | INFO | SYSTEM  | ============================================================================================================
2026-04-27 13:42:49 | INFO | SYSTEM  | Epoch 1/150 started
2026-04-27 13:42:49 | INFO | SYSTEM  | Hyperparams | lr=0.000116667 | train_batch_size=8 | effective_train_batch_size=8 | val_batch_size=8 | test_batch_size=8 | optimizer=adamw | scheduler=cosine | weight_decay=0.0005 | loss=smoothl1(beta=0.5) | device=cuda:0 | amp=True | grad_accum=1 | grad_clip=1.0
2026-04-27 13:42:49 | INFO | TRAIN   | Phase started | scope=1/150 | batches=687 | batch_size=8 | lr=0.000116667 | device=cuda:0 | amp=True | grad_accum=1 | channels_last=True
2026-04-27 13:42:49 | INFO | TRAIN   | 正在等待首个 batch | scope=1/150 | 首次可能因数据预处理、DataLoader worker 启动和 torch.compile 预热而偏慢。
2026-04-27 13:42:51 | INFO | TRAIN   | 首个 batch 已就绪 | phase=train | epoch=1 | wait_seconds=2.08
2026-04-27 13:42:51 | INFO | TRAIN   | 首个 batch | phase=train | epoch=1 | model_device=cuda:0 | global_image=cuda:0 | local_images=cuda:0 | global_heatmap=cuda:0 | roi_vector=cuda:0
2026-04-27 13:46:41 | INFO | TRAIN   | Phase finished | scope=1/150 | loss=0.5519 | final_mae=9.9490 | final_mad=7.8101 | relative_mae=9.9490 | relative_mad=7.8101 | phase_time=257.37s | data_time=196.66s | transfer_time=0.15s | compute_time=60.54s | samples_per_sec=21.33 | avg_batch_time=0.09s | min_batch_time=0.05s | max_batch_time=11.82s | gpu_peak_alloc=1054.1MB | gpu_peak_reserved=1654.0MB | optimizer_steps=687
2026-04-27 13:46:41 | INFO | EVAL    | Phase started | scope=1/150 | batches=90 | batch_size=8 | lr=0.000116667 | device=cuda:0 | amp=True | grad_accum=1 | channels_last=True
2026-04-27 13:46:41 | INFO | EVAL    | 正在等待首个 batch | scope=1/150 | 首次可能因数据预处理、DataLoader worker 启动和 torch.compile 预热而偏慢。
2026-04-27 13:46:43 | INFO | EVAL    | 首个 batch 已就绪 | phase=eval | epoch=1 | wait_seconds=1.37
2026-04-27 13:46:43 | INFO | EVAL    | 首个 batch | phase=eval | epoch=1 | model_device=cuda:0 | global_image=cuda:0 | local_images=cuda:0 | global_heatmap=cuda:0 | roi_vector=cuda:0
2026-04-27 13:47:13 | INFO | EVAL    | Phase finished | scope=1/150 | loss=0.5863 | final_mae=10.4485 | final_mad=8.2666 | relative_mae=10.4485 | relative_mad=8.2666 | phase_time=34.76s | data_time=24.64s | transfer_time=0.02s | compute_time=10.10s | samples_per_sec=20.51 | avg_batch_time=0.11s | min_batch_time=0.02s | max_batch_time=3.18s | gpu_peak_alloc=775.9MB | gpu_peak_reserved=1656.0MB | optimizer_steps=0
2026-04-27 13:47:13 | INFO | SYSTEM  | Learning rate updated | epoch=1/150 | scheduler=warmup | from=0.000116667 | to=0.000183333
2026-04-27 13:47:14 | INFO | SYSTEM  | Best model updated | epoch=1/150 | metric=mae | value=10.4485 | path=outputs/ablation_innovation_01_wo_efficientnet_b0_train_20260427_134245/model/best_model.pt
2026-04-27 13:47:14 | INFO | SYSTEM  | Checkpoint saved | kind=last | epoch=1/150 | path=outputs/ablation_innovation_01_wo_efficientnet_b0_train_20260427_134245/model/last_checkpoint.pt
2026-04-27 13:47:14 | INFO | SYSTEM  | Epoch 1/150 finished | train_time=257.37s | eval_time=34.76s | epoch_total_time=292.82s | train_data_time=196.66s | eval_data_time=24.64s | train_transfer_time=0.15s | eval_transfer_time=0.02s | train_compute_time=60.54s | eval_compute_time=10.10s | train_samples_per_sec=21.33 | eval_samples_per_sec=20.51 | train_gpu_peak_alloc=1054.1MB | eval_gpu_peak_alloc=775.9MB | train_gpu_peak_reserved=1654.0MB | eval_gpu_peak_reserved=1656.0MB | train_avg_batch_time=0.09s | eval_avg_batch_time=0.11s | train_fastest_batch=0.05s | train_slowest_batch=11.82s | eval_fastest_batch=0.02s | eval_slowest_batch=3.18s
2026-04-27 13:47:14 | INFO | SYSTEM  | Epoch 1/150 metrics | train_loss=0.5519 | val_loss=0.5863 | train_final_mae=9.9490 | val_final_mae=10.4485 | train_relative_mae=9.9490 | val_relative_mae=10.4485 | train_final_mad=7.8101 | val_final_mad=8.2666 | lr_start=0.000116667 | lr_end=0.000183333 | epoch_time=00:04:52 | total_elapsed=00:04:58 | best_updated=True
2026-04-27 13:47:14 | INFO | SYSTEM  | ============================================================================================================
2026-04-27 13:47:14 | INFO | SYSTEM  | Epoch 2/150 started
2026-04-27 13:47:14 | INFO | SYSTEM  | Hyperparams | lr=0.000183333 | train_batch_size=8 | effective_train_batch_size=8 | val_batch_size=8 | test_batch_size=8 | optimizer=adamw | scheduler=cosine | weight_decay=0.0005 | loss=smoothl1(beta=0.5) | device=cuda:0 | amp=True | grad_accum=1 | grad_clip=1.0
2026-04-27 13:47:14 | INFO | TRAIN   | Phase started | scope=2/150 | batches=687 | batch_size=8 | lr=0.000183333 | device=cuda:0 | amp=True | grad_accum=1 | channels_last=True
2026-04-27 13:47:14 | INFO | TRAIN   | 正在等待首个 batch | scope=2/150 | 首次可能因数据预处理、DataLoader worker 启动和 torch.compile 预热而偏慢。
2026-04-27 13:47:15 | INFO | TRAIN   | 首个 batch 已就绪 | phase=train | epoch=2 | wait_seconds=1.99
2026-04-27 13:50:45 | INFO | TRAIN   | Phase finished | scope=2/150 | loss=0.5519 | final_mae=9.9492 | final_mad=7.8564 | relative_mae=9.9492 | relative_mad=7.8564 | phase_time=232.02s | data_time=190.95s | transfer_time=0.16s | compute_time=40.90s | samples_per_sec=23.67 | avg_batch_time=0.06s | min_batch_time=0.05s | max_batch_time=0.43s | gpu_peak_alloc=777.4MB | gpu_peak_reserved=1656.0MB | optimizer_steps=687
2026-04-27 13:50:45 | INFO | EVAL    | Phase started | scope=2/150 | batches=90 | batch_size=8 | lr=0.000183333 | device=cuda:0 | amp=True | grad_accum=1 | channels_last=True
2026-04-27 13:50:45 | INFO | EVAL    | 正在等待首个 batch | scope=2/150 | 首次可能因数据预处理、DataLoader worker 启动和 torch.compile 预热而偏慢。
2026-04-27 13:50:46 | INFO | EVAL    | 首个 batch 已就绪 | phase=eval | epoch=2 | wait_seconds=1.38
2026-04-27 13:51:12 | INFO | EVAL    | Phase finished | scope=2/150 | loss=0.5863 | final_mae=10.4482 | final_mad=8.2773 | relative_mae=10.4482 | relative_mad=8.2773 | phase_time=30.18s | data_time=25.84s | transfer_time=0.02s | compute_time=4.31s | samples_per_sec=23.63 | avg_batch_time=0.05s | min_batch_time=0.02s | max_batch_time=0.16s | gpu_peak_alloc=160.1MB | gpu_peak_reserved=1656.0MB | optimizer_steps=0
2026-04-27 13:51:12 | INFO | SYSTEM  | Learning rate updated | epoch=2/150 | scheduler=warmup | from=0.000183333 | to=0.00025
2026-04-27 13:51:12 | INFO | SYSTEM  | Checkpoint saved | kind=last | epoch=2/150 | path=outputs/ablation_innovation_01_wo_efficientnet_b0_train_20260427_134245/model/last_checkpoint.pt
2026-04-27 13:51:12 | INFO | SYSTEM  | Epoch 2/150 finished | train_time=232.02s | eval_time=30.18s | epoch_total_time=262.57s | train_data_time=190.95s | eval_data_time=25.84s | train_transfer_time=0.16s | eval_transfer_time=0.02s | train_compute_time=40.90s | eval_compute_time=4.31s | train_samples_per_sec=23.67 | eval_samples_per_sec=23.63 | train_gpu_peak_alloc=777.4MB | eval_gpu_peak_alloc=160.1MB | train_gpu_peak_reserved=1656.0MB | eval_gpu_peak_reserved=1656.0MB | train_avg_batch_time=0.06s | eval_avg_batch_time=0.05s | train_fastest_batch=0.05s | train_slowest_batch=0.43s | eval_fastest_batch=0.02s | eval_slowest_batch=0.16s
2026-04-27 13:51:12 | INFO | SYSTEM  | Epoch 2/150 metrics | train_loss=0.5519 | val_loss=0.5863 | train_final_mae=9.9492 | val_final_mae=10.4482 | train_relative_mae=9.9492 | val_relative_mae=10.4482 | train_final_mad=7.8564 | val_final_mad=8.2773 | lr_start=0.000183333 | lr_end=0.00025 | epoch_time=00:04:22 | total_elapsed=00:09:21 | best_updated=False
2026-04-27 13:51:12 | INFO | SYSTEM  | ============================================================================================================
2026-04-27 13:51:12 | INFO | SYSTEM  | Epoch 3/150 started
2026-04-27 13:51:12 | INFO | SYSTEM  | Hyperparams | lr=0.00025 | train_batch_size=8 | effective_train_batch_size=8 | val_batch_size=8 | test_batch_size=8 | optimizer=adamw | scheduler=cosine | weight_decay=0.0005 | loss=smoothl1(beta=0.5) | device=cuda:0 | amp=True | grad_accum=1 | grad_clip=1.0
2026-04-27 13:51:12 | INFO | TRAIN   | Phase started | scope=3/150 | batches=687 | batch_size=8 | lr=0.00025 | device=cuda:0 | amp=True | grad_accum=1 | channels_last=True
2026-04-27 13:51:12 | INFO | TRAIN   | 正在等待首个 batch | scope=3/150 | 首次可能因数据预处理、DataLoader worker 启动和 torch.compile 预热而偏慢。
2026-04-27 13:51:14 | INFO | TRAIN   | 首个 batch 已就绪 | phase=train | epoch=3 | wait_seconds=2.00
2026-04-27 13:54:42 | INFO | TRAIN   | Phase finished | scope=3/150 | loss=0.5517 | final_mae=9.9464 | final_mad=7.8213 | relative_mae=9.9464 | relative_mad=7.8213 | phase_time=230.31s | data_time=189.14s | transfer_time=0.16s | compute_time=40.99s | samples_per_sec=23.84 | avg_batch_time=0.06s | min_batch_time=0.04s | max_batch_time=0.23s | gpu_peak_alloc=160.2MB | gpu_peak_reserved=1656.0MB | optimizer_steps=687
2026-04-27 13:54:42 | INFO | EVAL    | Phase started | scope=3/150 | batches=90 | batch_size=8 | lr=0.00025 | device=cuda:0 | amp=True | grad_accum=1 | channels_last=True
2026-04-27 13:54:42 | INFO | EVAL    | 正在等待首个 batch | scope=3/150 | 首次可能因数据预处理、DataLoader worker 启动和 torch.compile 预热而偏慢。
2026-04-27 13:54:43 | INFO | EVAL    | 首个 batch 已就绪 | phase=eval | epoch=3 | wait_seconds=1.42
2026-04-27 13:55:09 | INFO | EVAL    | Phase finished | scope=3/150 | loss=0.5863 | final_mae=10.4486 | final_mad=8.2637 | relative_mae=10.4486 | relative_mad=8.2637 | phase_time=30.10s | data_time=25.73s | transfer_time=0.02s | compute_time=4.35s | samples_per_sec=23.69 | avg_batch_time=0.05s | min_batch_time=0.02s | max_batch_time=0.09s | gpu_peak_alloc=160.1MB | gpu_peak_reserved=1656.0MB | optimizer_steps=0
2026-04-27 13:55:09 | INFO | SYSTEM  | Learning rate updated | epoch=3/150 | scheduler=cosine | from=0.00025 | to=0.000249972
2026-04-27 13:55:10 | INFO | SYSTEM  | Checkpoint saved | kind=last | epoch=3/150 | path=outputs/ablation_innovation_01_wo_efficientnet_b0_train_20260427_134245/model/last_checkpoint.pt
2026-04-27 13:55:10 | INFO | SYSTEM  | Epoch 3/150 finished | train_time=230.31s | eval_time=30.10s | epoch_total_time=260.72s | train_data_time=189.14s | eval_data_time=25.73s | train_transfer_time=0.16s | eval_transfer_time=0.02s | train_compute_time=40.99s | eval_compute_time=4.35s | train_samples_per_sec=23.84 | eval_samples_per_sec=23.69 | train_gpu_peak_alloc=160.2MB | eval_gpu_peak_alloc=160.1MB | train_gpu_peak_reserved=1656.0MB | eval_gpu_peak_reserved=1656.0MB | train_avg_batch_time=0.06s | eval_avg_batch_time=0.05s | train_fastest_batch=0.04s | train_slowest_batch=0.23s | eval_fastest_batch=0.02s | eval_slowest_batch=0.09s
2026-04-27 13:55:10 | INFO | SYSTEM  | Epoch 3/150 metrics | train_loss=0.5517 | val_loss=0.5863 | train_final_mae=9.9464 | val_final_mae=10.4486 | train_relative_mae=9.9464 | val_relative_mae=10.4486 | train_final_mad=7.8213 | val_final_mad=8.2637 | lr_start=0.00025 | lr_end=0.000249972 | epoch_time=00:04:20 | total_elapsed=00:13:42 | best_updated=False
2026-04-27 13:55:10 | INFO | SYSTEM  | ============================================================================================================
2026-04-27 13:55:10 | INFO | SYSTEM  | Epoch 4/150 started
2026-04-27 13:55:10 | INFO | SYSTEM  | Hyperparams | lr=0.000249972 | train_batch_size=8 | effective_train_batch_size=8 | val_batch_size=8 | test_batch_size=8 | optimizer=adamw | scheduler=cosine | weight_decay=0.0005 | loss=smoothl1(beta=0.5) | device=cuda:0 | amp=True | grad_accum=1 | grad_clip=1.0
2026-04-27 13:55:10 | INFO | TRAIN   | Phase started | scope=4/150 | batches=687 | batch_size=8 | lr=0.000249972 | device=cuda:0 | amp=True | grad_accum=1 | channels_last=True
2026-04-27 13:55:10 | INFO | TRAIN   | 正在等待首个 batch | scope=4/150 | 首次可能因数据预处理、DataLoader worker 启动和 torch.compile 预热而偏慢。
2026-04-27 13:55:11 | INFO | TRAIN   | 首个 batch 已就绪 | phase=train | epoch=4 | wait_seconds=2.07
2026-04-27 13:58:42 | INFO | TRAIN   | Phase finished | scope=4/150 | loss=0.5516 | final_mae=9.9439 | final_mad=7.8418 | relative_mae=9.9439 | relative_mad=7.8418 | phase_time=234.14s | data_time=193.13s | transfer_time=0.16s | compute_time=40.83s | samples_per_sec=23.45 | avg_batch_time=0.06s | min_batch_time=0.03s | max_batch_time=0.23s | gpu_peak_alloc=160.2MB | gpu_peak_reserved=1656.0MB | optimizer_steps=687
2026-04-27 13:58:42 | INFO | EVAL    | Phase started | scope=4/150 | batches=90 | batch_size=8 | lr=0.000249972 | device=cuda:0 | amp=True | grad_accum=1 | channels_last=True
2026-04-27 13:58:42 | INFO | EVAL    | 正在等待首个 batch | scope=4/150 | 首次可能因数据预处理、DataLoader worker 启动和 torch.compile 预热而偏慢。
2026-04-27 13:58:44 | INFO | EVAL    | 首个 batch 已就绪 | phase=eval | epoch=4 | wait_seconds=1.40
2026-04-27 13:59:10 | INFO | EVAL    | Phase finished | scope=4/150 | loss=0.5863 | final_mae=10.4486 | final_mad=8.2676 | relative_mae=10.4486 | relative_mad=8.2676 | phase_time=30.17s | data_time=25.89s | transfer_time=0.02s | compute_time=4.25s | samples_per_sec=23.64 | avg_batch_time=0.05s | min_batch_time=0.02s | max_batch_time=0.09s | gpu_peak_alloc=160.1MB | gpu_peak_reserved=1656.0MB | optimizer_steps=0
2026-04-27 13:59:10 | INFO | SYSTEM  | Learning rate updated | epoch=4/150 | scheduler=cosine | from=0.000249972 | to=0.000249888
2026-04-27 13:59:10 | INFO | SYSTEM  | Checkpoint saved | kind=last | epoch=4/150 | path=outputs/ablation_innovation_01_wo_efficientnet_b0_train_20260427_134245/model/last_checkpoint.pt
2026-04-27 13:59:10 | INFO | SYSTEM  | Epoch 4/150 finished | train_time=234.14s | eval_time=30.17s | epoch_total_time=264.60s | train_data_time=193.13s | eval_data_time=25.89s | train_transfer_time=0.16s | eval_transfer_time=0.02s | train_compute_time=40.83s | eval_compute_time=4.25s | train_samples_per_sec=23.45 | eval_samples_per_sec=23.64 | train_gpu_peak_alloc=160.2MB | eval_gpu_peak_alloc=160.1MB | train_gpu_peak_reserved=1656.0MB | eval_gpu_peak_reserved=1656.0MB | train_avg_batch_time=0.06s | eval_avg_batch_time=0.05s | train_fastest_batch=0.03s | train_slowest_batch=0.23s | eval_fastest_batch=0.02s | eval_slowest_batch=0.09s
2026-04-27 13:59:10 | INFO | SYSTEM  | Epoch 4/150 metrics | train_loss=0.5516 | val_loss=0.5863 | train_final_mae=9.9439 | val_final_mae=10.4486 | train_relative_mae=9.9439 | val_relative_mae=10.4486 | train_final_mad=7.8418 | val_final_mad=8.2676 | lr_start=0.000249972 | lr_end=0.000249888 | epoch_time=00:04:24 | total_elapsed=00:18:06 | best_updated=False
2026-04-27 13:59:10 | INFO | SYSTEM  | ============================================================================================================
2026-04-27 13:59:10 | INFO | SYSTEM  | Epoch 5/150 started
2026-04-27 13:59:10 | INFO | SYSTEM  | Hyperparams | lr=0.000249888 | train_batch_size=8 | effective_train_batch_size=8 | val_batch_size=8 | test_batch_size=8 | optimizer=adamw | scheduler=cosine | weight_decay=0.0005 | loss=smoothl1(beta=0.5) | device=cuda:0 | amp=True | grad_accum=1 | grad_clip=1.0
2026-04-27 13:59:10 | INFO | TRAIN   | Phase started | scope=5/150 | batches=687 | batch_size=8 | lr=0.000249888 | device=cuda:0 | amp=True | grad_accum=1 | channels_last=True
2026-04-27 13:59:10 | INFO | TRAIN   | 正在等待首个 batch | scope=5/150 | 首次可能因数据预处理、DataLoader worker 启动和 torch.compile 预热而偏慢。
2026-04-27 13:59:12 | INFO | TRAIN   | 首个 batch 已就绪 | phase=train | epoch=5 | wait_seconds=2.10
2026-04-27 14:02:43 | INFO | TRAIN   | Phase finished | scope=5/150 | loss=0.5514 | final_mae=9.9431 | final_mad=7.8164 | relative_mae=9.9431 | relative_mad=7.8164 | phase_time=234.05s | data_time=191.81s | transfer_time=0.15s | compute_time=42.07s | samples_per_sec=23.46 | avg_batch_time=0.06s | min_batch_time=0.03s | max_batch_time=0.40s | gpu_peak_alloc=160.2MB | gpu_peak_reserved=1656.0MB | optimizer_steps=687
2026-04-27 14:02:43 | INFO | EVAL    | Phase started | scope=5/150 | batches=90 | batch_size=8 | lr=0.000249888 | device=cuda:0 | amp=True | grad_accum=1 | channels_last=True
2026-04-27 14:02:43 | INFO | EVAL    | 正在等待首个 batch | scope=5/150 | 首次可能因数据预处理、DataLoader worker 启动和 torch.compile 预热而偏慢。
2026-04-27 14:02:44 | INFO | EVAL    | 首个 batch 已就绪 | phase=eval | epoch=5 | wait_seconds=1.39
2026-04-27 14:03:13 | INFO | EVAL    | Phase finished | scope=5/150 | loss=0.5863 | final_mae=10.4484 | final_mad=8.2549 | relative_mae=10.4484 | relative_mad=8.2549 | phase_time=30.69s | data_time=26.04s | transfer_time=0.02s | compute_time=4.63s | samples_per_sec=23.23 | avg_batch_time=0.05s | min_batch_time=0.01s | max_batch_time=0.10s | gpu_peak_alloc=160.1MB | gpu_peak_reserved=1656.0MB | optimizer_steps=0
2026-04-27 14:03:13 | INFO | SYSTEM  | Learning rate updated | epoch=5/150 | scheduler=cosine | from=0.000249888 | to=0.000249748
2026-04-27 14:03:13 | INFO | SYSTEM  | Checkpoint saved | kind=last | epoch=5/150 | path=outputs/ablation_innovation_01_wo_efficientnet_b0_train_20260427_134245/model/last_checkpoint.pt
2026-04-27 14:03:13 | INFO | SYSTEM  | Epoch 5/150 finished | train_time=234.05s | eval_time=30.69s | epoch_total_time=265.01s | train_data_time=191.81s | eval_data_time=26.04s | train_transfer_time=0.15s | eval_transfer_time=0.02s | train_compute_time=42.07s | eval_compute_time=4.63s | train_samples_per_sec=23.46 | eval_samples_per_sec=23.23 | train_gpu_peak_alloc=160.2MB | eval_gpu_peak_alloc=160.1MB | train_gpu_peak_reserved=1656.0MB | eval_gpu_peak_reserved=1656.0MB | train_avg_batch_time=0.06s | eval_avg_batch_time=0.05s | train_fastest_batch=0.03s | train_slowest_batch=0.40s | eval_fastest_batch=0.01s | eval_slowest_batch=0.10s
2026-04-27 14:03:13 | INFO | SYSTEM  | Epoch 5/150 metrics | train_loss=0.5514 | val_loss=0.5863 | train_final_mae=9.9431 | val_final_mae=10.4484 | train_relative_mae=9.9431 | val_relative_mae=10.4484 | train_final_mad=7.8164 | val_final_mad=8.2549 | lr_start=0.000249888 | lr_end=0.000249748 | epoch_time=00:04:25 | total_elapsed=00:22:31 | best_updated=False
2026-04-27 14:03:13 | INFO | SYSTEM  | ============================================================================================================
2026-04-27 14:03:13 | INFO | SYSTEM  | Epoch 6/150 started
2026-04-27 14:03:13 | INFO | SYSTEM  | Hyperparams | lr=0.000249748 | train_batch_size=8 | effective_train_batch_size=8 | val_batch_size=8 | test_batch_size=8 | optimizer=adamw | scheduler=cosine | weight_decay=0.0005 | loss=smoothl1(beta=0.5) | device=cuda:0 | amp=True | grad_accum=1 | grad_clip=1.0
2026-04-27 14:03:13 | INFO | TRAIN   | Phase started | scope=6/150 | batches=687 | batch_size=8 | lr=0.000249748 | device=cuda:0 | amp=True | grad_accum=1 | channels_last=True
2026-04-27 14:03:13 | INFO | TRAIN   | 正在等待首个 batch | scope=6/150 | 首次可能因数据预处理、DataLoader worker 启动和 torch.compile 预热而偏慢。
2026-04-27 14:03:15 | INFO | TRAIN   | 首个 batch 已就绪 | phase=train | epoch=6 | wait_seconds=1.93
2026-04-27 14:06:42 | INFO | TRAIN   | Phase finished | scope=6/150 | loss=0.5517 | final_mae=9.9482 | final_mad=7.8320 | relative_mae=9.9482 | relative_mad=7.8320 | phase_time=232.79s | data_time=192.53s | transfer_time=0.15s | compute_time=40.07s | samples_per_sec=23.59 | avg_batch_time=0.06s | min_batch_time=0.03s | max_batch_time=0.33s | gpu_peak_alloc=160.2MB | gpu_peak_reserved=1656.0MB | optimizer_steps=687
2026-04-27 14:06:42 | INFO | EVAL    | Phase started | scope=6/150 | batches=90 | batch_size=8 | lr=0.000249748 | device=cuda:0 | amp=True | grad_accum=1 | channels_last=True
2026-04-27 14:06:42 | INFO | EVAL    | 正在等待首个 batch | scope=6/150 | 首次可能因数据预处理、DataLoader worker 启动和 torch.compile 预热而偏慢。
2026-04-27 14:06:44 | INFO | EVAL    | 首个 batch 已就绪 | phase=eval | epoch=6 | wait_seconds=1.39
2026-04-27 14:07:10 | INFO | EVAL    | Phase finished | scope=6/150 | loss=0.5862 | final_mae=10.4480 | final_mad=8.2607 | relative_mae=10.4480 | relative_mad=8.2607 | phase_time=30.22s | data_time=25.58s | transfer_time=0.02s | compute_time=4.61s | samples_per_sec=23.59 | avg_batch_time=0.05s | min_batch_time=0.01s | max_batch_time=0.09s | gpu_peak_alloc=160.1MB | gpu_peak_reserved=1656.0MB | optimizer_steps=0
2026-04-27 14:07:10 | INFO | SYSTEM  | Learning rate updated | epoch=6/150 | scheduler=cosine | from=0.000249748 | to=0.000249553
2026-04-27 14:07:10 | INFO | SYSTEM  | Checkpoint saved | kind=last | epoch=6/150 | path=outputs/ablation_innovation_01_wo_efficientnet_b0_train_20260427_134245/model/last_checkpoint.pt
2026-04-27 14:07:10 | INFO | SYSTEM  | Epoch 6/150 finished | train_time=232.79s | eval_time=30.22s | epoch_total_time=263.28s | train_data_time=192.53s | eval_data_time=25.58s | train_transfer_time=0.15s | eval_transfer_time=0.02s | train_compute_time=40.07s | eval_compute_time=4.61s | train_samples_per_sec=23.59 | eval_samples_per_sec=23.59 | train_gpu_peak_alloc=160.2MB | eval_gpu_peak_alloc=160.1MB | train_gpu_peak_reserved=1656.0MB | eval_gpu_peak_reserved=1656.0MB | train_avg_batch_time=0.06s | eval_avg_batch_time=0.05s | train_fastest_batch=0.03s | train_slowest_batch=0.33s | eval_fastest_batch=0.01s | eval_slowest_batch=0.09s
2026-04-27 14:07:10 | INFO | SYSTEM  | Epoch 6/150 metrics | train_loss=0.5517 | val_loss=0.5862 | train_final_mae=9.9482 | val_final_mae=10.4480 | train_relative_mae=9.9482 | val_relative_mae=10.4480 | train_final_mad=7.8320 | val_final_mad=8.2607 | lr_start=0.000249748 | lr_end=0.000249553 | epoch_time=00:04:23 | total_elapsed=00:26:55 | best_updated=False
2026-04-27 14:07:10 | INFO | SYSTEM  | ============================================================================================================
2026-04-27 14:07:10 | INFO | SYSTEM  | Epoch 7/150 started
2026-04-27 14:07:10 | INFO | SYSTEM  | Hyperparams | lr=0.000249553 | train_batch_size=8 | effective_train_batch_size=8 | val_batch_size=8 | test_batch_size=8 | optimizer=adamw | scheduler=cosine | weight_decay=0.0005 | loss=smoothl1(beta=0.5) | device=cuda:0 | amp=True | grad_accum=1 | grad_clip=1.0
2026-04-27 14:07:10 | INFO | TRAIN   | Phase started | scope=7/150 | batches=687 | batch_size=8 | lr=0.000249553 | device=cuda:0 | amp=True | grad_accum=1 | channels_last=True
2026-04-27 14:07:10 | INFO | TRAIN   | 正在等待首个 batch | scope=7/150 | 首次可能因数据预处理、DataLoader worker 启动和 torch.compile 预热而偏慢。
2026-04-27 14:07:12 | INFO | TRAIN   | 首个 batch 已就绪 | phase=train | epoch=7 | wait_seconds=2.08
2026-04-27 14:10:42 | INFO | TRAIN   | Phase finished | scope=7/150 | loss=0.5520 | final_mae=9.9514 | final_mad=7.8623 | relative_mae=9.9514 | relative_mad=7.8623 | phase_time=233.47s | data_time=191.62s | transfer_time=0.15s | compute_time=41.67s | samples_per_sec=23.52 | avg_batch_time=0.06s | min_batch_time=0.04s | max_batch_time=0.32s | gpu_peak_alloc=160.2MB | gpu_peak_reserved=1656.0MB | optimizer_steps=687
2026-04-27 14:10:42 | INFO | EVAL    | Phase started | scope=7/150 | batches=90 | batch_size=8 | lr=0.000249553 | device=cuda:0 | amp=True | grad_accum=1 | channels_last=True
2026-04-27 14:10:42 | INFO | EVAL    | 正在等待首个 batch | scope=7/150 | 首次可能因数据预处理、DataLoader worker 启动和 torch.compile 预热而偏慢。
2026-04-27 14:10:44 | INFO | EVAL    | 首个 batch 已就绪 | phase=eval | epoch=7 | wait_seconds=1.38
2026-04-27 14:11:13 | INFO | EVAL    | Phase finished | scope=7/150 | loss=0.5863 | final_mae=10.4487 | final_mad=8.2607 | relative_mae=10.4487 | relative_mad=8.2607 | phase_time=30.79s | data_time=25.96s | transfer_time=0.02s | compute_time=4.81s | samples_per_sec=23.16 | avg_batch_time=0.05s | min_batch_time=0.02s | max_batch_time=0.09s | gpu_peak_alloc=160.1MB | gpu_peak_reserved=1656.0MB | optimizer_steps=0
2026-04-27 14:11:13 | INFO | SYSTEM  | Learning rate updated | epoch=7/150 | scheduler=cosine | from=0.000249553 | to=0.000249301
2026-04-27 14:11:13 | INFO | SYSTEM  | Checkpoint saved | kind=last | epoch=7/150 | path=outputs/ablation_innovation_01_wo_efficientnet_b0_train_20260427_134245/model/last_checkpoint.pt
2026-04-27 14:11:13 | INFO | SYSTEM  | Epoch 7/150 finished | train_time=233.47s | eval_time=30.79s | epoch_total_time=264.60s | train_data_time=191.62s | eval_data_time=25.96s | train_transfer_time=0.15s | eval_transfer_time=0.02s | train_compute_time=41.67s | eval_compute_time=4.81s | train_samples_per_sec=23.52 | eval_samples_per_sec=23.16 | train_gpu_peak_alloc=160.2MB | eval_gpu_peak_alloc=160.1MB | train_gpu_peak_reserved=1656.0MB | eval_gpu_peak_reserved=1656.0MB | train_avg_batch_time=0.06s | eval_avg_batch_time=0.05s | train_fastest_batch=0.04s | train_slowest_batch=0.32s | eval_fastest_batch=0.02s | eval_slowest_batch=0.09s
2026-04-27 14:11:13 | INFO | SYSTEM  | Epoch 7/150 metrics | train_loss=0.5520 | val_loss=0.5863 | train_final_mae=9.9514 | val_final_mae=10.4487 | train_relative_mae=9.9514 | val_relative_mae=10.4487 | train_final_mad=7.8623 | val_final_mad=8.2607 | lr_start=0.000249553 | lr_end=0.000249301 | epoch_time=00:04:24 | total_elapsed=00:31:19 | best_updated=False
2026-04-27 14:11:13 | INFO | SYSTEM  | ============================================================================================================
2026-04-27 14:11:13 | INFO | SYSTEM  | Epoch 8/150 started
2026-04-27 14:11:13 | INFO | SYSTEM  | Hyperparams | lr=0.000249301 | train_batch_size=8 | effective_train_batch_size=8 | val_batch_size=8 | test_batch_size=8 | optimizer=adamw | scheduler=cosine | weight_decay=0.0005 | loss=smoothl1(beta=0.5) | device=cuda:0 | amp=True | grad_accum=1 | grad_clip=1.0
2026-04-27 14:11:13 | INFO | TRAIN   | Phase started | scope=8/150 | batches=687 | batch_size=8 | lr=0.000249301 | device=cuda:0 | amp=True | grad_accum=1 | channels_last=True
2026-04-27 14:11:13 | INFO | TRAIN   | 正在等待首个 batch | scope=8/150 | 首次可能因数据预处理、DataLoader worker 启动和 torch.compile 预热而偏慢。
2026-04-27 14:11:15 | INFO | TRAIN   | 首个 batch 已就绪 | phase=train | epoch=8 | wait_seconds=2.06
2026-04-27 14:14:45 | INFO | TRAIN   | Phase finished | scope=8/150 | loss=0.5519 | final_mae=9.9499 | final_mad=7.8418 | relative_mae=9.9499 | relative_mad=7.8418 | phase_time=235.36s | data_time=194.54s | transfer_time=0.15s | compute_time=40.64s | samples_per_sec=23.33 | avg_batch_time=0.06s | min_batch_time=0.04s | max_batch_time=0.35s | gpu_peak_alloc=160.2MB | gpu_peak_reserved=1656.0MB | optimizer_steps=687
2026-04-27 14:14:45 | INFO | EVAL    | Phase started | scope=8/150 | batches=90 | batch_size=8 | lr=0.000249301 | device=cuda:0 | amp=True | grad_accum=1 | channels_last=True
2026-04-27 14:14:45 | INFO | EVAL    | 正在等待首个 batch | scope=8/150 | 首次可能因数据预处理、DataLoader worker 启动和 torch.compile 预热而偏慢。
2026-04-27 14:14:46 | INFO | EVAL    | 首个 batch 已就绪 | phase=eval | epoch=8 | wait_seconds=1.39
2026-04-27 14:15:12 | INFO | EVAL    | Phase finished | scope=8/150 | loss=0.5863 | final_mae=10.4487 | final_mad=8.2617 | relative_mae=10.4487 | relative_mad=8.2617 | phase_time=30.47s | data_time=25.47s | transfer_time=0.02s | compute_time=4.98s | samples_per_sec=23.40 | avg_batch_time=0.06s | min_batch_time=0.02s | max_batch_time=0.14s | gpu_peak_alloc=160.1MB | gpu_peak_reserved=1656.0MB | optimizer_steps=0
2026-04-27 14:15:12 | INFO | SYSTEM  | Learning rate updated | epoch=8/150 | scheduler=cosine | from=0.000249301 | to=0.000248994
2026-04-27 14:15:13 | INFO | SYSTEM  | Checkpoint saved | kind=last | epoch=8/150 | path=outputs/ablation_innovation_01_wo_efficientnet_b0_train_20260427_134245/model/last_checkpoint.pt
2026-04-27 14:15:13 | INFO | SYSTEM  | Epoch 8/150 finished | train_time=235.36s | eval_time=30.47s | epoch_total_time=266.17s | train_data_time=194.54s | eval_data_time=25.47s | train_transfer_time=0.15s | eval_transfer_time=0.02s | train_compute_time=40.64s | eval_compute_time=4.98s | train_samples_per_sec=23.33 | eval_samples_per_sec=23.40 | train_gpu_peak_alloc=160.2MB | eval_gpu_peak_alloc=160.1MB | train_gpu_peak_reserved=1656.0MB | eval_gpu_peak_reserved=1656.0MB | train_avg_batch_time=0.06s | eval_avg_batch_time=0.06s | train_fastest_batch=0.04s | train_slowest_batch=0.35s | eval_fastest_batch=0.02s | eval_slowest_batch=0.14s
2026-04-27 14:15:13 | INFO | SYSTEM  | Epoch 8/150 metrics | train_loss=0.5519 | val_loss=0.5863 | train_final_mae=9.9499 | val_final_mae=10.4487 | train_relative_mae=9.9499 | val_relative_mae=10.4487 | train_final_mad=7.8418 | val_final_mad=8.2617 | lr_start=0.000249301 | lr_end=0.000248994 | epoch_time=00:04:26 | total_elapsed=00:35:45 | best_updated=False
2026-04-27 14:15:13 | INFO | SYSTEM  | ============================================================================================================
2026-04-27 14:15:13 | INFO | SYSTEM  | Epoch 9/150 started
2026-04-27 14:15:13 | INFO | SYSTEM  | Hyperparams | lr=0.000248994 | train_batch_size=8 | effective_train_batch_size=8 | val_batch_size=8 | test_batch_size=8 | optimizer=adamw | scheduler=cosine | weight_decay=0.0005 | loss=smoothl1(beta=0.5) | device=cuda:0 | amp=True | grad_accum=1 | grad_clip=1.0
2026-04-27 14:15:13 | INFO | TRAIN   | Phase started | scope=9/150 | batches=687 | batch_size=8 | lr=0.000248994 | device=cuda:0 | amp=True | grad_accum=1 | channels_last=True
2026-04-27 14:15:13 | INFO | TRAIN   | 正在等待首个 batch | scope=9/150 | 首次可能因数据预处理、DataLoader worker 启动和 torch.compile 预热而偏慢。
2026-04-27 14:15:15 | INFO | TRAIN   | 首个 batch 已就绪 | phase=train | epoch=9 | wait_seconds=1.97
2026-04-27 14:18:46 | INFO | TRAIN   | Phase finished | scope=9/150 | loss=0.5517 | final_mae=9.9471 | final_mad=7.8203 | relative_mae=9.9471 | relative_mad=7.8203 | phase_time=232.96s | data_time=191.97s | transfer_time=0.16s | compute_time=40.81s | samples_per_sec=23.57 | avg_batch_time=0.06s | min_batch_time=0.03s | max_batch_time=0.39s | gpu_peak_alloc=160.2MB | gpu_peak_reserved=1656.0MB | optimizer_steps=687
2026-04-27 14:18:46 | INFO | EVAL    | Phase started | scope=9/150 | batches=90 | batch_size=8 | lr=0.000248994 | device=cuda:0 | amp=True | grad_accum=1 | channels_last=True
2026-04-27 14:18:46 | INFO | EVAL    | 正在等待首个 batch | scope=9/150 | 首次可能因数据预处理、DataLoader worker 启动和 torch.compile 预热而偏慢。
2026-04-27 14:18:47 | INFO | EVAL    | 首个 batch 已就绪 | phase=eval | epoch=9 | wait_seconds=1.41
2026-04-27 14:19:12 | INFO | EVAL    | Phase finished | scope=9/150 | loss=0.5863 | final_mae=10.4488 | final_mad=8.2686 | relative_mae=10.4488 | relative_mad=8.2686 | phase_time=30.70s | data_time=26.10s | transfer_time=0.02s | compute_time=4.57s | samples_per_sec=23.23 | avg_batch_time=0.05s | min_batch_time=0.02s | max_batch_time=0.10s | gpu_peak_alloc=160.1MB | gpu_peak_reserved=1656.0MB | optimizer_steps=0
2026-04-27 14:19:12 | INFO | SYSTEM  | Learning rate updated | epoch=9/150 | scheduler=cosine | from=0.000248994 | to=0.000248632
2026-04-27 14:19:13 | INFO | SYSTEM  | Checkpoint saved | kind=last | epoch=9/150 | path=outputs/ablation_innovation_01_wo_efficientnet_b0_train_20260427_134245/model/last_checkpoint.pt
2026-04-27 14:19:13 | INFO | SYSTEM  | Epoch 9/150 finished | train_time=232.96s | eval_time=30.70s | epoch_total_time=263.98s | train_data_time=191.97s | eval_data_time=26.10s | train_transfer_time=0.16s | eval_transfer_time=0.02s | train_compute_time=40.81s | eval_compute_time=4.57s | train_samples_per_sec=23.57 | eval_samples_per_sec=23.23 | train_gpu_peak_alloc=160.2MB | eval_gpu_peak_alloc=160.1MB | train_gpu_peak_reserved=1656.0MB | eval_gpu_peak_reserved=1656.0MB | train_avg_batch_time=0.06s | eval_avg_batch_time=0.05s | train_fastest_batch=0.03s | train_slowest_batch=0.39s | eval_fastest_batch=0.02s | eval_slowest_batch=0.10s
2026-04-27 14:19:13 | INFO | SYSTEM  | Epoch 9/150 metrics | train_loss=0.5517 | val_loss=0.5863 | train_final_mae=9.9471 | val_final_mae=10.4488 | train_relative_mae=9.9471 | val_relative_mae=10.4488 | train_final_mad=7.8203 | val_final_mad=8.2686 | lr_start=0.000248994 | lr_end=0.000248632 | epoch_time=00:04:23 | total_elapsed=00:40:09 | best_updated=False
2026-04-27 14:19:13 | INFO | SYSTEM  | ============================================================================================================
2026-04-27 14:19:13 | INFO | SYSTEM  | Epoch 10/150 started
2026-04-27 14:19:13 | INFO | SYSTEM  | Hyperparams | lr=0.000248632 | train_batch_size=8 | effective_train_batch_size=8 | val_batch_size=8 | test_batch_size=8 | optimizer=adamw | scheduler=cosine | weight_decay=0.0005 | loss=smoothl1(beta=0.5) | device=cuda:0 | amp=True | grad_accum=1 | grad_clip=1.0
2026-04-27 14:19:13 | INFO | TRAIN   | Phase started | scope=10/150 | batches=687 | batch_size=8 | lr=0.000248632 | device=cuda:0 | amp=True | grad_accum=1 | channels_last=True
2026-04-27 14:19:13 | INFO | TRAIN   | 正在等待首个 batch | scope=10/150 | 首次可能因数据预处理、DataLoader worker 启动和 torch.compile 预热而偏慢。
2026-04-27 14:19:15 | INFO | TRAIN   | 首个 batch 已就绪 | phase=train | epoch=10 | wait_seconds=2.01
2026-04-27 14:22:46 | INFO | TRAIN   | Phase finished | scope=10/150 | loss=0.5520 | final_mae=9.9526 | final_mad=7.8564 | relative_mae=9.9526 | relative_mad=7.8564 | phase_time=234.21s | data_time=193.27s | transfer_time=0.16s | compute_time=40.75s | samples_per_sec=23.44 | avg_batch_time=0.06s | min_batch_time=0.03s | max_batch_time=0.26s | gpu_peak_alloc=160.2MB | gpu_peak_reserved=1656.0MB | optimizer_steps=687
2026-04-27 14:22:46 | INFO | EVAL    | Phase started | scope=10/150 | batches=90 | batch_size=8 | lr=0.000248632 | device=cuda:0 | amp=True | grad_accum=1 | channels_last=True
2026-04-27 14:22:46 | INFO | EVAL    | 正在等待首个 batch | scope=10/150 | 首次可能因数据预处理、DataLoader worker 启动和 torch.compile 预热而偏慢。
2026-04-27 14:22:47 | INFO | EVAL    | 首个 batch 已就绪 | phase=eval | epoch=10 | wait_seconds=1.42
2026-04-27 14:23:13 | INFO | EVAL    | Phase finished | scope=10/150 | loss=0.5863 | final_mae=10.4484 | final_mad=8.2568 | relative_mae=10.4484 | relative_mad=8.2568 | phase_time=30.47s | data_time=25.83s | transfer_time=0.02s | compute_time=4.61s | samples_per_sec=23.40 | avg_batch_time=0.05s | min_batch_time=0.01s | max_batch_time=0.09s | gpu_peak_alloc=160.1MB | gpu_peak_reserved=1656.0MB | optimizer_steps=0
2026-04-27 14:23:13 | INFO | SYSTEM  | Learning rate updated | epoch=10/150 | scheduler=cosine | from=0.000248632 | to=0.000248214
2026-04-27 14:23:14 | INFO | SYSTEM  | Checkpoint saved | kind=last | epoch=10/150 | path=outputs/ablation_innovation_01_wo_efficientnet_b0_train_20260427_134245/model/last_checkpoint.pt
2026-04-27 14:23:14 | INFO | SYSTEM  | Epoch 10/150 finished | train_time=234.21s | eval_time=30.47s | epoch_total_time=264.96s | train_data_time=193.27s | eval_data_time=25.83s | train_transfer_time=0.16s | eval_transfer_time=0.02s | train_compute_time=40.75s | eval_compute_time=4.61s | train_samples_per_sec=23.44 | eval_samples_per_sec=23.40 | train_gpu_peak_alloc=160.2MB | eval_gpu_peak_alloc=160.1MB | train_gpu_peak_reserved=1656.0MB | eval_gpu_peak_reserved=1656.0MB | train_avg_batch_time=0.06s | eval_avg_batch_time=0.05s | train_fastest_batch=0.03s | train_slowest_batch=0.26s | eval_fastest_batch=0.01s | eval_slowest_batch=0.09s
2026-04-27 14:23:14 | INFO | SYSTEM  | Epoch 10/150 metrics | train_loss=0.5520 | val_loss=0.5863 | train_final_mae=9.9526 | val_final_mae=10.4484 | train_relative_mae=9.9526 | val_relative_mae=10.4484 | train_final_mad=7.8564 | val_final_mad=8.2568 | lr_start=0.000248632 | lr_end=0.000248214 | epoch_time=00:04:24 | total_elapsed=00:44:34 | best_updated=False
2026-04-27 14:23:14 | INFO | SYSTEM  | ============================================================================================================
2026-04-27 14:23:14 | INFO | SYSTEM  | Epoch 11/150 started
2026-04-27 14:23:14 | INFO | SYSTEM  | Hyperparams | lr=0.000248214 | train_batch_size=8 | effective_train_batch_size=8 | val_batch_size=8 | test_batch_size=8 | optimizer=adamw | scheduler=cosine | weight_decay=0.0005 | loss=smoothl1(beta=0.5) | device=cuda:0 | amp=True | grad_accum=1 | grad_clip=1.0
2026-04-27 14:23:14 | INFO | TRAIN   | Phase started | scope=11/150 | batches=687 | batch_size=8 | lr=0.000248214 | device=cuda:0 | amp=True | grad_accum=1 | channels_last=True
2026-04-27 14:23:14 | INFO | TRAIN   | 正在等待首个 batch | scope=11/150 | 首次可能因数据预处理、DataLoader worker 启动和 torch.compile 预热而偏慢。
2026-04-27 14:23:16 | INFO | TRAIN   | 首个 batch 已就绪 | phase=train | epoch=11 | wait_seconds=2.06
2026-04-27 14:26:48 | INFO | TRAIN   | Phase finished | scope=11/150 | loss=0.5519 | final_mae=9.9496 | final_mad=7.8682 | relative_mae=9.9496 | relative_mad=7.8682 | phase_time=235.86s | data_time=195.14s | transfer_time=0.15s | compute_time=40.54s | samples_per_sec=23.28 | avg_batch_time=0.06s | min_batch_time=0.03s | max_batch_time=0.24s | gpu_peak_alloc=160.2MB | gpu_peak_reserved=1656.0MB | optimizer_steps=687
2026-04-27 14:26:48 | INFO | EVAL    | Phase started | scope=11/150 | batches=90 | batch_size=8 | lr=0.000248214 | device=cuda:0 | amp=True | grad_accum=1 | channels_last=True
2026-04-27 14:26:48 | INFO | EVAL    | 正在等待首个 batch | scope=11/150 | 首次可能因数据预处理、DataLoader worker 启动和 torch.compile 预热而偏慢。
2026-04-27 14:26:49 | INFO | EVAL    | 首个 batch 已就绪 | phase=eval | epoch=11 | wait_seconds=1.39
2026-04-27 14:27:16 | INFO | EVAL    | Phase finished | scope=11/150 | loss=0.5863 | final_mae=10.4484 | final_mad=8.2754 | relative_mae=10.4484 | relative_mad=8.2754 | phase_time=30.34s | data_time=25.89s | transfer_time=0.02s | compute_time=4.43s | samples_per_sec=23.50 | avg_batch_time=0.05s | min_batch_time=0.01s | max_batch_time=0.10s | gpu_peak_alloc=160.1MB | gpu_peak_reserved=1656.0MB | optimizer_steps=0
2026-04-27 14:27:16 | INFO | SYSTEM  | Learning rate updated | epoch=11/150 | scheduler=cosine | from=0.000248214 | to=0.000247741
2026-04-27 14:27:16 | INFO | SYSTEM  | Checkpoint saved | kind=last | epoch=11/150 | path=outputs/ablation_innovation_01_wo_efficientnet_b0_train_20260427_134245/model/last_checkpoint.pt
2026-04-27 14:27:16 | INFO | SYSTEM  | Epoch 11/150 finished | train_time=235.86s | eval_time=30.34s | epoch_total_time=266.48s | train_data_time=195.14s | eval_data_time=25.89s | train_transfer_time=0.15s | eval_transfer_time=0.02s | train_compute_time=40.54s | eval_compute_time=4.43s | train_samples_per_sec=23.28 | eval_samples_per_sec=23.50 | train_gpu_peak_alloc=160.2MB | eval_gpu_peak_alloc=160.1MB | train_gpu_peak_reserved=1656.0MB | eval_gpu_peak_reserved=1656.0MB | train_avg_batch_time=0.06s | eval_avg_batch_time=0.05s | train_fastest_batch=0.03s | train_slowest_batch=0.24s | eval_fastest_batch=0.01s | eval_slowest_batch=0.10s
2026-04-27 14:27:16 | INFO | SYSTEM  | Epoch 11/150 metrics | train_loss=0.5519 | val_loss=0.5863 | train_final_mae=9.9496 | val_final_mae=10.4484 | train_relative_mae=9.9496 | val_relative_mae=10.4484 | train_final_mad=7.8682 | val_final_mad=8.2754 | lr_start=0.000248214 | lr_end=0.000247741 | epoch_time=00:04:26 | total_elapsed=00:49:01 | best_updated=False
2026-04-27 14:27:16 | INFO | SYSTEM  | ============================================================================================================
2026-04-27 14:27:16 | INFO | SYSTEM  | Epoch 12/150 started
2026-04-27 14:27:16 | INFO | SYSTEM  | Hyperparams | lr=0.000247741 | train_batch_size=8 | effective_train_batch_size=8 | val_batch_size=8 | test_batch_size=8 | optimizer=adamw | scheduler=cosine | weight_decay=0.0005 | loss=smoothl1(beta=0.5) | device=cuda:0 | amp=True | grad_accum=1 | grad_clip=1.0
2026-04-27 14:27:16 | INFO | TRAIN   | Phase started | scope=12/150 | batches=687 | batch_size=8 | lr=0.000247741 | device=cuda:0 | amp=True | grad_accum=1 | channels_last=True
2026-04-27 14:27:16 | INFO | TRAIN   | 正在等待首个 batch | scope=12/150 | 首次可能因数据预处理、DataLoader worker 启动和 torch.compile 预热而偏慢。
2026-04-27 14:27:23 | INFO | TRAIN   | 首个 batch 已就绪 | phase=train | epoch=12 | wait_seconds=2.02
2026-04-27 14:30:52 | INFO | TRAIN   | Phase finished | scope=12/150 | loss=0.5518 | final_mae=9.9475 | final_mad=7.8398 | relative_mae=9.9475 | relative_mad=7.8398 | phase_time=237.17s | data_time=195.65s | transfer_time=0.16s | compute_time=41.33s | samples_per_sec=23.15 | avg_batch_time=0.06s | min_batch_time=0.03s | max_batch_time=0.33s | gpu_peak_alloc=160.2MB | gpu_peak_reserved=1656.0MB | optimizer_steps=687
2026-04-27 14:30:52 | INFO | EVAL    | Phase started | scope=12/150 | batches=90 | batch_size=8 | lr=0.000247741 | device=cuda:0 | amp=True | grad_accum=1 | channels_last=True
2026-04-27 14:30:52 | INFO | EVAL    | 正在等待首个 batch | scope=12/150 | 首次可能因数据预处理、DataLoader worker 启动和 torch.compile 预热而偏慢。
2026-04-27 14:30:53 | INFO | EVAL    | 首个 batch 已就绪 | phase=eval | epoch=12 | wait_seconds=1.39
2026-04-27 14:31:19 | INFO | EVAL    | Phase finished | scope=12/150 | loss=0.5863 | final_mae=10.4490 | final_mad=8.2637 | relative_mae=10.4490 | relative_mad=8.2637 | phase_time=30.68s | data_time=25.48s | transfer_time=0.02s | compute_time=5.18s | samples_per_sec=23.24 | avg_batch_time=0.06s | min_batch_time=0.02s | max_batch_time=0.17s | gpu_peak_alloc=160.1MB | gpu_peak_reserved=1656.0MB | optimizer_steps=0
2026-04-27 14:31:19 | INFO | SYSTEM  | Learning rate updated | epoch=12/150 | scheduler=cosine | from=0.000247741 | to=0.000247213
2026-04-27 14:31:20 | INFO | SYSTEM  | Checkpoint saved | kind=last | epoch=12/150 | path=outputs/ablation_innovation_01_wo_efficientnet_b0_train_20260427_134245/model/last_checkpoint.pt
2026-04-27 14:31:20 | INFO | SYSTEM  | Epoch 12/150 finished | train_time=237.17s | eval_time=30.68s | epoch_total_time=268.19s | train_data_time=195.65s | eval_data_time=25.48s | train_transfer_time=0.16s | eval_transfer_time=0.02s | train_compute_time=41.33s | eval_compute_time=5.18s | train_samples_per_sec=23.15 | eval_samples_per_sec=23.24 | train_gpu_peak_alloc=160.2MB | eval_gpu_peak_alloc=160.1MB | train_gpu_peak_reserved=1656.0MB | eval_gpu_peak_reserved=1656.0MB | train_avg_batch_time=0.06s | eval_avg_batch_time=0.06s | train_fastest_batch=0.03s | train_slowest_batch=0.33s | eval_fastest_batch=0.02s | eval_slowest_batch=0.17s
2026-04-27 14:31:20 | INFO | SYSTEM  | Epoch 12/150 metrics | train_loss=0.5518 | val_loss=0.5863 | train_final_mae=9.9475 | val_final_mae=10.4490 | train_relative_mae=9.9475 | val_relative_mae=10.4490 | train_final_mad=7.8398 | val_final_mad=8.2637 | lr_start=0.000247741 | lr_end=0.000247213 | epoch_time=00:04:28 | total_elapsed=00:53:29 | best_updated=False
2026-04-27 14:31:20 | INFO | SYSTEM  | ============================================================================================================
2026-04-27 14:31:20 | INFO | SYSTEM  | Epoch 13/150 started
2026-04-27 14:31:20 | INFO | SYSTEM  | Hyperparams | lr=0.000247213 | train_batch_size=8 | effective_train_batch_size=8 | val_batch_size=8 | test_batch_size=8 | optimizer=adamw | scheduler=cosine | weight_decay=0.0005 | loss=smoothl1(beta=0.5) | device=cuda:0 | amp=True | grad_accum=1 | grad_clip=1.0
2026-04-27 14:31:20 | INFO | TRAIN   | Phase started | scope=13/150 | batches=687 | batch_size=8 | lr=0.000247213 | device=cuda:0 | amp=True | grad_accum=1 | channels_last=True
2026-04-27 14:31:20 | INFO | TRAIN   | 正在等待首个 batch | scope=13/150 | 首次可能因数据预处理、DataLoader worker 启动和 torch.compile 预热而偏慢。
2026-04-27 14:31:22 | INFO | TRAIN   | 首个 batch 已就绪 | phase=train | epoch=13 | wait_seconds=2.12
2026-04-27 14:34:54 | INFO | TRAIN   | Phase finished | scope=13/150 | loss=0.5520 | final_mae=9.9516 | final_mad=7.8164 | relative_mae=9.9516 | relative_mad=7.8164 | phase_time=236.14s | data_time=194.73s | transfer_time=0.16s | compute_time=41.23s | samples_per_sec=23.25 | avg_batch_time=0.06s | min_batch_time=0.03s | max_batch_time=0.38s | gpu_peak_alloc=160.2MB | gpu_peak_reserved=1656.0MB | optimizer_steps=687
2026-04-27 14:34:54 | INFO | EVAL    | Phase started | scope=13/150 | batches=90 | batch_size=8 | lr=0.000247213 | device=cuda:0 | amp=True | grad_accum=1 | channels_last=True
2026-04-27 14:34:54 | INFO | EVAL    | 正在等待首个 batch | scope=13/150 | 首次可能因数据预处理、DataLoader worker 启动和 torch.compile 预热而偏慢。
2026-04-27 14:34:56 | INFO | EVAL    | 首个 batch 已就绪 | phase=eval | epoch=13 | wait_seconds=1.38
2026-04-27 14:35:22 | INFO | EVAL    | Phase finished | scope=13/150 | loss=0.5862 | final_mae=10.4478 | final_mad=8.2812 | relative_mae=10.4478 | relative_mad=8.2812 | phase_time=30.54s | data_time=26.07s | transfer_time=0.02s | compute_time=4.45s | samples_per_sec=23.34 | avg_batch_time=0.05s | min_batch_time=0.01s | max_batch_time=0.09s | gpu_peak_alloc=160.1MB | gpu_peak_reserved=1656.0MB | optimizer_steps=0
2026-04-27 14:35:22 | INFO | SYSTEM  | Learning rate updated | epoch=13/150 | scheduler=cosine | from=0.000247213 | to=0.000246631
2026-04-27 14:35:23 | INFO | SYSTEM  | Checkpoint saved | kind=last | epoch=13/150 | path=outputs/ablation_innovation_01_wo_efficientnet_b0_train_20260427_134245/model/last_checkpoint.pt
2026-04-27 14:35:23 | INFO | SYSTEM  | Epoch 13/150 finished | train_time=236.14s | eval_time=30.54s | epoch_total_time=266.99s | train_data_time=194.73s | eval_data_time=26.07s | train_transfer_time=0.16s | eval_transfer_time=0.02s | train_compute_time=41.23s | eval_compute_time=4.45s | train_samples_per_sec=23.25 | eval_samples_per_sec=23.34 | train_gpu_peak_alloc=160.2MB | eval_gpu_peak_alloc=160.1MB | train_gpu_peak_reserved=1656.0MB | eval_gpu_peak_reserved=1656.0MB | train_avg_batch_time=0.06s | eval_avg_batch_time=0.05s | train_fastest_batch=0.03s | train_slowest_batch=0.38s | eval_fastest_batch=0.01s | eval_slowest_batch=0.09s
2026-04-27 14:35:23 | INFO | SYSTEM  | Epoch 13/150 metrics | train_loss=0.5520 | val_loss=0.5862 | train_final_mae=9.9516 | val_final_mae=10.4478 | train_relative_mae=9.9516 | val_relative_mae=10.4478 | train_final_mad=7.8164 | val_final_mad=8.2812 | lr_start=0.000247213 | lr_end=0.000246631 | epoch_time=00:04:26 | total_elapsed=00:57:56 | best_updated=False
2026-04-27 14:35:23 | INFO | SYSTEM  | ============================================================================================================
2026-04-27 14:35:23 | INFO | SYSTEM  | Epoch 14/150 started
2026-04-27 14:35:23 | INFO | SYSTEM  | Hyperparams | lr=0.000246631 | train_batch_size=8 | effective_train_batch_size=8 | val_batch_size=8 | test_batch_size=8 | optimizer=adamw | scheduler=cosine | weight_decay=0.0005 | loss=smoothl1(beta=0.5) | device=cuda:0 | amp=True | grad_accum=1 | grad_clip=1.0
2026-04-27 14:35:23 | INFO | TRAIN   | Phase started | scope=14/150 | batches=687 | batch_size=8 | lr=0.000246631 | device=cuda:0 | amp=True | grad_accum=1 | channels_last=True
2026-04-27 14:35:23 | INFO | TRAIN   | 正在等待首个 batch | scope=14/150 | 首次可能因数据预处理、DataLoader worker 启动和 torch.compile 预热而偏慢。
2026-04-27 14:35:24 | INFO | TRAIN   | 首个 batch 已就绪 | phase=train | epoch=14 | wait_seconds=2.15
2026-04-27 14:38:54 | INFO | TRAIN   | Phase finished | scope=14/150 | loss=0.5521 | final_mae=9.9545 | final_mad=7.8398 | relative_mae=9.9545 | relative_mad=7.8398 | phase_time=233.13s | data_time=191.55s | transfer_time=0.15s | compute_time=41.40s | samples_per_sec=23.55 | avg_batch_time=0.06s | min_batch_time=0.03s | max_batch_time=0.34s | gpu_peak_alloc=160.2MB | gpu_peak_reserved=1656.0MB | optimizer_steps=687
2026-04-27 14:38:54 | INFO | EVAL    | Phase started | scope=14/150 | batches=90 | batch_size=8 | lr=0.000246631 | device=cuda:0 | amp=True | grad_accum=1 | channels_last=True
2026-04-27 14:38:54 | INFO | EVAL    | 正在等待首个 batch | scope=14/150 | 首次可能因数据预处理、DataLoader worker 启动和 torch.compile 预热而偏慢。
2026-04-27 14:38:56 | INFO | EVAL    | 首个 batch 已就绪 | phase=eval | epoch=14 | wait_seconds=1.39
2026-04-27 14:39:22 | INFO | EVAL    | Phase finished | scope=14/150 | loss=0.5863 | final_mae=10.4486 | final_mad=8.2637 | relative_mae=10.4486 | relative_mad=8.2637 | phase_time=30.52s | data_time=26.10s | transfer_time=0.02s | compute_time=4.40s | samples_per_sec=23.36 | avg_batch_time=0.05s | min_batch_time=0.01s | max_batch_time=0.10s | gpu_peak_alloc=160.1MB | gpu_peak_reserved=1656.0MB | optimizer_steps=0
2026-04-27 14:39:22 | INFO | SYSTEM  | Learning rate updated | epoch=14/150 | scheduler=cosine | from=0.000246631 | to=0.000245994
2026-04-27 14:39:23 | INFO | SYSTEM  | Checkpoint saved | kind=last | epoch=14/150 | path=outputs/ablation_innovation_01_wo_efficientnet_b0_train_20260427_134245/model/last_checkpoint.pt
2026-04-27 14:39:23 | INFO | SYSTEM  | Epoch 14/150 finished | train_time=233.13s | eval_time=30.52s | epoch_total_time=263.93s | train_data_time=191.55s | eval_data_time=26.10s | train_transfer_time=0.15s | eval_transfer_time=0.02s | train_compute_time=41.40s | eval_compute_time=4.40s | train_samples_per_sec=23.55 | eval_samples_per_sec=23.36 | train_gpu_peak_alloc=160.2MB | eval_gpu_peak_alloc=160.1MB | train_gpu_peak_reserved=1656.0MB | eval_gpu_peak_reserved=1656.0MB | train_avg_batch_time=0.06s | eval_avg_batch_time=0.05s | train_fastest_batch=0.03s | train_slowest_batch=0.34s | eval_fastest_batch=0.01s | eval_slowest_batch=0.10s
2026-04-27 14:39:23 | INFO | SYSTEM  | Epoch 14/150 metrics | train_loss=0.5521 | val_loss=0.5863 | train_final_mae=9.9545 | val_final_mae=10.4486 | train_relative_mae=9.9545 | val_relative_mae=10.4486 | train_final_mad=7.8398 | val_final_mad=8.2637 | lr_start=0.000246631 | lr_end=0.000245994 | epoch_time=00:04:23 | total_elapsed=01:02:20 | best_updated=False
2026-04-27 14:39:23 | INFO | SYSTEM  | ============================================================================================================
2026-04-27 14:39:23 | INFO | SYSTEM  | Epoch 15/150 started
2026-04-27 14:39:23 | INFO | SYSTEM  | Hyperparams | lr=0.000245994 | train_batch_size=8 | effective_train_batch_size=8 | val_batch_size=8 | test_batch_size=8 | optimizer=adamw | scheduler=cosine | weight_decay=0.0005 | loss=smoothl1(beta=0.5) | device=cuda:0 | amp=True | grad_accum=1 | grad_clip=1.0
2026-04-27 14:39:23 | INFO | TRAIN   | Phase started | scope=15/150 | batches=687 | batch_size=8 | lr=0.000245994 | device=cuda:0 | amp=True | grad_accum=1 | channels_last=True
2026-04-27 14:39:23 | INFO | TRAIN   | 正在等待首个 batch | scope=15/150 | 首次可能因数据预处理、DataLoader worker 启动和 torch.compile 预热而偏慢。
2026-04-27 14:39:24 | INFO | TRAIN   | 首个 batch 已就绪 | phase=train | epoch=15 | wait_seconds=2.23
2026-04-27 14:42:58 | INFO | TRAIN   | Phase finished | scope=15/150 | loss=0.5521 | final_mae=9.9565 | final_mad=7.8232 | relative_mae=9.9565 | relative_mad=7.8232 | phase_time=236.56s | data_time=194.29s | transfer_time=0.15s | compute_time=42.10s | samples_per_sec=23.21 | avg_batch_time=0.06s | min_batch_time=0.03s | max_batch_time=0.25s | gpu_peak_alloc=160.2MB | gpu_peak_reserved=1656.0MB | optimizer_steps=687
2026-04-27 14:42:58 | INFO | EVAL    | Phase started | scope=15/150 | batches=90 | batch_size=8 | lr=0.000245994 | device=cuda:0 | amp=True | grad_accum=1 | channels_last=True
2026-04-27 14:42:58 | INFO | EVAL    | 正在等待首个 batch | scope=15/150 | 首次可能因数据预处理、DataLoader worker 启动和 torch.compile 预热而偏慢。
2026-04-27 14:42:59 | INFO | EVAL    | 首个 batch 已就绪 | phase=eval | epoch=15 | wait_seconds=1.44
2026-04-27 14:43:26 | INFO | EVAL    | Phase finished | scope=15/150 | loss=0.5863 | final_mae=10.4485 | final_mad=8.2578 | relative_mae=10.4485 | relative_mad=8.2578 | phase_time=30.83s | data_time=25.66s | transfer_time=0.02s | compute_time=5.14s | samples_per_sec=23.13 | avg_batch_time=0.06s | min_batch_time=0.02s | max_batch_time=0.16s | gpu_peak_alloc=160.1MB | gpu_peak_reserved=1656.0MB | optimizer_steps=0
2026-04-27 14:43:26 | INFO | SYSTEM  | Learning rate updated | epoch=15/150 | scheduler=cosine | from=0.000245994 | to=0.000245303
2026-04-27 14:43:27 | INFO | SYSTEM  | Checkpoint saved | kind=last | epoch=15/150 | path=outputs/ablation_innovation_01_wo_efficientnet_b0_train_20260427_134245/model/last_checkpoint.pt
2026-04-27 14:43:27 | INFO | SYSTEM  | Epoch 15/150 finished | train_time=236.56s | eval_time=30.83s | epoch_total_time=267.73s | train_data_time=194.29s | eval_data_time=25.66s | train_transfer_time=0.15s | eval_transfer_time=0.02s | train_compute_time=42.10s | eval_compute_time=5.14s | train_samples_per_sec=23.21 | eval_samples_per_sec=23.13 | train_gpu_peak_alloc=160.2MB | eval_gpu_peak_alloc=160.1MB | train_gpu_peak_reserved=1656.0MB | eval_gpu_peak_reserved=1656.0MB | train_avg_batch_time=0.06s | eval_avg_batch_time=0.06s | train_fastest_batch=0.03s | train_slowest_batch=0.25s | eval_fastest_batch=0.02s | eval_slowest_batch=0.16s
2026-04-27 14:43:27 | INFO | SYSTEM  | Epoch 15/150 metrics | train_loss=0.5521 | val_loss=0.5863 | train_final_mae=9.9565 | val_final_mae=10.4485 | train_relative_mae=9.9565 | val_relative_mae=10.4485 | train_final_mad=7.8232 | val_final_mad=8.2578 | lr_start=0.000245994 | lr_end=0.000245303 | epoch_time=00:04:27 | total_elapsed=01:06:48 | best_updated=False
2026-04-27 14:43:27 | INFO | SYSTEM  | ============================================================================================================
2026-04-27 14:43:27 | INFO | SYSTEM  | Epoch 16/150 started
2026-04-27 14:43:27 | INFO | SYSTEM  | Hyperparams | lr=0.000245303 | train_batch_size=8 | effective_train_batch_size=8 | val_batch_size=8 | test_batch_size=8 | optimizer=adamw | scheduler=cosine | weight_decay=0.0005 | loss=smoothl1(beta=0.5) | device=cuda:0 | amp=True | grad_accum=1 | grad_clip=1.0
2026-04-27 14:43:27 | INFO | TRAIN   | Phase started | scope=16/150 | batches=687 | batch_size=8 | lr=0.000245303 | device=cuda:0 | amp=True | grad_accum=1 | channels_last=True
2026-04-27 14:43:27 | INFO | TRAIN   | 正在等待首个 batch | scope=16/150 | 首次可能因数据预处理、DataLoader worker 启动和 torch.compile 预热而偏慢。
2026-04-27 14:43:29 | INFO | TRAIN   | 首个 batch 已就绪 | phase=train | epoch=16 | wait_seconds=2.08
2026-04-27 14:47:05 | INFO | TRAIN   | Phase finished | scope=16/150 | loss=0.5516 | final_mae=9.9464 | final_mad=7.8496 | relative_mae=9.9464 | relative_mad=7.8496 | phase_time=235.01s | data_time=193.57s | transfer_time=0.15s | compute_time=41.27s | samples_per_sec=23.36 | avg_batch_time=0.06s | min_batch_time=0.03s | max_batch_time=0.31s | gpu_peak_alloc=160.2MB | gpu_peak_reserved=1656.0MB | optimizer_steps=687
2026-04-27 14:46:59 | INFO | EVAL    | Phase started | scope=16/150 | batches=90 | batch_size=8 | lr=0.000245303 | device=cuda:0 | amp=True | grad_accum=1 | channels_last=True
2026-04-27 14:46:59 | INFO | EVAL    | 正在等待首个 batch | scope=16/150 | 首次可能因数据预处理、DataLoader worker 启动和 torch.compile 预热而偏慢。
2026-04-27 14:47:01 | INFO | EVAL    | 首个 batch 已就绪 | phase=eval | epoch=16 | wait_seconds=1.38
2026-04-27 14:47:27 | INFO | EVAL    | Phase finished | scope=16/150 | loss=0.5863 | final_mae=10.4486 | final_mad=8.2627 | relative_mae=10.4486 | relative_mad=8.2627 | phase_time=30.51s | data_time=25.74s | transfer_time=0.02s | compute_time=4.75s | samples_per_sec=23.37 | avg_batch_time=0.05s | min_batch_time=0.02s | max_batch_time=0.17s | gpu_peak_alloc=160.1MB | gpu_peak_reserved=1656.0MB | optimizer_steps=0
2026-04-27 14:47:27 | INFO | SYSTEM  | Learning rate updated | epoch=16/150 | scheduler=cosine | from=0.000245303 | to=0.000244558
2026-04-27 14:47:28 | INFO | SYSTEM  | Checkpoint saved | kind=last | epoch=16/150 | path=outputs/ablation_innovation_01_wo_efficientnet_b0_train_20260427_134245/model/last_checkpoint.pt
2026-04-27 14:47:28 | INFO | SYSTEM  | Epoch 16/150 finished | train_time=235.01s | eval_time=30.51s | epoch_total_time=265.84s | train_data_time=193.57s | eval_data_time=25.74s | train_transfer_time=0.15s | eval_transfer_time=0.02s | train_compute_time=41.27s | eval_compute_time=4.75s | train_samples_per_sec=23.36 | eval_samples_per_sec=23.37 | train_gpu_peak_alloc=160.2MB | eval_gpu_peak_alloc=160.1MB | train_gpu_peak_reserved=1656.0MB | eval_gpu_peak_reserved=1656.0MB | train_avg_batch_time=0.06s | eval_avg_batch_time=0.05s | train_fastest_batch=0.03s | train_slowest_batch=0.31s | eval_fastest_batch=0.02s | eval_slowest_batch=0.17s
2026-04-27 14:47:28 | INFO | SYSTEM  | Epoch 16/150 metrics | train_loss=0.5516 | val_loss=0.5863 | train_final_mae=9.9464 | val_final_mae=10.4486 | train_relative_mae=9.9464 | val_relative_mae=10.4486 | train_final_mad=7.8496 | val_final_mad=8.2627 | lr_start=0.000245303 | lr_end=0.000244558 | epoch_time=00:04:25 | total_elapsed=01:11:14 | best_updated=False
2026-04-27 14:47:28 | INFO | SYSTEM  | ============================================================================================================
2026-04-27 14:47:28 | INFO | SYSTEM  | Epoch 17/150 started
2026-04-27 14:47:28 | INFO | SYSTEM  | Hyperparams | lr=0.000244558 | train_batch_size=8 | effective_train_batch_size=8 | val_batch_size=8 | test_batch_size=8 | optimizer=adamw | scheduler=cosine | weight_decay=0.0005 | loss=smoothl1(beta=0.5) | device=cuda:0 | amp=True | grad_accum=1 | grad_clip=1.0
2026-04-27 14:47:28 | INFO | TRAIN   | Phase started | scope=17/150 | batches=687 | batch_size=8 | lr=0.000244558 | device=cuda:0 | amp=True | grad_accum=1 | channels_last=True
2026-04-27 14:47:28 | INFO | TRAIN   | 正在等待首个 batch | scope=17/150 | 首次可能因数据预处理、DataLoader worker 启动和 torch.compile 预热而偏慢。
2026-04-27 14:47:35 | INFO | TRAIN   | 首个 batch 已就绪 | phase=train | epoch=17 | wait_seconds=1.99
2026-04-27 14:51:00 | INFO | TRAIN   | Phase finished | scope=17/150 | loss=0.5516 | final_mae=9.9467 | final_mad=7.8242 | relative_mae=9.9467 | relative_mad=7.8242 | phase_time=234.26s | data_time=192.17s | transfer_time=0.16s | compute_time=41.91s | samples_per_sec=23.44 | avg_batch_time=0.06s | min_batch_time=0.03s | max_batch_time=0.23s | gpu_peak_alloc=160.2MB | gpu_peak_reserved=1656.0MB | optimizer_steps=687
2026-04-27 14:51:00 | INFO | EVAL    | Phase started | scope=17/150 | batches=90 | batch_size=8 | lr=0.000244558 | device=cuda:0 | amp=True | grad_accum=1 | channels_last=True
2026-04-27 14:51:00 | INFO | EVAL    | 正在等待首个 batch | scope=17/150 | 首次可能因数据预处理、DataLoader worker 启动和 torch.compile 预热而偏慢。
2026-04-27 14:51:02 | INFO | EVAL    | 首个 batch 已就绪 | phase=eval | epoch=17 | wait_seconds=1.39
2026-04-27 14:51:28 | INFO | EVAL    | Phase finished | scope=17/150 | loss=0.5863 | final_mae=10.4487 | final_mad=8.2588 | relative_mae=10.4487 | relative_mad=8.2588 | phase_time=30.59s | data_time=25.62s | transfer_time=0.02s | compute_time=4.94s | samples_per_sec=23.31 | avg_batch_time=0.06s | min_batch_time=0.02s | max_batch_time=0.16s | gpu_peak_alloc=160.1MB | gpu_peak_reserved=1656.0MB | optimizer_steps=0
2026-04-27 14:51:28 | INFO | SYSTEM  | Learning rate updated | epoch=17/150 | scheduler=cosine | from=0.000244558 | to=0.000243759
2026-04-27 14:51:29 | INFO | SYSTEM  | Checkpoint saved | kind=last | epoch=17/150 | path=outputs/ablation_innovation_01_wo_efficientnet_b0_train_20260427_134245/model/last_checkpoint.pt
2026-04-27 14:51:29 | INFO | SYSTEM  | Epoch 17/150 finished | train_time=234.26s | eval_time=30.59s | epoch_total_time=265.17s | train_data_time=192.17s | eval_data_time=25.62s | train_transfer_time=0.16s | eval_transfer_time=0.02s | train_compute_time=41.91s | eval_compute_time=4.94s | train_samples_per_sec=23.44 | eval_samples_per_sec=23.31 | train_gpu_peak_alloc=160.2MB | eval_gpu_peak_alloc=160.1MB | train_gpu_peak_reserved=1656.0MB | eval_gpu_peak_reserved=1656.0MB | train_avg_batch_time=0.06s | eval_avg_batch_time=0.06s | train_fastest_batch=0.03s | train_slowest_batch=0.23s | eval_fastest_batch=0.02s | eval_slowest_batch=0.16s
2026-04-27 14:51:29 | INFO | SYSTEM  | Epoch 17/150 metrics | train_loss=0.5516 | val_loss=0.5863 | train_final_mae=9.9467 | val_final_mae=10.4487 | train_relative_mae=9.9467 | val_relative_mae=10.4487 | train_final_mad=7.8242 | val_final_mad=8.2588 | lr_start=0.000244558 | lr_end=0.000243759 | epoch_time=00:04:25 | total_elapsed=01:15:39 | best_updated=False
2026-04-27 14:51:29 | INFO | SYSTEM  | Checkpoint saved | kind=last(early-stop) | epoch=17/150 | path=outputs/ablation_innovation_01_wo_efficientnet_b0_train_20260427_134245/model/last_checkpoint.pt
2026-04-27 14:51:29 | INFO | SYSTEM  | Early stopping triggered | epoch=17/150 | patience=16 | min_delta=0.0100 | best_mae=10.4485
2026-04-27 14:51:30 | INFO | SYSTEM  | 开始加载最佳 checkpoint 并执行最终验证。
2026-04-27 14:51:30 | INFO | EVAL    | Phase started | scope=best-val | batches=90 | batch_size=8 | lr=0.000243759 | device=cuda:0 | amp=True | grad_accum=1 | channels_last=True
2026-04-27 14:51:30 | INFO | EVAL    | 正在等待首个 batch | scope=best-val | 首次可能因数据预处理、DataLoader worker 启动和 torch.compile 预热而偏慢。
2026-04-27 14:51:31 | INFO | EVAL    | 首个 batch 已就绪 | phase=eval | epoch=None | wait_seconds=1.39
2026-04-27 14:51:57 | INFO | EVAL    | Phase finished | scope=best-val | loss=0.5863 | final_mae=10.4485 | final_mad=8.2666 | relative_mae=10.4485 | relative_mad=8.2666 | phase_time=30.31s | data_time=25.67s | transfer_time=0.02s | compute_time=4.62s | samples_per_sec=23.52 | avg_batch_time=0.05s | min_batch_time=0.02s | max_batch_time=0.18s | gpu_peak_alloc=160.1MB | gpu_peak_reserved=1656.0MB | optimizer_steps=0
2026-04-27 14:51:57 | INFO | SYSTEM  | 开始执行 test 集评估。
2026-04-27 14:51:57 | INFO | EVAL    | Phase started | scope=test | batches=10 | batch_size=8 | lr=0.000243759 | device=cuda:0 | amp=True | grad_accum=1 | channels_last=True
2026-04-27 14:51:57 | INFO | EVAL    | 正在等待首个 batch | scope=test | 首次可能因数据预处理、DataLoader worker 启动和 torch.compile 预热而偏慢。
2026-04-27 14:51:59 | INFO | EVAL    | 首个 batch 已就绪 | phase=eval | epoch=None | wait_seconds=1.88
2026-04-27 14:52:03 | INFO | EVAL    | Phase finished | scope=test | loss=n/a | final_mae=n/a | final_mad=n/a | relative_mae=n/a | relative_mad=n/a | phase_time=6.62s | data_time=4.33s | transfer_time=0.00s | compute_time=2.29s | samples_per_sec=11.93 | avg_batch_time=0.23s | min_batch_time=0.02s | max_batch_time=1.83s | gpu_peak_alloc=792.1MB | gpu_peak_reserved=1656.0MB | optimizer_steps=0
2026-04-27 14:52:03 | INFO | SYSTEM  | 开始生成训练报告文件。
2026-04-27 14:52:10 | INFO | SYSTEM  | 训练报告生成完成。
2026-04-27 14:52:10 | INFO | SYSTEM  | 训练任务完成 | total_elapsed=01:16:25 | run_dir=outputs/ablation_innovation_01_wo_efficientnet_b0_train_20260427_134245 | best_checkpoint=outputs/ablation_innovation_01_wo_efficientnet_b0_train_20260427_134245/model/best_model.pt | last_checkpoint=outputs/ablation_innovation_01_wo_efficientnet_b0_train_20260427_134245/model/last_checkpoint.pt
