2026-04-22 20:13:26 | INFO | SYSTEM  | 训练任务开始 | run_dir=outputs/ablation_innovation_01_wo_efficientnet_b0_train_20260422_201325 | timer_source=ui | elapsed=00:00:04
2026-04-22 20:13:26 | INFO | SYSTEM  | 训练模式 | mode=fresh | checkpoint=n/a
2026-04-22 20:13:26 | INFO | SYSTEM  | Running mode: enhanced (default)
2026-04-22 20:13:26 | INFO | SYSTEM  | - SIMBA: partial
2026-04-22 20:13:26 | INFO | SYSTEM  | - BoNet: partial
2026-04-22 20:13:26 | INFO | SYSTEM  | Mode note: Engineering-enhanced multimodal framework.
2026-04-22 20:13:27 | INFO | SYSTEM  | 运行环境 | python=3.12.12 | packaged by Anaconda, Inc. | (main, Oct 21 2025, 20:16:04) [GCC 11.2.0] | executable=/home/lqw/anaconda3/envs/MyBysj/bin/python | platform=Linux-6.6.87.2-microsoft-standard-WSL2-x86_64-with-glibc2.39 | is_wsl=True | filesystem_encoding=utf-8 | preferred_encoding=UTF-8 | stdout_encoding=utf-8
2026-04-22 20:13:27 | INFO | SYSTEM  | 依赖版本 | torch=2.10.0+cu130 | torchvision=0.25.0+cu130 | torchaudio=2.10.0+cu130 | numpy=2.4.2 | pandas=3.0.0 | cuda_build=13.0 | torch_cuda_built=True | amp_available=True | compile_available=True | triton_available=True
2026-04-22 20:13:27 | INFO | SYSTEM  | 设备环境 | requested_device=cuda:0 | selected_device=cuda:0 | cuda_available=True | device_count=1 | gpus=['NVIDIA GeForce RTX 3060 Laptop GPU'] | nvidia_smi=driver=591.86 | gpus=['NVIDIA GeForce RTX 3060 Laptop GPU'] | device_nodes=['/dev/dxg'] | deterministic=False | cudnn_benchmark=True | tf32_matmul=True | tf32_cudnn=True | matmul_precision=high
2026-04-22 20:13:27 | INFO | SYSTEM  | 数据检查 | split=train | matched=5491 | missing_image=0 | missing_csv=0 | missing_roi=0 | duplicate_csv=0 | duplicate_image=0 | duplicate_roi=0 | unreadable=0
2026-04-22 20:13:27 | INFO | SYSTEM  | 数据检查 | split=val | matched=713 | missing_image=0 | missing_csv=0 | missing_roi=0 | duplicate_csv=0 | duplicate_image=0 | duplicate_roi=0 | unreadable=0
2026-04-22 20:13:27 | INFO | SYSTEM  | 数据检查 | split=test | matched=79 | missing_image=0 | missing_csv=0 | missing_roi=0 | duplicate_csv=0 | duplicate_image=0 | duplicate_roi=0 | unreadable=0
2026-04-22 20:13:27 | INFO | SYSTEM  | Image normalization | source=auto_train_stats(cache) | mean=0.58058435 | std=0.32301837 | cache=dataset/train_mean_std.json
2026-04-22 20:13:27 | INFO | SYSTEM  | 图像输入 | loader=cv2.IMREAD_GRAYSCALE | channels=1
2026-04-22 20:13:27 | INFO | SYSTEM  | 数据摘要 | split=train | matched=5491 | used=5491 | csv_columns=['ID', 'Male', 'Boneage', 'Chronological'] | sex_field=Male | chronological_field=Chronological | boneage_field=Boneage | image_ext=['.png'] | missing_target_in_used=0 | chronological_range={'min': 10.0, 'max': 242.0} | boneage_range={'min': 12.0, 'max': 228.0}
2026-04-22 20:13:27 | INFO | SYSTEM  | 数据摘要 | split=val | matched=713 | used=713 | csv_columns=['ID', 'Male', 'Boneage', 'Chronological'] | sex_field=Male | chronological_field=Chronological | boneage_field=Boneage | image_ext=['.png'] | missing_target_in_used=0 | chronological_range={'min': 11.0, 'max': 265.0} | boneage_range={'min': 12.0, 'max': 228.0}
2026-04-22 20:13:27 | INFO | SYSTEM  | 数据摘要 | split=test | matched=79 | used=79 | csv_columns=['ID', 'Male', 'Chronological'] | sex_field=Male | chronological_field=Chronological | boneage_field=None | image_ext=['.png'] | missing_target_in_used=79 | chronological_range={'min': 29.0, 'max': 201.0} | boneage_range=None
2026-04-22 20:13:27 | INFO | SYSTEM  | CONFIG SUMMARY:
2026-04-22 20:13:27 | INFO | SYSTEM  | - model type: SingleBackboneModel(resnet18)
2026-04-22 20:13:27 | INFO | SYSTEM  | - metadata mode: mlp | inputs: male, chronological
2026-04-22 20:13:27 | INFO | SYSTEM  | - structure switches: ensemble=resnet | branch=global_local | local_mode=patch_heatmap | target=relative | metadata=True(mlp;g=True,c=True) | heatmap_guidance=True | cbam=True[g=True,l=True]
2026-04-22 20:13:27 | INFO | SYSTEM  | - backbones: resnet=resnet18 | efficientnet=efficientnet_b0 | pretrained=False
2026-04-22 20:13:27 | INFO | SYSTEM  | - input modalities: grayscale_global_image, global_roi_heatmap, local_patches, local_heatmaps, roi_geometry_vector, male, chronological
2026-04-22 20:13:27 | INFO | SYSTEM  | - target type: relative_age = Boneage - Chronological -> final_boneage = Chronological + predicted_relative_age
2026-04-22 20:13:27 | INFO | SYSTEM  | - data strategy: input_size=384 | local_patch=96 | crop=bbox | crop_margin=0.0800 | sigma_ratio=0.0350 | sigma_min=8.00
2026-04-22 20:13:27 | INFO | SYSTEM  | - optimization: epochs=150 | batch=8 | grad_accum=1 | optimizer=adamw | lr=0.00025 | weight_decay=0.0005 | scheduler=cosine[factor=0.500,patience=2] | warmup_epochs=3 | amp=True | compile=True(mode=reduce-overhead) | loss=smoothl1(beta=0.5) | best_metric=mae
2026-04-22 20:13:27 | INFO | SYSTEM  | - augmentation: affine_p=0.65 | flip=False(p=0.50) | noise=False(p=0.12) | blur=False(p=0.08)
2026-04-22 20:13:27 | INFO | SYSTEM  | - dataset size: {'train': 5491, 'val': 713, 'test': 79}
2026-04-22 20:13:27 | INFO | SYSTEM  | - device: cuda:0
2026-04-22 20:13:27 | INFO | SYSTEM  | - image normalization: source=auto_train_stats(cache) mean=0.58058435 std=0.32301837
2026-04-22 20:13:27 | INFO | SYSTEM  | DataLoader | num_workers=2 | pin_memory=True | persistent_workers=True | prefetch_factor=2
2026-04-22 20:13:28 | INFO | SYSTEM  | 设备自检 | model_device=cuda:0 | probe_device=cuda:0 | current_device=0 | name=NVIDIA GeForce RTX 3060 Laptop GPU | total_memory_mb=6143 | allocated_mb=46.1 | reserved_mb=88.0
2026-04-22 20:13:28 | INFO | SYSTEM  | torch.compile requested: True
2026-04-22 20:13:28 | INFO | SYSTEM  | torch.compile available: True
2026-04-22 20:13:29 | INFO | SYSTEM  | torch.compile actually used: True
2026-04-22 20:13:29 | INFO | SYSTEM  | torch.compile details: mode=reduce-overhead | cudagraphs=True
2026-04-22 20:13:29 | INFO | SYSTEM  | Effective params | mode=enhanced | device=cuda:0 | epochs=150 | batch_size=8 | effective_batch_size=8 | optimizer=adamw | lr=0.00025 | weight_decay=0.0005 | scheduler=cosine[factor=0.500,patience=2,cooldown=0] | warmup_epochs=3 | amp=True->True | compile=True/True/True(mode=reduce-overhead) | channels_last=True | eval_interval=1 | early_stopping_patience=16 | num_workers=2 | pin_memory=True | persistent_workers=True | prefetch_factor=2 | verify_images=False | ensemble=resnet | branch=global_local | local_mode=patch_heatmap | metadata=True(mlp;g=True,c=True;inputs=male, chronological) | heatmap_guidance=True | cbam=True[g=True,l=True] | input_size=384 | local_patch_size=96 | crop=bbox(margin=0.080) | sigma=(0.0350,8.00) | target_type=relative_age = Boneage - Chronological -> final_boneage = Chronological + predicted_relative_age | normalization=(0.58058435,0.32301837,auto_train_stats(cache)) | dataset_sizes={'train': 5491, 'val': 713, 'test': 79}
2026-04-22 20:13:29 | INFO | SYSTEM  | ============================================================================================================
2026-04-22 20:13:29 | INFO | SYSTEM  | Epoch 1/150 started
2026-04-22 20:13:29 | INFO | SYSTEM  | Hyperparams | lr=0.000116667 | train_batch_size=8 | effective_train_batch_size=8 | val_batch_size=8 | test_batch_size=8 | optimizer=adamw | scheduler=cosine | weight_decay=0.0005 | loss=smoothl1(beta=0.5) | device=cuda:0 | amp=True | grad_accum=1 | grad_clip=1.0
2026-04-22 20:13:29 | INFO | TRAIN   | Phase started | scope=1/150 | batches=687 | batch_size=8 | lr=0.000116667 | device=cuda:0 | amp=True | grad_accum=1 | channels_last=True
2026-04-22 20:13:29 | INFO | TRAIN   | 正在等待首个 batch | scope=1/150 | 首次可能因数据预处理、DataLoader worker 启动和 torch.compile 预热而偏慢。
2026-04-22 20:13:30 | INFO | TRAIN   | 首个 batch 已就绪 | phase=train | epoch=1 | wait_seconds=2.30
2026-04-22 20:13:30 | INFO | TRAIN   | 首个 batch | phase=train | epoch=1 | model_device=cuda:0 | global_image=cuda:0 | local_images=cuda:0 | global_heatmap=cuda:0 | roi_vector=cuda:0
2026-04-22 20:17:50 | INFO | TRAIN   | Phase finished | scope=1/150 | loss=0.5523 | final_mae=9.9560 | final_mad=7.9141 | relative_mae=9.9560 | relative_mad=7.9141 | phase_time=286.91s | data_time=166.15s | transfer_time=0.12s | compute_time=120.62s | samples_per_sec=19.14 | avg_batch_time=0.18s | min_batch_time=0.04s | max_batch_time=40.36s | gpu_peak_alloc=1054.1MB | gpu_peak_reserved=1654.0MB | optimizer_steps=687
2026-04-22 20:17:50 | INFO | EVAL    | Phase started | scope=1/150 | batches=90 | batch_size=8 | lr=0.000116667 | device=cuda:0 | amp=True | grad_accum=1 | channels_last=True
2026-04-22 20:17:50 | INFO | EVAL    | 正在等待首个 batch | scope=1/150 | 首次可能因数据预处理、DataLoader worker 启动和 torch.compile 预热而偏慢。
2026-04-22 20:17:51 | INFO | EVAL    | 首个 batch 已就绪 | phase=eval | epoch=1 | wait_seconds=1.36
2026-04-22 20:17:51 | INFO | EVAL    | 首个 batch | phase=eval | epoch=1 | model_device=cuda:0 | global_image=cuda:0 | local_images=cuda:0 | global_heatmap=cuda:0 | roi_vector=cuda:0
2026-04-22 20:18:30 | INFO | EVAL    | Phase finished | scope=1/150 | loss=0.5869 | final_mae=10.4572 | final_mad=8.1162 | relative_mae=10.4572 | relative_mad=8.1162 | phase_time=44.79s | data_time=20.63s | transfer_time=0.02s | compute_time=24.14s | samples_per_sec=15.92 | avg_batch_time=0.27s | min_batch_time=0.01s | max_batch_time=11.80s | gpu_peak_alloc=785.6MB | gpu_peak_reserved=1658.0MB | optimizer_steps=0
2026-04-22 20:18:30 | INFO | SYSTEM  | Learning rate updated | epoch=1/150 | scheduler=warmup | from=0.000116667 | to=0.000183333
2026-04-22 20:18:38 | INFO | SYSTEM  | Best model updated | epoch=1/150 | metric=mae | value=10.4572 | path=outputs/ablation_innovation_01_wo_efficientnet_b0_train_20260422_201325/model/best_model.pt
2026-04-22 20:18:30 | INFO | SYSTEM  | Checkpoint saved | kind=last | epoch=1/150 | path=outputs/ablation_innovation_01_wo_efficientnet_b0_train_20260422_201325/model/last_checkpoint.pt
2026-04-22 20:18:30 | INFO | SYSTEM  | Epoch 1/150 finished | train_time=286.91s | eval_time=44.79s | epoch_total_time=332.37s | train_data_time=166.15s | eval_data_time=20.63s | train_transfer_time=0.12s | eval_transfer_time=0.02s | train_compute_time=120.62s | eval_compute_time=24.14s | train_samples_per_sec=19.14 | eval_samples_per_sec=15.92 | train_gpu_peak_alloc=1054.1MB | eval_gpu_peak_alloc=785.6MB | train_gpu_peak_reserved=1654.0MB | eval_gpu_peak_reserved=1658.0MB | train_avg_batch_time=0.18s | eval_avg_batch_time=0.27s | train_fastest_batch=0.04s | train_slowest_batch=40.36s | eval_fastest_batch=0.01s | eval_slowest_batch=11.80s
2026-04-22 20:18:30 | INFO | SYSTEM  | Epoch 1/150 metrics | train_loss=0.5523 | val_loss=0.5869 | train_final_mae=9.9560 | val_final_mae=10.4572 | train_relative_mae=9.9560 | val_relative_mae=10.4572 | train_final_mad=7.9141 | val_final_mad=8.1162 | lr_start=0.000116667 | lr_end=0.000183333 | epoch_time=00:05:32 | total_elapsed=00:05:38 | best_updated=True
2026-04-22 20:18:30 | INFO | SYSTEM  | ============================================================================================================
2026-04-22 20:18:30 | INFO | SYSTEM  | Epoch 2/150 started
2026-04-22 20:18:30 | INFO | SYSTEM  | Hyperparams | lr=0.000183333 | train_batch_size=8 | effective_train_batch_size=8 | val_batch_size=8 | test_batch_size=8 | optimizer=adamw | scheduler=cosine | weight_decay=0.0005 | loss=smoothl1(beta=0.5) | device=cuda:0 | amp=True | grad_accum=1 | grad_clip=1.0
2026-04-22 20:18:30 | INFO | TRAIN   | Phase started | scope=2/150 | batches=687 | batch_size=8 | lr=0.000183333 | device=cuda:0 | amp=True | grad_accum=1 | channels_last=True
2026-04-22 20:18:30 | INFO | TRAIN   | 正在等待首个 batch | scope=2/150 | 首次可能因数据预处理、DataLoader worker 启动和 torch.compile 预热而偏慢。
2026-04-22 20:18:32 | INFO | TRAIN   | 首个 batch 已就绪 | phase=train | epoch=2 | wait_seconds=1.81
2026-04-22 20:21:39 | INFO | TRAIN   | Phase finished | scope=2/150 | loss=0.5522 | final_mae=9.9533 | final_mad=7.8999 | relative_mae=9.9533 | relative_mad=7.8999 | phase_time=207.27s | data_time=164.43s | transfer_time=0.13s | compute_time=42.70s | samples_per_sec=26.49 | avg_batch_time=0.06s | min_batch_time=0.05s | max_batch_time=0.15s | gpu_peak_alloc=777.4MB | gpu_peak_reserved=1658.0MB | optimizer_steps=687
2026-04-22 20:21:39 | INFO | EVAL    | Phase started | scope=2/150 | batches=90 | batch_size=8 | lr=0.000183333 | device=cuda:0 | amp=True | grad_accum=1 | channels_last=True
2026-04-22 20:21:39 | INFO | EVAL    | 正在等待首个 batch | scope=2/150 | 首次可能因数据预处理、DataLoader worker 启动和 torch.compile 预热而偏慢。
2026-04-22 20:21:40 | INFO | EVAL    | 首个 batch 已就绪 | phase=eval | epoch=2 | wait_seconds=1.19
2026-04-22 20:22:02 | INFO | EVAL    | Phase finished | scope=2/150 | loss=0.5869 | final_mae=10.4578 | final_mad=8.1191 | relative_mae=10.4578 | relative_mad=8.1191 | phase_time=25.54s | data_time=20.99s | transfer_time=0.02s | compute_time=4.53s | samples_per_sec=27.92 | avg_batch_time=0.05s | min_batch_time=0.02s | max_batch_time=0.10s | gpu_peak_alloc=160.1MB | gpu_peak_reserved=1656.0MB | optimizer_steps=0
2026-04-22 20:22:02 | INFO | SYSTEM  | Learning rate updated | epoch=2/150 | scheduler=warmup | from=0.000183333 | to=0.00025
2026-04-22 20:22:03 | INFO | SYSTEM  | Checkpoint saved | kind=last | epoch=2/150 | path=outputs/ablation_innovation_01_wo_efficientnet_b0_train_20260422_201325/model/last_checkpoint.pt
2026-04-22 20:22:03 | INFO | SYSTEM  | Epoch 2/150 finished | train_time=207.27s | eval_time=25.54s | epoch_total_time=233.23s | train_data_time=164.43s | eval_data_time=20.99s | train_transfer_time=0.13s | eval_transfer_time=0.02s | train_compute_time=42.70s | eval_compute_time=4.53s | train_samples_per_sec=26.49 | eval_samples_per_sec=27.92 | train_gpu_peak_alloc=777.4MB | eval_gpu_peak_alloc=160.1MB | train_gpu_peak_reserved=1658.0MB | eval_gpu_peak_reserved=1656.0MB | train_avg_batch_time=0.06s | eval_avg_batch_time=0.05s | train_fastest_batch=0.05s | train_slowest_batch=0.15s | eval_fastest_batch=0.02s | eval_slowest_batch=0.10s
2026-04-22 20:22:03 | INFO | SYSTEM  | Epoch 2/150 metrics | train_loss=0.5522 | val_loss=0.5869 | train_final_mae=9.9533 | val_final_mae=10.4578 | train_relative_mae=9.9533 | val_relative_mae=10.4578 | train_final_mad=7.8999 | val_final_mad=8.1191 | lr_start=0.000183333 | lr_end=0.00025 | epoch_time=00:03:53 | total_elapsed=00:09:32 | best_updated=False
2026-04-22 20:22:03 | INFO | SYSTEM  | ============================================================================================================
2026-04-22 20:22:03 | INFO | SYSTEM  | Epoch 3/150 started
2026-04-22 20:22:03 | INFO | SYSTEM  | Hyperparams | lr=0.00025 | train_batch_size=8 | effective_train_batch_size=8 | val_batch_size=8 | test_batch_size=8 | optimizer=adamw | scheduler=cosine | weight_decay=0.0005 | loss=smoothl1(beta=0.5) | device=cuda:0 | amp=True | grad_accum=1 | grad_clip=1.0
2026-04-22 20:22:03 | INFO | TRAIN   | Phase started | scope=3/150 | batches=687 | batch_size=8 | lr=0.00025 | device=cuda:0 | amp=True | grad_accum=1 | channels_last=True
2026-04-22 20:22:03 | INFO | TRAIN   | 正在等待首个 batch | scope=3/150 | 首次可能因数据预处理、DataLoader worker 启动和 torch.compile 预热而偏慢。
2026-04-22 20:22:04 | INFO | TRAIN   | 首个 batch 已就绪 | phase=train | epoch=3 | wait_seconds=1.81
2026-04-22 20:25:11 | INFO | TRAIN   | Phase finished | scope=3/150 | loss=0.5522 | final_mae=9.9538 | final_mad=7.8760 | relative_mae=9.9538 | relative_mad=7.8760 | phase_time=206.50s | data_time=167.20s | transfer_time=0.12s | compute_time=39.16s | samples_per_sec=26.59 | avg_batch_time=0.06s | min_batch_time=0.03s | max_batch_time=0.35s | gpu_peak_alloc=160.2MB | gpu_peak_reserved=1656.0MB | optimizer_steps=687
2026-04-22 20:25:11 | INFO | EVAL    | Phase started | scope=3/150 | batches=90 | batch_size=8 | lr=0.00025 | device=cuda:0 | amp=True | grad_accum=1 | channels_last=True
2026-04-22 20:25:11 | INFO | EVAL    | 正在等待首个 batch | scope=3/150 | 首次可能因数据预处理、DataLoader worker 启动和 torch.compile 预热而偏慢。
2026-04-22 20:25:11 | INFO | EVAL    | 首个 batch 已就绪 | phase=eval | epoch=3 | wait_seconds=1.23
2026-04-22 20:25:34 | INFO | EVAL    | Phase finished | scope=3/150 | loss=0.5868 | final_mae=10.4567 | final_mad=8.1211 | relative_mae=10.4567 | relative_mad=8.1211 | phase_time=25.44s | data_time=20.63s | transfer_time=0.02s | compute_time=4.80s | samples_per_sec=28.02 | avg_batch_time=0.05s | min_batch_time=0.02s | max_batch_time=0.17s | gpu_peak_alloc=160.1MB | gpu_peak_reserved=1656.0MB | optimizer_steps=0
2026-04-22 20:25:34 | INFO | SYSTEM  | Learning rate updated | epoch=3/150 | scheduler=cosine | from=0.00025 | to=0.000249972
2026-04-22 20:25:34 | INFO | SYSTEM  | Checkpoint saved | kind=last | epoch=3/150 | path=outputs/ablation_innovation_01_wo_efficientnet_b0_train_20260422_201325/model/last_checkpoint.pt
2026-04-22 20:25:34 | INFO | SYSTEM  | Epoch 3/150 finished | train_time=206.50s | eval_time=25.44s | epoch_total_time=232.23s | train_data_time=167.20s | eval_data_time=20.63s | train_transfer_time=0.12s | eval_transfer_time=0.02s | train_compute_time=39.16s | eval_compute_time=4.80s | train_samples_per_sec=26.59 | eval_samples_per_sec=28.02 | train_gpu_peak_alloc=160.2MB | eval_gpu_peak_alloc=160.1MB | train_gpu_peak_reserved=1656.0MB | eval_gpu_peak_reserved=1656.0MB | train_avg_batch_time=0.06s | eval_avg_batch_time=0.05s | train_fastest_batch=0.03s | train_slowest_batch=0.35s | eval_fastest_batch=0.02s | eval_slowest_batch=0.17s
2026-04-22 20:25:34 | INFO | SYSTEM  | Epoch 3/150 metrics | train_loss=0.5522 | val_loss=0.5868 | train_final_mae=9.9538 | val_final_mae=10.4567 | train_relative_mae=9.9538 | val_relative_mae=10.4567 | train_final_mad=7.8760 | val_final_mad=8.1211 | lr_start=0.00025 | lr_end=0.000249972 | epoch_time=00:03:52 | total_elapsed=00:13:24 | best_updated=False
2026-04-22 20:25:34 | INFO | SYSTEM  | ============================================================================================================
2026-04-22 20:25:34 | INFO | SYSTEM  | Epoch 4/150 started
2026-04-22 20:25:34 | INFO | SYSTEM  | Hyperparams | lr=0.000249972 | train_batch_size=8 | effective_train_batch_size=8 | val_batch_size=8 | test_batch_size=8 | optimizer=adamw | scheduler=cosine | weight_decay=0.0005 | loss=smoothl1(beta=0.5) | device=cuda:0 | amp=True | grad_accum=1 | grad_clip=1.0
2026-04-22 20:25:34 | INFO | TRAIN   | Phase started | scope=4/150 | batches=687 | batch_size=8 | lr=0.000249972 | device=cuda:0 | amp=True | grad_accum=1 | channels_last=True
2026-04-22 20:25:34 | INFO | TRAIN   | 正在等待首个 batch | scope=4/150 | 首次可能因数据预处理、DataLoader worker 启动和 torch.compile 预热而偏慢。
2026-04-22 20:25:36 | INFO | TRAIN   | 首个 batch 已就绪 | phase=train | epoch=4 | wait_seconds=2.05
2026-04-22 20:28:41 | INFO | TRAIN   | Phase finished | scope=4/150 | loss=0.5520 | final_mae=9.9509 | final_mad=7.8926 | relative_mae=9.9509 | relative_mad=7.8926 | phase_time=206.47s | data_time=162.46s | transfer_time=0.12s | compute_time=43.73s | samples_per_sec=26.59 | avg_batch_time=0.06s | min_batch_time=0.04s | max_batch_time=0.33s | gpu_peak_alloc=160.2MB | gpu_peak_reserved=1656.0MB | optimizer_steps=687
2026-04-22 20:28:41 | INFO | EVAL    | Phase started | scope=4/150 | batches=90 | batch_size=8 | lr=0.000249972 | device=cuda:0 | amp=True | grad_accum=1 | channels_last=True
2026-04-22 20:28:41 | INFO | EVAL    | 正在等待首个 batch | scope=4/150 | 首次可能因数据预处理、DataLoader worker 启动和 torch.compile 预热而偏慢。
2026-04-22 20:28:43 | INFO | EVAL    | 首个 batch 已就绪 | phase=eval | epoch=4 | wait_seconds=1.21
2026-04-22 20:29:04 | INFO | EVAL    | Phase finished | scope=4/150 | loss=0.5869 | final_mae=10.4572 | final_mad=8.1162 | relative_mae=10.4572 | relative_mad=8.1162 | phase_time=24.95s | data_time=20.82s | transfer_time=0.02s | compute_time=4.11s | samples_per_sec=28.58 | avg_batch_time=0.05s | min_batch_time=0.01s | max_batch_time=0.09s | gpu_peak_alloc=160.1MB | gpu_peak_reserved=1656.0MB | optimizer_steps=0
2026-04-22 20:29:04 | INFO | SYSTEM  | Learning rate updated | epoch=4/150 | scheduler=cosine | from=0.000249972 | to=0.000249888
2026-04-22 20:29:04 | INFO | SYSTEM  | Checkpoint saved | kind=last | epoch=4/150 | path=outputs/ablation_innovation_01_wo_efficientnet_b0_train_20260422_201325/model/last_checkpoint.pt
2026-04-22 20:29:04 | INFO | SYSTEM  | Epoch 4/150 finished | train_time=206.47s | eval_time=24.95s | epoch_total_time=231.67s | train_data_time=162.46s | eval_data_time=20.82s | train_transfer_time=0.12s | eval_transfer_time=0.02s | train_compute_time=43.73s | eval_compute_time=4.11s | train_samples_per_sec=26.59 | eval_samples_per_sec=28.58 | train_gpu_peak_alloc=160.2MB | eval_gpu_peak_alloc=160.1MB | train_gpu_peak_reserved=1656.0MB | eval_gpu_peak_reserved=1656.0MB | train_avg_batch_time=0.06s | eval_avg_batch_time=0.05s | train_fastest_batch=0.04s | train_slowest_batch=0.33s | eval_fastest_batch=0.01s | eval_slowest_batch=0.09s
2026-04-22 20:29:04 | INFO | SYSTEM  | Epoch 4/150 metrics | train_loss=0.5520 | val_loss=0.5869 | train_final_mae=9.9509 | val_final_mae=10.4572 | train_relative_mae=9.9509 | val_relative_mae=10.4572 | train_final_mad=7.8926 | val_final_mad=8.1162 | lr_start=0.000249972 | lr_end=0.000249888 | epoch_time=00:03:51 | total_elapsed=00:17:16 | best_updated=False
2026-04-22 20:29:04 | INFO | SYSTEM  | ============================================================================================================
2026-04-22 20:29:04 | INFO | SYSTEM  | Epoch 5/150 started
2026-04-22 20:29:04 | INFO | SYSTEM  | Hyperparams | lr=0.000249888 | train_batch_size=8 | effective_train_batch_size=8 | val_batch_size=8 | test_batch_size=8 | optimizer=adamw | scheduler=cosine | weight_decay=0.0005 | loss=smoothl1(beta=0.5) | device=cuda:0 | amp=True | grad_accum=1 | grad_clip=1.0
2026-04-22 20:29:05 | INFO | TRAIN   | Phase started | scope=5/150 | batches=687 | batch_size=8 | lr=0.000249888 | device=cuda:0 | amp=True | grad_accum=1 | channels_last=True
2026-04-22 20:29:05 | INFO | TRAIN   | 正在等待首个 batch | scope=5/150 | 首次可能因数据预处理、DataLoader worker 启动和 torch.compile 预热而偏慢。
2026-04-22 20:29:06 | INFO | TRAIN   | 首个 batch 已就绪 | phase=train | epoch=5 | wait_seconds=1.81
2026-04-22 20:32:11 | INFO | TRAIN   | Phase finished | scope=5/150 | loss=0.5519 | final_mae=9.9473 | final_mad=7.8960 | relative_mae=9.9473 | relative_mad=7.8960 | phase_time=205.26s | data_time=164.96s | transfer_time=0.13s | compute_time=40.15s | samples_per_sec=26.75 | avg_batch_time=0.06s | min_batch_time=0.03s | max_batch_time=0.24s | gpu_peak_alloc=160.2MB | gpu_peak_reserved=1656.0MB | optimizer_steps=687
2026-04-22 20:32:11 | INFO | EVAL    | Phase started | scope=5/150 | batches=90 | batch_size=8 | lr=0.000249888 | device=cuda:0 | amp=True | grad_accum=1 | channels_last=True
2026-04-22 20:32:11 | INFO | EVAL    | 正在等待首个 batch | scope=5/150 | 首次可能因数据预处理、DataLoader worker 启动和 torch.compile 预热而偏慢。
2026-04-22 20:32:12 | INFO | EVAL    | 首个 batch 已就绪 | phase=eval | epoch=5 | wait_seconds=1.21
2026-04-22 20:32:34 | INFO | EVAL    | Phase finished | scope=5/150 | loss=0.5869 | final_mae=10.4571 | final_mad=8.1191 | relative_mae=10.4571 | relative_mad=8.1191 | phase_time=25.10s | data_time=20.60s | transfer_time=0.02s | compute_time=4.48s | samples_per_sec=28.40 | avg_batch_time=0.05s | min_batch_time=0.01s | max_batch_time=0.16s | gpu_peak_alloc=160.1MB | gpu_peak_reserved=1656.0MB | optimizer_steps=0
2026-04-22 20:32:34 | INFO | SYSTEM  | Learning rate updated | epoch=5/150 | scheduler=cosine | from=0.000249888 | to=0.000249748
2026-04-22 20:32:34 | INFO | SYSTEM  | Checkpoint saved | kind=last | epoch=5/150 | path=outputs/ablation_innovation_01_wo_efficientnet_b0_train_20260422_201325/model/last_checkpoint.pt
2026-04-22 20:32:34 | INFO | SYSTEM  | Epoch 5/150 finished | train_time=205.26s | eval_time=25.10s | epoch_total_time=230.60s | train_data_time=164.96s | eval_data_time=20.60s | train_transfer_time=0.13s | eval_transfer_time=0.02s | train_compute_time=40.15s | eval_compute_time=4.48s | train_samples_per_sec=26.75 | eval_samples_per_sec=28.40 | train_gpu_peak_alloc=160.2MB | eval_gpu_peak_alloc=160.1MB | train_gpu_peak_reserved=1656.0MB | eval_gpu_peak_reserved=1656.0MB | train_avg_batch_time=0.06s | eval_avg_batch_time=0.05s | train_fastest_batch=0.03s | train_slowest_batch=0.24s | eval_fastest_batch=0.01s | eval_slowest_batch=0.16s
2026-04-22 20:32:34 | INFO | SYSTEM  | Epoch 5/150 metrics | train_loss=0.5519 | val_loss=0.5869 | train_final_mae=9.9473 | val_final_mae=10.4571 | train_relative_mae=9.9473 | val_relative_mae=10.4571 | train_final_mad=7.8960 | val_final_mad=8.1191 | lr_start=0.000249888 | lr_end=0.000249748 | epoch_time=00:03:50 | total_elapsed=00:21:06 | best_updated=False
2026-04-22 20:32:34 | INFO | SYSTEM  | ============================================================================================================
2026-04-22 20:32:34 | INFO | SYSTEM  | Epoch 6/150 started
2026-04-22 20:32:34 | INFO | SYSTEM  | Hyperparams | lr=0.000249748 | train_batch_size=8 | effective_train_batch_size=8 | val_batch_size=8 | test_batch_size=8 | optimizer=adamw | scheduler=cosine | weight_decay=0.0005 | loss=smoothl1(beta=0.5) | device=cuda:0 | amp=True | grad_accum=1 | grad_clip=1.0
2026-04-22 20:32:34 | INFO | TRAIN   | Phase started | scope=6/150 | batches=687 | batch_size=8 | lr=0.000249748 | device=cuda:0 | amp=True | grad_accum=1 | channels_last=True
2026-04-22 20:32:34 | INFO | TRAIN   | 正在等待首个 batch | scope=6/150 | 首次可能因数据预处理、DataLoader worker 启动和 torch.compile 预热而偏慢。
2026-04-22 20:32:36 | INFO | TRAIN   | 首个 batch 已就绪 | phase=train | epoch=6 | wait_seconds=1.90
2026-04-22 20:35:42 | INFO | TRAIN   | Phase finished | scope=6/150 | loss=0.5522 | final_mae=9.9519 | final_mad=7.9170 | relative_mae=9.9519 | relative_mad=7.9170 | phase_time=206.70s | data_time=164.07s | transfer_time=0.13s | compute_time=42.48s | samples_per_sec=26.57 | avg_batch_time=0.06s | min_batch_time=0.03s | max_batch_time=0.17s | gpu_peak_alloc=160.2MB | gpu_peak_reserved=1656.0MB | optimizer_steps=687
2026-04-22 20:35:42 | INFO | EVAL    | Phase started | scope=6/150 | batches=90 | batch_size=8 | lr=0.000249748 | device=cuda:0 | amp=True | grad_accum=1 | channels_last=True
2026-04-22 20:35:42 | INFO | EVAL    | 正在等待首个 batch | scope=6/150 | 首次可能因数据预处理、DataLoader worker 启动和 torch.compile 预热而偏慢。
2026-04-22 20:35:43 | INFO | EVAL    | 首个 batch 已就绪 | phase=eval | epoch=6 | wait_seconds=1.21
2026-04-22 20:36:05 | INFO | EVAL    | Phase finished | scope=6/150 | loss=0.5869 | final_mae=10.4569 | final_mad=8.1230 | relative_mae=10.4569 | relative_mad=8.1230 | phase_time=25.31s | data_time=19.61s | transfer_time=0.02s | compute_time=5.67s | samples_per_sec=28.17 | avg_batch_time=0.06s | min_batch_time=0.01s | max_batch_time=0.17s | gpu_peak_alloc=160.1MB | gpu_peak_reserved=1656.0MB | optimizer_steps=0
2026-04-22 20:36:05 | INFO | SYSTEM  | Learning rate updated | epoch=6/150 | scheduler=cosine | from=0.000249748 | to=0.000249553
2026-04-22 20:36:05 | INFO | SYSTEM  | Checkpoint saved | kind=last | epoch=6/150 | path=outputs/ablation_innovation_01_wo_efficientnet_b0_train_20260422_201325/model/last_checkpoint.pt
2026-04-22 20:36:05 | INFO | SYSTEM  | Epoch 6/150 finished | train_time=206.70s | eval_time=25.31s | epoch_total_time=232.28s | train_data_time=164.07s | eval_data_time=19.61s | train_transfer_time=0.13s | eval_transfer_time=0.02s | train_compute_time=42.48s | eval_compute_time=5.67s | train_samples_per_sec=26.57 | eval_samples_per_sec=28.17 | train_gpu_peak_alloc=160.2MB | eval_gpu_peak_alloc=160.1MB | train_gpu_peak_reserved=1656.0MB | eval_gpu_peak_reserved=1656.0MB | train_avg_batch_time=0.06s | eval_avg_batch_time=0.06s | train_fastest_batch=0.03s | train_slowest_batch=0.17s | eval_fastest_batch=0.01s | eval_slowest_batch=0.17s
2026-04-22 20:36:05 | INFO | SYSTEM  | Epoch 6/150 metrics | train_loss=0.5522 | val_loss=0.5869 | train_final_mae=9.9519 | val_final_mae=10.4569 | train_relative_mae=9.9519 | val_relative_mae=10.4569 | train_final_mad=7.9170 | val_final_mad=8.1230 | lr_start=0.000249748 | lr_end=0.000249553 | epoch_time=00:03:52 | total_elapsed=00:24:59 | best_updated=False
2026-04-22 20:36:05 | INFO | SYSTEM  | ============================================================================================================
2026-04-22 20:36:05 | INFO | SYSTEM  | Epoch 7/150 started
2026-04-22 20:36:05 | INFO | SYSTEM  | Hyperparams | lr=0.000249553 | train_batch_size=8 | effective_train_batch_size=8 | val_batch_size=8 | test_batch_size=8 | optimizer=adamw | scheduler=cosine | weight_decay=0.0005 | loss=smoothl1(beta=0.5) | device=cuda:0 | amp=True | grad_accum=1 | grad_clip=1.0
2026-04-22 20:36:05 | INFO | TRAIN   | Phase started | scope=7/150 | batches=687 | batch_size=8 | lr=0.000249553 | device=cuda:0 | amp=True | grad_accum=1 | channels_last=True
2026-04-22 20:36:05 | INFO | TRAIN   | 正在等待首个 batch | scope=7/150 | 首次可能因数据预处理、DataLoader worker 启动和 torch.compile 预热而偏慢。
2026-04-22 20:36:14 | INFO | TRAIN   | 首个 batch 已就绪 | phase=train | epoch=7 | wait_seconds=1.76
2026-04-22 20:39:20 | INFO | TRAIN   | Phase finished | scope=7/150 | loss=0.5521 | final_mae=9.9510 | final_mad=7.9023 | relative_mae=9.9510 | relative_mad=7.9023 | phase_time=205.76s | data_time=163.96s | transfer_time=0.12s | compute_time=41.65s | samples_per_sec=26.69 | avg_batch_time=0.06s | min_batch_time=0.03s | max_batch_time=0.34s | gpu_peak_alloc=160.2MB | gpu_peak_reserved=1656.0MB | optimizer_steps=687
2026-04-22 20:39:20 | INFO | EVAL    | Phase started | scope=7/150 | batches=90 | batch_size=8 | lr=0.000249553 | device=cuda:0 | amp=True | grad_accum=1 | channels_last=True
2026-04-22 20:39:20 | INFO | EVAL    | 正在等待首个 batch | scope=7/150 | 首次可能因数据预处理、DataLoader worker 启动和 torch.compile 预热而偏慢。
2026-04-22 20:39:13 | INFO | EVAL    | 首个 batch 已就绪 | phase=eval | epoch=7 | wait_seconds=1.21
2026-04-22 20:39:35 | INFO | EVAL    | Phase finished | scope=7/150 | loss=0.5869 | final_mae=10.4577 | final_mad=8.1240 | relative_mae=10.4577 | relative_mad=8.1240 | phase_time=25.36s | data_time=20.55s | transfer_time=0.02s | compute_time=4.78s | samples_per_sec=28.12 | avg_batch_time=0.05s | min_batch_time=0.02s | max_batch_time=0.17s | gpu_peak_alloc=160.1MB | gpu_peak_reserved=1656.0MB | optimizer_steps=0
2026-04-22 20:39:35 | INFO | SYSTEM  | Learning rate updated | epoch=7/150 | scheduler=cosine | from=0.000249553 | to=0.000249301
2026-04-22 20:39:36 | INFO | SYSTEM  | Checkpoint saved | kind=last | epoch=7/150 | path=outputs/ablation_innovation_01_wo_efficientnet_b0_train_20260422_201325/model/last_checkpoint.pt
2026-04-22 20:39:36 | INFO | SYSTEM  | Epoch 7/150 finished | train_time=205.76s | eval_time=25.36s | epoch_total_time=231.39s | train_data_time=163.96s | eval_data_time=20.55s | train_transfer_time=0.12s | eval_transfer_time=0.02s | train_compute_time=41.65s | eval_compute_time=4.78s | train_samples_per_sec=26.69 | eval_samples_per_sec=28.12 | train_gpu_peak_alloc=160.2MB | eval_gpu_peak_alloc=160.1MB | train_gpu_peak_reserved=1656.0MB | eval_gpu_peak_reserved=1656.0MB | train_avg_batch_time=0.06s | eval_avg_batch_time=0.05s | train_fastest_batch=0.03s | train_slowest_batch=0.34s | eval_fastest_batch=0.02s | eval_slowest_batch=0.17s
2026-04-22 20:39:36 | INFO | SYSTEM  | Epoch 7/150 metrics | train_loss=0.5521 | val_loss=0.5869 | train_final_mae=9.9510 | val_final_mae=10.4577 | train_relative_mae=9.9510 | val_relative_mae=10.4577 | train_final_mad=7.9023 | val_final_mad=8.1240 | lr_start=0.000249553 | lr_end=0.000249301 | epoch_time=00:03:51 | total_elapsed=00:28:50 | best_updated=False
2026-04-22 20:39:36 | INFO | SYSTEM  | ============================================================================================================
2026-04-22 20:39:36 | INFO | SYSTEM  | Epoch 8/150 started
2026-04-22 20:39:36 | INFO | SYSTEM  | Hyperparams | lr=0.000249301 | train_batch_size=8 | effective_train_batch_size=8 | val_batch_size=8 | test_batch_size=8 | optimizer=adamw | scheduler=cosine | weight_decay=0.0005 | loss=smoothl1(beta=0.5) | device=cuda:0 | amp=True | grad_accum=1 | grad_clip=1.0
2026-04-22 20:39:36 | INFO | TRAIN   | Phase started | scope=8/150 | batches=687 | batch_size=8 | lr=0.000249301 | device=cuda:0 | amp=True | grad_accum=1 | channels_last=True
2026-04-22 20:39:36 | INFO | TRAIN   | 正在等待首个 batch | scope=8/150 | 首次可能因数据预处理、DataLoader worker 启动和 torch.compile 预热而偏慢。
2026-04-22 20:39:45 | INFO | TRAIN   | 首个 batch 已就绪 | phase=train | epoch=8 | wait_seconds=1.82
2026-04-22 20:42:43 | INFO | TRAIN   | Phase finished | scope=8/150 | loss=0.5521 | final_mae=9.9504 | final_mad=7.9087 | relative_mae=9.9504 | relative_mad=7.9087 | phase_time=206.62s | data_time=163.03s | transfer_time=0.13s | compute_time=43.44s | samples_per_sec=26.58 | avg_batch_time=0.06s | min_batch_time=0.03s | max_batch_time=0.25s | gpu_peak_alloc=160.2MB | gpu_peak_reserved=1656.0MB | optimizer_steps=687
2026-04-22 20:42:43 | INFO | EVAL    | Phase started | scope=8/150 | batches=90 | batch_size=8 | lr=0.000249301 | device=cuda:0 | amp=True | grad_accum=1 | channels_last=True
2026-04-22 20:42:43 | INFO | EVAL    | 正在等待首个 batch | scope=8/150 | 首次可能因数据预处理、DataLoader worker 启动和 torch.compile 预热而偏慢。
2026-04-22 20:42:45 | INFO | EVAL    | 首个 batch 已就绪 | phase=eval | epoch=8 | wait_seconds=1.22
2026-04-22 20:43:06 | INFO | EVAL    | Phase finished | scope=8/150 | loss=0.5869 | final_mae=10.4576 | final_mad=8.1260 | relative_mae=10.4576 | relative_mad=8.1260 | phase_time=25.12s | data_time=20.60s | transfer_time=0.02s | compute_time=4.50s | samples_per_sec=28.39 | avg_batch_time=0.05s | min_batch_time=0.01s | max_batch_time=0.09s | gpu_peak_alloc=160.1MB | gpu_peak_reserved=1656.0MB | optimizer_steps=0
2026-04-22 20:43:06 | INFO | SYSTEM  | Learning rate updated | epoch=8/150 | scheduler=cosine | from=0.000249301 | to=0.000248994
2026-04-22 20:43:07 | INFO | SYSTEM  | Checkpoint saved | kind=last | epoch=8/150 | path=outputs/ablation_innovation_01_wo_efficientnet_b0_train_20260422_201325/model/last_checkpoint.pt
2026-04-22 20:43:07 | INFO | SYSTEM  | Epoch 8/150 finished | train_time=206.62s | eval_time=25.12s | epoch_total_time=231.99s | train_data_time=163.03s | eval_data_time=20.60s | train_transfer_time=0.13s | eval_transfer_time=0.02s | train_compute_time=43.44s | eval_compute_time=4.50s | train_samples_per_sec=26.58 | eval_samples_per_sec=28.39 | train_gpu_peak_alloc=160.2MB | eval_gpu_peak_alloc=160.1MB | train_gpu_peak_reserved=1656.0MB | eval_gpu_peak_reserved=1656.0MB | train_avg_batch_time=0.06s | eval_avg_batch_time=0.05s | train_fastest_batch=0.03s | train_slowest_batch=0.25s | eval_fastest_batch=0.01s | eval_slowest_batch=0.09s
2026-04-22 20:43:07 | INFO | SYSTEM  | Epoch 8/150 metrics | train_loss=0.5521 | val_loss=0.5869 | train_final_mae=9.9504 | val_final_mae=10.4576 | train_relative_mae=9.9504 | val_relative_mae=10.4576 | train_final_mad=7.9087 | val_final_mad=8.1260 | lr_start=0.000249301 | lr_end=0.000248994 | epoch_time=00:03:51 | total_elapsed=00:32:42 | best_updated=False
2026-04-22 20:43:07 | INFO | SYSTEM  | ============================================================================================================
2026-04-22 20:43:07 | INFO | SYSTEM  | Epoch 9/150 started
2026-04-22 20:43:07 | INFO | SYSTEM  | Hyperparams | lr=0.000248994 | train_batch_size=8 | effective_train_batch_size=8 | val_batch_size=8 | test_batch_size=8 | optimizer=adamw | scheduler=cosine | weight_decay=0.0005 | loss=smoothl1(beta=0.5) | device=cuda:0 | amp=True | grad_accum=1 | grad_clip=1.0
2026-04-22 20:43:07 | INFO | TRAIN   | Phase started | scope=9/150 | batches=687 | batch_size=8 | lr=0.000248994 | device=cuda:0 | amp=True | grad_accum=1 | channels_last=True
2026-04-22 20:43:07 | INFO | TRAIN   | 正在等待首个 batch | scope=9/150 | 首次可能因数据预处理、DataLoader worker 启动和 torch.compile 预热而偏慢。
2026-04-22 20:43:08 | INFO | TRAIN   | 首个 batch 已就绪 | phase=train | epoch=9 | wait_seconds=1.77
2026-04-22 20:46:13 | INFO | TRAIN   | Phase finished | scope=9/150 | loss=0.5523 | final_mae=9.9529 | final_mad=7.9136 | relative_mae=9.9529 | relative_mad=7.9136 | phase_time=205.71s | data_time=163.22s | transfer_time=0.12s | compute_time=42.34s | samples_per_sec=26.69 | avg_batch_time=0.06s | min_batch_time=0.03s | max_batch_time=0.26s | gpu_peak_alloc=160.2MB | gpu_peak_reserved=1656.0MB | optimizer_steps=687
2026-04-22 20:46:13 | INFO | EVAL    | Phase started | scope=9/150 | batches=90 | batch_size=8 | lr=0.000248994 | device=cuda:0 | amp=True | grad_accum=1 | channels_last=True
2026-04-22 20:46:13 | INFO | EVAL    | 正在等待首个 batch | scope=9/150 | 首次可能因数据预处理、DataLoader worker 启动和 torch.compile 预热而偏慢。
2026-04-22 20:46:15 | INFO | EVAL    | 首个 batch 已就绪 | phase=eval | epoch=9 | wait_seconds=1.17
2026-04-22 20:46:37 | INFO | EVAL    | Phase finished | scope=9/150 | loss=0.5870 | final_mae=10.4581 | final_mad=8.1230 | relative_mae=10.4581 | relative_mad=8.1230 | phase_time=25.26s | data_time=20.78s | transfer_time=0.02s | compute_time=4.46s | samples_per_sec=28.23 | avg_batch_time=0.05s | min_batch_time=0.01s | max_batch_time=0.09s | gpu_peak_alloc=160.1MB | gpu_peak_reserved=1656.0MB | optimizer_steps=0
2026-04-22 20:46:37 | INFO | SYSTEM  | Learning rate updated | epoch=9/150 | scheduler=cosine | from=0.000248994 | to=0.000248632
2026-04-22 20:46:37 | INFO | SYSTEM  | Checkpoint saved | kind=last | epoch=9/150 | path=outputs/ablation_innovation_01_wo_efficientnet_b0_train_20260422_201325/model/last_checkpoint.pt
2026-04-22 20:46:37 | INFO | SYSTEM  | Epoch 9/150 finished | train_time=205.71s | eval_time=25.26s | epoch_total_time=231.23s | train_data_time=163.22s | eval_data_time=20.78s | train_transfer_time=0.12s | eval_transfer_time=0.02s | train_compute_time=42.34s | eval_compute_time=4.46s | train_samples_per_sec=26.69 | eval_samples_per_sec=28.23 | train_gpu_peak_alloc=160.2MB | eval_gpu_peak_alloc=160.1MB | train_gpu_peak_reserved=1656.0MB | eval_gpu_peak_reserved=1656.0MB | train_avg_batch_time=0.06s | eval_avg_batch_time=0.05s | train_fastest_batch=0.03s | train_slowest_batch=0.26s | eval_fastest_batch=0.01s | eval_slowest_batch=0.09s
2026-04-22 20:46:37 | INFO | SYSTEM  | Epoch 9/150 metrics | train_loss=0.5523 | val_loss=0.5870 | train_final_mae=9.9529 | val_final_mae=10.4581 | train_relative_mae=9.9529 | val_relative_mae=10.4581 | train_final_mad=7.9136 | val_final_mad=8.1230 | lr_start=0.000248994 | lr_end=0.000248632 | epoch_time=00:03:51 | total_elapsed=00:36:33 | best_updated=False
2026-04-22 20:46:37 | INFO | SYSTEM  | ============================================================================================================
2026-04-22 20:46:37 | INFO | SYSTEM  | Epoch 10/150 started
2026-04-22 20:46:37 | INFO | SYSTEM  | Hyperparams | lr=0.000248632 | train_batch_size=8 | effective_train_batch_size=8 | val_batch_size=8 | test_batch_size=8 | optimizer=adamw | scheduler=cosine | weight_decay=0.0005 | loss=smoothl1(beta=0.5) | device=cuda:0 | amp=True | grad_accum=1 | grad_clip=1.0
2026-04-22 20:46:37 | INFO | TRAIN   | Phase started | scope=10/150 | batches=687 | batch_size=8 | lr=0.000248632 | device=cuda:0 | amp=True | grad_accum=1 | channels_last=True
2026-04-22 20:46:37 | INFO | TRAIN   | 正在等待首个 batch | scope=10/150 | 首次可能因数据预处理、DataLoader worker 启动和 torch.compile 预热而偏慢。
2026-04-22 20:46:38 | INFO | TRAIN   | 首个 batch 已就绪 | phase=train | epoch=10 | wait_seconds=2.03
2026-04-22 20:49:45 | INFO | TRAIN   | Phase finished | scope=10/150 | loss=0.5524 | final_mae=9.9570 | final_mad=7.9219 | relative_mae=9.9570 | relative_mad=7.9219 | phase_time=207.42s | data_time=167.10s | transfer_time=0.13s | compute_time=40.18s | samples_per_sec=26.47 | avg_batch_time=0.06s | min_batch_time=0.03s | max_batch_time=0.30s | gpu_peak_alloc=160.2MB | gpu_peak_reserved=1656.0MB | optimizer_steps=687
2026-04-22 20:49:45 | INFO | EVAL    | Phase started | scope=10/150 | batches=90 | batch_size=8 | lr=0.000248632 | device=cuda:0 | amp=True | grad_accum=1 | channels_last=True
2026-04-22 20:49:45 | INFO | EVAL    | 正在等待首个 batch | scope=10/150 | 首次可能因数据预处理、DataLoader worker 启动和 torch.compile 预热而偏慢。
2026-04-22 20:49:46 | INFO | EVAL    | 首个 batch 已就绪 | phase=eval | epoch=10 | wait_seconds=1.17
2026-04-22 20:50:16 | INFO | EVAL    | Phase finished | scope=10/150 | loss=0.5869 | final_mae=10.4578 | final_mad=8.1191 | relative_mae=10.4578 | relative_mad=8.1191 | phase_time=25.28s | data_time=19.90s | transfer_time=0.02s | compute_time=5.36s | samples_per_sec=28.20 | avg_batch_time=0.06s | min_batch_time=0.01s | max_batch_time=0.16s | gpu_peak_alloc=160.1MB | gpu_peak_reserved=1656.0MB | optimizer_steps=0
2026-04-22 20:50:16 | INFO | SYSTEM  | Learning rate updated | epoch=10/150 | scheduler=cosine | from=0.000248632 | to=0.000248214
2026-04-22 20:50:08 | INFO | SYSTEM  | Checkpoint saved | kind=last | epoch=10/150 | path=outputs/ablation_innovation_01_wo_efficientnet_b0_train_20260422_201325/model/last_checkpoint.pt
2026-04-22 20:50:08 | INFO | SYSTEM  | Epoch 10/150 finished | train_time=207.42s | eval_time=25.28s | epoch_total_time=232.98s | train_data_time=167.10s | eval_data_time=19.90s | train_transfer_time=0.13s | eval_transfer_time=0.02s | train_compute_time=40.18s | eval_compute_time=5.36s | train_samples_per_sec=26.47 | eval_samples_per_sec=28.20 | train_gpu_peak_alloc=160.2MB | eval_gpu_peak_alloc=160.1MB | train_gpu_peak_reserved=1656.0MB | eval_gpu_peak_reserved=1656.0MB | train_avg_batch_time=0.06s | eval_avg_batch_time=0.06s | train_fastest_batch=0.03s | train_slowest_batch=0.30s | eval_fastest_batch=0.01s | eval_slowest_batch=0.16s
2026-04-22 20:50:08 | INFO | SYSTEM  | Epoch 10/150 metrics | train_loss=0.5524 | val_loss=0.5869 | train_final_mae=9.9570 | val_final_mae=10.4578 | train_relative_mae=9.9570 | val_relative_mae=10.4578 | train_final_mad=7.9219 | val_final_mad=8.1191 | lr_start=0.000248632 | lr_end=0.000248214 | epoch_time=00:03:52 | total_elapsed=00:40:26 | best_updated=False
2026-04-22 20:50:08 | INFO | SYSTEM  | ============================================================================================================
2026-04-22 20:50:08 | INFO | SYSTEM  | Epoch 11/150 started
2026-04-22 20:50:08 | INFO | SYSTEM  | Hyperparams | lr=0.000248214 | train_batch_size=8 | effective_train_batch_size=8 | val_batch_size=8 | test_batch_size=8 | optimizer=adamw | scheduler=cosine | weight_decay=0.0005 | loss=smoothl1(beta=0.5) | device=cuda:0 | amp=True | grad_accum=1 | grad_clip=1.0
2026-04-22 20:50:08 | INFO | TRAIN   | Phase started | scope=11/150 | batches=687 | batch_size=8 | lr=0.000248214 | device=cuda:0 | amp=True | grad_accum=1 | channels_last=True
2026-04-22 20:50:08 | INFO | TRAIN   | 正在等待首个 batch | scope=11/150 | 首次可能因数据预处理、DataLoader worker 启动和 torch.compile 预热而偏慢。
2026-04-22 20:50:10 | INFO | TRAIN   | 首个 batch 已就绪 | phase=train | epoch=11 | wait_seconds=1.78
2026-04-22 20:53:15 | INFO | TRAIN   | Phase finished | scope=11/150 | loss=0.5524 | final_mae=9.9550 | final_mad=7.9312 | relative_mae=9.9550 | relative_mad=7.9312 | phase_time=205.17s | data_time=162.72s | transfer_time=0.13s | compute_time=42.30s | samples_per_sec=26.76 | avg_batch_time=0.06s | min_batch_time=0.03s | max_batch_time=0.32s | gpu_peak_alloc=160.2MB | gpu_peak_reserved=1656.0MB | optimizer_steps=687
2026-04-22 20:53:15 | INFO | EVAL    | Phase started | scope=11/150 | batches=90 | batch_size=8 | lr=0.000248214 | device=cuda:0 | amp=True | grad_accum=1 | channels_last=True
2026-04-22 20:53:15 | INFO | EVAL    | 正在等待首个 batch | scope=11/150 | 首次可能因数据预处理、DataLoader worker 启动和 torch.compile 预热而偏慢。
2026-04-22 20:53:16 | INFO | EVAL    | 首个 batch 已就绪 | phase=eval | epoch=11 | wait_seconds=1.18
2026-04-22 20:53:38 | INFO | EVAL    | Phase finished | scope=11/150 | loss=0.5869 | final_mae=10.4577 | final_mad=8.1201 | relative_mae=10.4577 | relative_mad=8.1201 | phase_time=24.89s | data_time=20.34s | transfer_time=0.02s | compute_time=4.53s | samples_per_sec=28.65 | avg_batch_time=0.05s | min_batch_time=0.01s | max_batch_time=0.09s | gpu_peak_alloc=160.1MB | gpu_peak_reserved=1656.0MB | optimizer_steps=0
2026-04-22 20:53:38 | INFO | SYSTEM  | Learning rate updated | epoch=11/150 | scheduler=cosine | from=0.000248214 | to=0.000247741
2026-04-22 20:53:38 | INFO | SYSTEM  | Checkpoint saved | kind=last | epoch=11/150 | path=outputs/ablation_innovation_01_wo_efficientnet_b0_train_20260422_201325/model/last_checkpoint.pt
2026-04-22 20:53:38 | INFO | SYSTEM  | Epoch 11/150 finished | train_time=205.17s | eval_time=24.89s | epoch_total_time=230.29s | train_data_time=162.72s | eval_data_time=20.34s | train_transfer_time=0.13s | eval_transfer_time=0.02s | train_compute_time=42.30s | eval_compute_time=4.53s | train_samples_per_sec=26.76 | eval_samples_per_sec=28.65 | train_gpu_peak_alloc=160.2MB | eval_gpu_peak_alloc=160.1MB | train_gpu_peak_reserved=1656.0MB | eval_gpu_peak_reserved=1656.0MB | train_avg_batch_time=0.06s | eval_avg_batch_time=0.05s | train_fastest_batch=0.03s | train_slowest_batch=0.32s | eval_fastest_batch=0.01s | eval_slowest_batch=0.09s
2026-04-22 20:53:38 | INFO | SYSTEM  | Epoch 11/150 metrics | train_loss=0.5524 | val_loss=0.5869 | train_final_mae=9.9550 | val_final_mae=10.4577 | train_relative_mae=9.9550 | val_relative_mae=10.4577 | train_final_mad=7.9312 | val_final_mad=8.1201 | lr_start=0.000248214 | lr_end=0.000247741 | epoch_time=00:03:50 | total_elapsed=00:44:16 | best_updated=False
2026-04-22 20:53:38 | INFO | SYSTEM  | ============================================================================================================
2026-04-22 20:53:38 | INFO | SYSTEM  | Epoch 12/150 started
2026-04-22 20:53:38 | INFO | SYSTEM  | Hyperparams | lr=0.000247741 | train_batch_size=8 | effective_train_batch_size=8 | val_batch_size=8 | test_batch_size=8 | optimizer=adamw | scheduler=cosine | weight_decay=0.0005 | loss=smoothl1(beta=0.5) | device=cuda:0 | amp=True | grad_accum=1 | grad_clip=1.0
2026-04-22 20:53:38 | INFO | TRAIN   | Phase started | scope=12/150 | batches=687 | batch_size=8 | lr=0.000247741 | device=cuda:0 | amp=True | grad_accum=1 | channels_last=True
2026-04-22 20:53:38 | INFO | TRAIN   | 正在等待首个 batch | scope=12/150 | 首次可能因数据预处理、DataLoader worker 启动和 torch.compile 预热而偏慢。
2026-04-22 20:53:39 | INFO | TRAIN   | 首个 batch 已就绪 | phase=train | epoch=12 | wait_seconds=1.79
2026-04-22 20:56:46 | INFO | TRAIN   | Phase finished | scope=12/150 | loss=0.5526 | final_mae=9.9611 | final_mad=7.9463 | relative_mae=9.9611 | relative_mad=7.9463 | phase_time=206.96s | data_time=162.93s | transfer_time=0.13s | compute_time=43.88s | samples_per_sec=26.53 | avg_batch_time=0.06s | min_batch_time=0.03s | max_batch_time=0.33s | gpu_peak_alloc=160.2MB | gpu_peak_reserved=1656.0MB | optimizer_steps=687
2026-04-22 20:56:46 | INFO | EVAL    | Phase started | scope=12/150 | batches=90 | batch_size=8 | lr=0.000247741 | device=cuda:0 | amp=True | grad_accum=1 | channels_last=True
2026-04-22 20:56:46 | INFO | EVAL    | 正在等待首个 batch | scope=12/150 | 首次可能因数据预处理、DataLoader worker 启动和 torch.compile 预热而偏慢。
2026-04-22 20:56:47 | INFO | EVAL    | 首个 batch 已就绪 | phase=eval | epoch=12 | wait_seconds=1.17
2026-04-22 20:57:16 | INFO | EVAL    | Phase finished | scope=12/150 | loss=0.5869 | final_mae=10.4573 | final_mad=8.1230 | relative_mae=10.4573 | relative_mad=8.1230 | phase_time=24.87s | data_time=20.33s | transfer_time=0.02s | compute_time=4.53s | samples_per_sec=28.66 | avg_batch_time=0.05s | min_batch_time=0.01s | max_batch_time=0.10s | gpu_peak_alloc=160.1MB | gpu_peak_reserved=1656.0MB | optimizer_steps=0
2026-04-22 20:57:16 | INFO | SYSTEM  | Learning rate updated | epoch=12/150 | scheduler=cosine | from=0.000247741 | to=0.000247213
2026-04-22 20:57:16 | INFO | SYSTEM  | Checkpoint saved | kind=last | epoch=12/150 | path=outputs/ablation_innovation_01_wo_efficientnet_b0_train_20260422_201325/model/last_checkpoint.pt
2026-04-22 20:57:16 | INFO | SYSTEM  | Epoch 12/150 finished | train_time=206.96s | eval_time=24.87s | epoch_total_time=232.07s | train_data_time=162.93s | eval_data_time=20.33s | train_transfer_time=0.13s | eval_transfer_time=0.02s | train_compute_time=43.88s | eval_compute_time=4.53s | train_samples_per_sec=26.53 | eval_samples_per_sec=28.66 | train_gpu_peak_alloc=160.2MB | eval_gpu_peak_alloc=160.1MB | train_gpu_peak_reserved=1656.0MB | eval_gpu_peak_reserved=1656.0MB | train_avg_batch_time=0.06s | eval_avg_batch_time=0.05s | train_fastest_batch=0.03s | train_slowest_batch=0.33s | eval_fastest_batch=0.01s | eval_slowest_batch=0.10s
2026-04-22 20:57:16 | INFO | SYSTEM  | Epoch 12/150 metrics | train_loss=0.5526 | val_loss=0.5869 | train_final_mae=9.9611 | val_final_mae=10.4573 | train_relative_mae=9.9611 | val_relative_mae=10.4573 | train_final_mad=7.9463 | val_final_mad=8.1230 | lr_start=0.000247741 | lr_end=0.000247213 | epoch_time=00:03:52 | total_elapsed=00:48:09 | best_updated=False
2026-04-22 20:57:16 | INFO | SYSTEM  | ============================================================================================================
2026-04-22 20:57:16 | INFO | SYSTEM  | Epoch 13/150 started
2026-04-22 20:57:16 | INFO | SYSTEM  | Hyperparams | lr=0.000247213 | train_batch_size=8 | effective_train_batch_size=8 | val_batch_size=8 | test_batch_size=8 | optimizer=adamw | scheduler=cosine | weight_decay=0.0005 | loss=smoothl1(beta=0.5) | device=cuda:0 | amp=True | grad_accum=1 | grad_clip=1.0
2026-04-22 20:57:16 | INFO | TRAIN   | Phase started | scope=13/150 | batches=687 | batch_size=8 | lr=0.000247213 | device=cuda:0 | amp=True | grad_accum=1 | channels_last=True
2026-04-22 20:57:16 | INFO | TRAIN   | 正在等待首个 batch | scope=13/150 | 首次可能因数据预处理、DataLoader worker 启动和 torch.compile 预热而偏慢。
2026-04-22 20:57:11 | INFO | TRAIN   | 首个 batch 已就绪 | phase=train | epoch=13 | wait_seconds=2.02
2026-04-22 21:00:16 | INFO | TRAIN   | Phase finished | scope=13/150 | loss=0.5523 | final_mae=9.9530 | final_mad=7.9092 | relative_mae=9.9530 | relative_mad=7.9092 | phase_time=206.09s | data_time=161.98s | transfer_time=0.13s | compute_time=43.96s | samples_per_sec=26.64 | avg_batch_time=0.06s | min_batch_time=0.03s | max_batch_time=0.22s | gpu_peak_alloc=160.2MB | gpu_peak_reserved=1656.0MB | optimizer_steps=687
2026-04-22 21:00:16 | INFO | EVAL    | Phase started | scope=13/150 | batches=90 | batch_size=8 | lr=0.000247213 | device=cuda:0 | amp=True | grad_accum=1 | channels_last=True
2026-04-22 21:00:16 | INFO | EVAL    | 正在等待首个 batch | scope=13/150 | 首次可能因数据预处理、DataLoader worker 启动和 torch.compile 预热而偏慢。
2026-04-22 21:00:17 | INFO | EVAL    | 首个 batch 已就绪 | phase=eval | epoch=13 | wait_seconds=1.21
2026-04-22 21:00:39 | INFO | EVAL    | Phase finished | scope=13/150 | loss=0.5869 | final_mae=10.4569 | final_mad=8.1211 | relative_mae=10.4569 | relative_mad=8.1211 | phase_time=24.92s | data_time=20.26s | transfer_time=0.02s | compute_time=4.64s | samples_per_sec=28.61 | avg_batch_time=0.05s | min_batch_time=0.01s | max_batch_time=0.16s | gpu_peak_alloc=160.1MB | gpu_peak_reserved=1656.0MB | optimizer_steps=0
2026-04-22 21:00:39 | INFO | SYSTEM  | Learning rate updated | epoch=13/150 | scheduler=cosine | from=0.000247213 | to=0.000246631
2026-04-22 21:00:47 | INFO | SYSTEM  | Checkpoint saved | kind=last | epoch=13/150 | path=outputs/ablation_innovation_01_wo_efficientnet_b0_train_20260422_201325/model/last_checkpoint.pt
2026-04-22 21:00:47 | INFO | SYSTEM  | Epoch 13/150 finished | train_time=206.09s | eval_time=24.92s | epoch_total_time=231.26s | train_data_time=161.98s | eval_data_time=20.26s | train_transfer_time=0.13s | eval_transfer_time=0.02s | train_compute_time=43.96s | eval_compute_time=4.64s | train_samples_per_sec=26.64 | eval_samples_per_sec=28.61 | train_gpu_peak_alloc=160.2MB | eval_gpu_peak_alloc=160.1MB | train_gpu_peak_reserved=1656.0MB | eval_gpu_peak_reserved=1656.0MB | train_avg_batch_time=0.06s | eval_avg_batch_time=0.05s | train_fastest_batch=0.03s | train_slowest_batch=0.22s | eval_fastest_batch=0.01s | eval_slowest_batch=0.16s
2026-04-22 21:00:47 | INFO | SYSTEM  | Epoch 13/150 metrics | train_loss=0.5523 | val_loss=0.5869 | train_final_mae=9.9530 | val_final_mae=10.4569 | train_relative_mae=9.9530 | val_relative_mae=10.4569 | train_final_mad=7.9092 | val_final_mad=8.1211 | lr_start=0.000247213 | lr_end=0.000246631 | epoch_time=00:03:51 | total_elapsed=00:52:00 | best_updated=False
2026-04-22 21:00:47 | INFO | SYSTEM  | ============================================================================================================
2026-04-22 21:00:47 | INFO | SYSTEM  | Epoch 14/150 started
2026-04-22 21:00:47 | INFO | SYSTEM  | Hyperparams | lr=0.000246631 | train_batch_size=8 | effective_train_batch_size=8 | val_batch_size=8 | test_batch_size=8 | optimizer=adamw | scheduler=cosine | weight_decay=0.0005 | loss=smoothl1(beta=0.5) | device=cuda:0 | amp=True | grad_accum=1 | grad_clip=1.0
2026-04-22 21:00:47 | INFO | TRAIN   | Phase started | scope=14/150 | batches=687 | batch_size=8 | lr=0.000246631 | device=cuda:0 | amp=True | grad_accum=1 | channels_last=True
2026-04-22 21:00:47 | INFO | TRAIN   | 正在等待首个 batch | scope=14/150 | 首次可能因数据预处理、DataLoader worker 启动和 torch.compile 预热而偏慢。
2026-04-22 21:00:41 | INFO | TRAIN   | 首个 batch 已就绪 | phase=train | epoch=14 | wait_seconds=1.76
2026-04-22 21:03:45 | INFO | TRAIN   | Phase finished | scope=14/150 | loss=0.5522 | final_mae=9.9510 | final_mad=7.9209 | relative_mae=9.9510 | relative_mad=7.9209 | phase_time=205.05s | data_time=165.61s | transfer_time=0.12s | compute_time=39.29s | samples_per_sec=26.78 | avg_batch_time=0.06s | min_batch_time=0.03s | max_batch_time=0.20s | gpu_peak_alloc=160.2MB | gpu_peak_reserved=1656.0MB | optimizer_steps=687
2026-04-22 21:03:45 | INFO | EVAL    | Phase started | scope=14/150 | batches=90 | batch_size=8 | lr=0.000246631 | device=cuda:0 | amp=True | grad_accum=1 | channels_last=True
2026-04-22 21:03:45 | INFO | EVAL    | 正在等待首个 batch | scope=14/150 | 首次可能因数据预处理、DataLoader worker 启动和 torch.compile 预热而偏慢。
2026-04-22 21:03:47 | INFO | EVAL    | 首个 batch 已就绪 | phase=eval | epoch=14 | wait_seconds=1.20
2026-04-22 21:04:09 | INFO | EVAL    | Phase finished | scope=14/150 | loss=0.5869 | final_mae=10.4570 | final_mad=8.1270 | relative_mae=10.4570 | relative_mad=8.1270 | phase_time=25.27s | data_time=20.85s | transfer_time=0.02s | compute_time=4.40s | samples_per_sec=28.21 | avg_batch_time=0.05s | min_batch_time=0.02s | max_batch_time=0.10s | gpu_peak_alloc=160.1MB | gpu_peak_reserved=1656.0MB | optimizer_steps=0
2026-04-22 21:04:09 | INFO | SYSTEM  | Learning rate updated | epoch=14/150 | scheduler=cosine | from=0.000246631 | to=0.000245994
2026-04-22 21:04:09 | INFO | SYSTEM  | Checkpoint saved | kind=last | epoch=14/150 | path=outputs/ablation_innovation_01_wo_efficientnet_b0_train_20260422_201325/model/last_checkpoint.pt
2026-04-22 21:04:09 | INFO | SYSTEM  | Epoch 14/150 finished | train_time=205.05s | eval_time=25.27s | epoch_total_time=230.67s | train_data_time=165.61s | eval_data_time=20.85s | train_transfer_time=0.12s | eval_transfer_time=0.02s | train_compute_time=39.29s | eval_compute_time=4.40s | train_samples_per_sec=26.78 | eval_samples_per_sec=28.21 | train_gpu_peak_alloc=160.2MB | eval_gpu_peak_alloc=160.1MB | train_gpu_peak_reserved=1656.0MB | eval_gpu_peak_reserved=1656.0MB | train_avg_batch_time=0.06s | eval_avg_batch_time=0.05s | train_fastest_batch=0.03s | train_slowest_batch=0.20s | eval_fastest_batch=0.02s | eval_slowest_batch=0.10s
2026-04-22 21:04:09 | INFO | SYSTEM  | Epoch 14/150 metrics | train_loss=0.5522 | val_loss=0.5869 | train_final_mae=9.9510 | val_final_mae=10.4570 | train_relative_mae=9.9510 | val_relative_mae=10.4570 | train_final_mad=7.9209 | val_final_mad=8.1270 | lr_start=0.000246631 | lr_end=0.000245994 | epoch_time=00:03:50 | total_elapsed=00:55:50 | best_updated=False
2026-04-22 21:04:09 | INFO | SYSTEM  | ============================================================================================================
2026-04-22 21:04:09 | INFO | SYSTEM  | Epoch 15/150 started
2026-04-22 21:04:09 | INFO | SYSTEM  | Hyperparams | lr=0.000245994 | train_batch_size=8 | effective_train_batch_size=8 | val_batch_size=8 | test_batch_size=8 | optimizer=adamw | scheduler=cosine | weight_decay=0.0005 | loss=smoothl1(beta=0.5) | device=cuda:0 | amp=True | grad_accum=1 | grad_clip=1.0
2026-04-22 21:04:09 | INFO | TRAIN   | Phase started | scope=15/150 | batches=687 | batch_size=8 | lr=0.000245994 | device=cuda:0 | amp=True | grad_accum=1 | channels_last=True
2026-04-22 21:04:09 | INFO | TRAIN   | 正在等待首个 batch | scope=15/150 | 首次可能因数据预处理、DataLoader worker 启动和 torch.compile 预热而偏慢。
2026-04-22 21:04:10 | INFO | TRAIN   | 首个 batch 已就绪 | phase=train | epoch=15 | wait_seconds=1.77
2026-04-22 21:07:15 | INFO | TRAIN   | Phase finished | scope=15/150 | loss=0.5526 | final_mae=9.9586 | final_mad=7.8940 | relative_mae=9.9586 | relative_mad=7.8940 | phase_time=205.28s | data_time=164.43s | transfer_time=0.12s | compute_time=40.71s | samples_per_sec=26.75 | avg_batch_time=0.06s | min_batch_time=0.03s | max_batch_time=0.35s | gpu_peak_alloc=160.2MB | gpu_peak_reserved=1656.0MB | optimizer_steps=687
2026-04-22 21:07:15 | INFO | EVAL    | Phase started | scope=15/150 | batches=90 | batch_size=8 | lr=0.000245994 | device=cuda:0 | amp=True | grad_accum=1 | channels_last=True
2026-04-22 21:07:15 | INFO | EVAL    | 正在等待首个 batch | scope=15/150 | 首次可能因数据预处理、DataLoader worker 启动和 torch.compile 预热而偏慢。
2026-04-22 21:07:17 | INFO | EVAL    | 首个 batch 已就绪 | phase=eval | epoch=15 | wait_seconds=1.20
2026-04-22 21:07:38 | INFO | EVAL    | Phase finished | scope=15/150 | loss=0.5869 | final_mae=10.4575 | final_mad=8.1172 | relative_mae=10.4575 | relative_mad=8.1172 | phase_time=24.91s | data_time=20.24s | transfer_time=0.02s | compute_time=4.65s | samples_per_sec=28.62 | avg_batch_time=0.05s | min_batch_time=0.01s | max_batch_time=0.09s | gpu_peak_alloc=160.1MB | gpu_peak_reserved=1656.0MB | optimizer_steps=0
2026-04-22 21:07:38 | INFO | SYSTEM  | Learning rate updated | epoch=15/150 | scheduler=cosine | from=0.000245994 | to=0.000245303
2026-04-22 21:07:38 | INFO | SYSTEM  | Checkpoint saved | kind=last | epoch=15/150 | path=outputs/ablation_innovation_01_wo_efficientnet_b0_train_20260422_201325/model/last_checkpoint.pt
2026-04-22 21:07:38 | INFO | SYSTEM  | Epoch 15/150 finished | train_time=205.28s | eval_time=24.91s | epoch_total_time=230.44s | train_data_time=164.43s | eval_data_time=20.24s | train_transfer_time=0.12s | eval_transfer_time=0.02s | train_compute_time=40.71s | eval_compute_time=4.65s | train_samples_per_sec=26.75 | eval_samples_per_sec=28.62 | train_gpu_peak_alloc=160.2MB | eval_gpu_peak_alloc=160.1MB | train_gpu_peak_reserved=1656.0MB | eval_gpu_peak_reserved=1656.0MB | train_avg_batch_time=0.06s | eval_avg_batch_time=0.05s | train_fastest_batch=0.03s | train_slowest_batch=0.35s | eval_fastest_batch=0.01s | eval_slowest_batch=0.09s
2026-04-22 21:07:38 | INFO | SYSTEM  | Epoch 15/150 metrics | train_loss=0.5526 | val_loss=0.5869 | train_final_mae=9.9586 | val_final_mae=10.4575 | train_relative_mae=9.9586 | val_relative_mae=10.4575 | train_final_mad=7.8940 | val_final_mad=8.1172 | lr_start=0.000245994 | lr_end=0.000245303 | epoch_time=00:03:50 | total_elapsed=00:59:41 | best_updated=False
2026-04-22 21:07:38 | INFO | SYSTEM  | ============================================================================================================
2026-04-22 21:07:38 | INFO | SYSTEM  | Epoch 16/150 started
2026-04-22 21:07:38 | INFO | SYSTEM  | Hyperparams | lr=0.000245303 | train_batch_size=8 | effective_train_batch_size=8 | val_batch_size=8 | test_batch_size=8 | optimizer=adamw | scheduler=cosine | weight_decay=0.0005 | loss=smoothl1(beta=0.5) | device=cuda:0 | amp=True | grad_accum=1 | grad_clip=1.0
2026-04-22 21:07:38 | INFO | TRAIN   | Phase started | scope=16/150 | batches=687 | batch_size=8 | lr=0.000245303 | device=cuda:0 | amp=True | grad_accum=1 | channels_last=True
2026-04-22 21:07:38 | INFO | TRAIN   | 正在等待首个 batch | scope=16/150 | 首次可能因数据预处理、DataLoader worker 启动和 torch.compile 预热而偏慢。
2026-04-22 21:07:40 | INFO | TRAIN   | 首个 batch 已就绪 | phase=train | epoch=16 | wait_seconds=1.93
2026-04-22 21:10:45 | INFO | TRAIN   | Phase finished | scope=16/150 | loss=0.5520 | final_mae=9.9495 | final_mad=7.9092 | relative_mae=9.9495 | relative_mad=7.9092 | phase_time=204.71s | data_time=159.83s | transfer_time=0.13s | compute_time=44.72s | samples_per_sec=26.82 | avg_batch_time=0.07s | min_batch_time=0.03s | max_batch_time=0.26s | gpu_peak_alloc=160.2MB | gpu_peak_reserved=1656.0MB | optimizer_steps=687
2026-04-22 21:10:45 | INFO | EVAL    | Phase started | scope=16/150 | batches=90 | batch_size=8 | lr=0.000245303 | device=cuda:0 | amp=True | grad_accum=1 | channels_last=True
2026-04-22 21:10:45 | INFO | EVAL    | 正在等待首个 batch | scope=16/150 | 首次可能因数据预处理、DataLoader worker 启动和 torch.compile 预热而偏慢。
2026-04-22 21:10:45 | INFO | EVAL    | 首个 batch 已就绪 | phase=eval | epoch=16 | wait_seconds=1.18
2026-04-22 21:11:07 | INFO | EVAL    | Phase finished | scope=16/150 | loss=0.5869 | final_mae=10.4570 | final_mad=8.1230 | relative_mae=10.4570 | relative_mad=8.1230 | phase_time=24.88s | data_time=20.09s | transfer_time=0.02s | compute_time=4.77s | samples_per_sec=28.66 | avg_batch_time=0.05s | min_batch_time=0.01s | max_batch_time=0.10s | gpu_peak_alloc=160.1MB | gpu_peak_reserved=1656.0MB | optimizer_steps=0
2026-04-22 21:11:07 | INFO | SYSTEM  | Learning rate updated | epoch=16/150 | scheduler=cosine | from=0.000245303 | to=0.000244558
2026-04-22 21:11:07 | INFO | SYSTEM  | Checkpoint saved | kind=last | epoch=16/150 | path=outputs/ablation_innovation_01_wo_efficientnet_b0_train_20260422_201325/model/last_checkpoint.pt
2026-04-22 21:11:07 | INFO | SYSTEM  | Epoch 16/150 finished | train_time=204.71s | eval_time=24.88s | epoch_total_time=229.97s | train_data_time=159.83s | eval_data_time=20.09s | train_transfer_time=0.13s | eval_transfer_time=0.02s | train_compute_time=44.72s | eval_compute_time=4.77s | train_samples_per_sec=26.82 | eval_samples_per_sec=28.66 | train_gpu_peak_alloc=160.2MB | eval_gpu_peak_alloc=160.1MB | train_gpu_peak_reserved=1656.0MB | eval_gpu_peak_reserved=1656.0MB | train_avg_batch_time=0.07s | eval_avg_batch_time=0.05s | train_fastest_batch=0.03s | train_slowest_batch=0.26s | eval_fastest_batch=0.01s | eval_slowest_batch=0.10s
2026-04-22 21:11:07 | INFO | SYSTEM  | Epoch 16/150 metrics | train_loss=0.5520 | val_loss=0.5869 | train_final_mae=9.9495 | val_final_mae=10.4570 | train_relative_mae=9.9495 | val_relative_mae=10.4570 | train_final_mad=7.9092 | val_final_mad=8.1230 | lr_start=0.000245303 | lr_end=0.000244558 | epoch_time=00:03:49 | total_elapsed=01:03:31 | best_updated=False
2026-04-22 21:11:07 | INFO | SYSTEM  | ============================================================================================================
2026-04-22 21:11:07 | INFO | SYSTEM  | Epoch 17/150 started
2026-04-22 21:11:07 | INFO | SYSTEM  | Hyperparams | lr=0.000244558 | train_batch_size=8 | effective_train_batch_size=8 | val_batch_size=8 | test_batch_size=8 | optimizer=adamw | scheduler=cosine | weight_decay=0.0005 | loss=smoothl1(beta=0.5) | device=cuda:0 | amp=True | grad_accum=1 | grad_clip=1.0
2026-04-22 21:11:07 | INFO | TRAIN   | Phase started | scope=17/150 | batches=687 | batch_size=8 | lr=0.000244558 | device=cuda:0 | amp=True | grad_accum=1 | channels_last=True
2026-04-22 21:11:07 | INFO | TRAIN   | 正在等待首个 batch | scope=17/150 | 首次可能因数据预处理、DataLoader worker 启动和 torch.compile 预热而偏慢。
2026-04-22 21:11:09 | INFO | TRAIN   | 首个 batch 已就绪 | phase=train | epoch=17 | wait_seconds=1.76
2026-04-22 21:14:15 | INFO | TRAIN   | Phase finished | scope=17/150 | loss=0.5520 | final_mae=9.9493 | final_mad=7.9043 | relative_mae=9.9493 | relative_mad=7.9043 | phase_time=206.12s | data_time=163.38s | transfer_time=0.13s | compute_time=42.58s | samples_per_sec=26.64 | avg_batch_time=0.06s | min_batch_time=0.03s | max_batch_time=0.27s | gpu_peak_alloc=160.2MB | gpu_peak_reserved=1656.0MB | optimizer_steps=687
2026-04-22 21:14:15 | INFO | EVAL    | Phase started | scope=17/150 | batches=90 | batch_size=8 | lr=0.000244558 | device=cuda:0 | amp=True | grad_accum=1 | channels_last=True
2026-04-22 21:14:15 | INFO | EVAL    | 正在等待首个 batch | scope=17/150 | 首次可能因数据预处理、DataLoader worker 启动和 torch.compile 预热而偏慢。
2026-04-22 21:14:16 | INFO | EVAL    | 首个 batch 已就绪 | phase=eval | epoch=17 | wait_seconds=1.17
2026-04-22 21:14:37 | INFO | EVAL    | Phase finished | scope=17/150 | loss=0.5869 | final_mae=10.4571 | final_mad=8.1162 | relative_mae=10.4571 | relative_mad=8.1162 | phase_time=24.92s | data_time=20.72s | transfer_time=0.02s | compute_time=4.18s | samples_per_sec=28.61 | avg_batch_time=0.05s | min_batch_time=0.01s | max_batch_time=0.09s | gpu_peak_alloc=160.1MB | gpu_peak_reserved=1656.0MB | optimizer_steps=0
2026-04-22 21:14:37 | INFO | SYSTEM  | Learning rate updated | epoch=17/150 | scheduler=cosine | from=0.000244558 | to=0.000243759
2026-04-22 21:14:38 | INFO | SYSTEM  | Checkpoint saved | kind=last | epoch=17/150 | path=outputs/ablation_innovation_01_wo_efficientnet_b0_train_20260422_201325/model/last_checkpoint.pt
2026-04-22 21:14:38 | INFO | SYSTEM  | Epoch 17/150 finished | train_time=206.12s | eval_time=24.92s | epoch_total_time=231.30s | train_data_time=163.38s | eval_data_time=20.72s | train_transfer_time=0.13s | eval_transfer_time=0.02s | train_compute_time=42.58s | eval_compute_time=4.18s | train_samples_per_sec=26.64 | eval_samples_per_sec=28.61 | train_gpu_peak_alloc=160.2MB | eval_gpu_peak_alloc=160.1MB | train_gpu_peak_reserved=1656.0MB | eval_gpu_peak_reserved=1656.0MB | train_avg_batch_time=0.06s | eval_avg_batch_time=0.05s | train_fastest_batch=0.03s | train_slowest_batch=0.27s | eval_fastest_batch=0.01s | eval_slowest_batch=0.09s
2026-04-22 21:14:38 | INFO | SYSTEM  | Epoch 17/150 metrics | train_loss=0.5520 | val_loss=0.5869 | train_final_mae=9.9493 | val_final_mae=10.4571 | train_relative_mae=9.9493 | val_relative_mae=10.4571 | train_final_mad=7.9043 | val_final_mad=8.1162 | lr_start=0.000244558 | lr_end=0.000243759 | epoch_time=00:03:51 | total_elapsed=01:07:22 | best_updated=False
2026-04-22 21:14:38 | INFO | SYSTEM  | Checkpoint saved | kind=last(early-stop) | epoch=17/150 | path=outputs/ablation_innovation_01_wo_efficientnet_b0_train_20260422_201325/model/last_checkpoint.pt
2026-04-22 21:14:38 | INFO | SYSTEM  | Early stopping triggered | epoch=17/150 | patience=16 | min_delta=0.0100 | best_mae=10.4572
2026-04-22 21:14:38 | INFO | SYSTEM  | 开始加载最佳 checkpoint 并执行最终验证。
2026-04-22 21:14:38 | INFO | EVAL    | Phase started | scope=best-val | batches=90 | batch_size=8 | lr=0.000243759 | device=cuda:0 | amp=True | grad_accum=1 | channels_last=True
2026-04-22 21:14:38 | INFO | EVAL    | 正在等待首个 batch | scope=best-val | 首次可能因数据预处理、DataLoader worker 启动和 torch.compile 预热而偏慢。
2026-04-22 21:14:39 | INFO | EVAL    | 首个 batch 已就绪 | phase=eval | epoch=None | wait_seconds=1.17
2026-04-22 21:15:08 | INFO | EVAL    | Phase finished | scope=best-val | loss=0.5869 | final_mae=10.4572 | final_mad=8.1162 | relative_mae=10.4572 | relative_mad=8.1162 | phase_time=24.35s | data_time=19.67s | transfer_time=0.04s | compute_time=4.64s | samples_per_sec=29.28 | avg_batch_time=0.05s | min_batch_time=0.02s | max_batch_time=0.09s | gpu_peak_alloc=160.1MB | gpu_peak_reserved=1656.0MB | optimizer_steps=0
2026-04-22 21:15:00 | INFO | SYSTEM  | 开始执行 test 集评估。
2026-04-22 21:15:00 | INFO | EVAL    | Phase started | scope=test | batches=10 | batch_size=8 | lr=0.000243759 | device=cuda:0 | amp=True | grad_accum=1 | channels_last=True
2026-04-22 21:15:00 | INFO | EVAL    | 正在等待首个 batch | scope=test | 首次可能因数据预处理、DataLoader worker 启动和 torch.compile 预热而偏慢。
2026-04-22 21:15:02 | INFO | EVAL    | 首个 batch 已就绪 | phase=eval | epoch=None | wait_seconds=1.65
2026-04-22 21:15:06 | INFO | EVAL    | Phase finished | scope=test | loss=n/a | final_mae=n/a | final_mad=n/a | relative_mae=n/a | relative_mad=n/a | phase_time=6.17s | data_time=3.89s | transfer_time=0.00s | compute_time=2.28s | samples_per_sec=12.80 | avg_batch_time=0.23s | min_batch_time=0.02s | max_batch_time=1.90s | gpu_peak_alloc=792.1MB | gpu_peak_reserved=1656.0MB | optimizer_steps=0
2026-04-22 21:15:06 | INFO | SYSTEM  | 开始生成训练报告文件。
2026-04-22 21:15:18 | INFO | SYSTEM  | 训练报告生成完成。
2026-04-22 21:15:18 | INFO | SYSTEM  | 训练任务完成 | total_elapsed=01:07:58 | run_dir=outputs/ablation_innovation_01_wo_efficientnet_b0_train_20260422_201325 | best_checkpoint=outputs/ablation_innovation_01_wo_efficientnet_b0_train_20260422_201325/model/best_model.pt | last_checkpoint=outputs/ablation_innovation_01_wo_efficientnet_b0_train_20260422_201325/model/last_checkpoint.pt
